#auto generated file!
12.0;87;80;78;76;81;78;73;92;74;81
18.0;89;81;77;76;83;77;74;90;73;80
24.0;87;82;79;79;81;81;72;87;72;80
30.0;87;83;81;79;83;81;73;85;69;79
36.0;86;84;83;76;83;83;74;82;71;78
42.0;89;84;82;77;81;83;72;84;68;80
48.0;90;85;84;77;80;83;73;84;66;78
54.0;89;88;85;78;80;82;73;87;64;74
60.0;92;91;86;74;80;82;72;89;60;74
66.0;93;87;89;74;79;84;70;88;61;75
72.0;94;91;86;72;81;81;67;90;63;75
78.0;97;90;85;72;83;81;67;89;59;77
84.0;96;93;86;74;84;83;63;87;60;74
90.0;96;94;86;74;85;82;61;87;62;73
96.0;93;94;88;75;84;86;60;88;61;71
102.0;93;96;88;77;85;85;60;84;59;73
108.0;93;97;88;78;85;84;62;84;58;71
114.0;92;98;90;77;85;84;63;84;58;69
120.0;90;98;88;75;86;90;59;87;60;67
126.0;89;96;86;77;86;90;58;87;61;70
132.0;89;95;85;76;84;91;59;87;63;71
138.0;90;97;86;76;83;89;58;88;63;70
144.0;92;99;87;76;84;90;56;83;63;70
150.0;90;99;85;78;85;88;55;84;62;74
156.0;91;99;85;81;84;88;53;83;62;74
162.0;90;100;85;80;85;88;51;83;63;75
168.0;94;100;86;75;85;92;50;82;62;74
174.0;95;101;83;74;87;92;51;81;62;74
180.0;95;100;83;75;86;93;53;83;59;73
186.0;96;98;88;73;88;93;52;82;60;70
192.0;97;97;88;77;85;94;50;82;59;71
198.0;97;98;86;78;85;93;52;81;58;72
204.0;97;98;86;77;87;93;54;81;58;69
210.0;96;96;86;76;89;95;55;78;58;71
216.0;94;99;87;78;89;94;53;80;56;70
222.0;92;100;86;77;88;96;53;82;58;68
228.0;92;100;85;78;88;96;54;82;58;67
234.0;94;100;86;75;90;97;55;80;56;67
240.0;94;99;87;76;91;97;55;80;55;66
246.0;94;96;88;77;90;99;56;81;55;64
252.0;91;98;88;77;90;98;57;83;55;63
258.0;90;96;86;77;88;100;58;85;55;65
264.0;89;98;84;79;90;100;59;84;55;62
270.0;90;99;82;80;90;100;60;83;55;61
276.0;90;101;83;79;91;99;61;82;54;60
282.0;90;99;82;80;90;96;62;81;56;64
288.0;92;101;83;81;87;96;63;78;53;66
294.0;94;101;79;78;88;93;59;78;59;71
300.0;95;100;80;78;89;96;58;77;58;69
306.0;95;101;80;76;89;96;60;75;58;70
312.0;95;100;79;78;87;96;62;73;59;71
318.0;96;100;81;76;87;96;62;76;56;70
324.0;96;102;81;76;90;95;62;77;53;68
330.0;97;99;83;74;91;99;61;76;53;67
336.0;98;99;82;74;91;99;62;75;53;67
342.0;99;97;84;72;91;102;61;74;52;68
348.0;99;99;83;71;92;102;63;73;51;67
354.0;102;100;82;75;93;99;65;73;48;63
360.0;102;100;81;75;91;102;67;73;48;61
366.0;102;100;81;76;92;100;69;69;49;62
372.0;102;99;84;78;93;100;68;67;49;60
378.0;104;100;81;79;92;98;66;69;49;62
384.0;104;103;82;79;90;100;67;66;49;60
390.0;102;105;81;78;93;102;68;65;47;59
396.0;102;108;82;81;93;99;66;64;46;59
402.0;102;110;83;81;93;99;65;62;47;58
408.0;104;112;83;80;93;95;65;61;49;58
414.0;105;111;84;80;94;95;62;62;50;57
420.0;105;111;81;82;94;96;60;58;51;62
426.0;107;111;79;83;94;99;58;58;50;61
432.0;106;112;80;81;95;99;60;59;49;59
438.0;107;111;80;82;96;99;61;56;49;59
444.0;106;112;82;84;95;100;60;53;50;58
450.0;105;113;81;85;95;101;60;51;53;56
456.0;106;109;83;87;95;100;58;51;54;57
462.0;104;110;84;87;92;98;59;54;57;55
468.0;103;112;87;86;92;97;58;56;56;53
474.0;104;113;89;85;91;97;57;55;57;52
480.0;103;115;90;85;92;97;58;53;56;51
486.0;103;114;91;85;89;100;57;55;56;50
492.0;106;115;92;83;89;102;53;55;55;50
498.0;108;112;92;86;87;105;54;54;52;50
504.0;106;112;92;89;86;102;56;56;51;50
510.0;107;113;91;88;85;105;55;55;53;48
516.0;107;113;93;89;88;105;53;51;53;48
522.0;108;115;92;88;86;102;52;55;53;49
528.0;111;115;91;88;87;102;48;58;52;48
534.0;112;117;91;85;86;102;47;60;53;47
540.0;112;115;94;86;86;99;48;62;51;47
546.0;112;113;95;86;85;98;49;63;53;46
552.0;113;114;92;90;83;98;47;62;55;46
558.0;112;115;93;92;83;97;46;63;55;44
564.0;112;116;91;92;83;98;45;63;54;46
570.0;115;117;90;92;83;100;47;60;52;44
576.0;114;119;88;94;82;102;49;59;50;43
582.0;117;119;92;90;82;100;49;59;49;43
588.0;118;119;92;91;81;99;48;57;50;45
594.0;118;121;92;91;82;98;47;55;52;44
600.0;120;122;94;90;83;96;47;52;52;44
606.0;118;122;94;92;85;94;46;49;55;45
612.0;116;122;90;93;86;94;47;51;55;46
618.0;117;125;88;93;86;94;47;51;53;46
624.0;115;124;88;92;86;94;49;51;53;48
630.0;115;125;88;92;88;93;48;51;54;46
636.0;117;124;89;91;88;95;51;49;54;42
642.0;115;126;91;91;90;95;52;45;51;44
648.0;118;124;88;89;92;98;53;43;51;44
654.0;117;126;87;89;97;99;48;42;51;44
660.0;118;125;85;93;99;98;47;42;51;42
666.0;118;127;84;92;99;99;47;42;47;45
672.0;120;127;82;94;100;97;44;42;48;46
678.0;120;128;81;94;98;96;46;45;44;48
684.0;120;128;78;91;99;98;47;46;46;47
690.0;118;127;78;92;100;100;46;45;47;47
696.0;117;127;79;91;101;99;47;44;47;48
702.0;117;129;80;91;100;100;44;46;46;47
708.0;117;131;79;93;101;100;43;46;44;46
714.0;116;130;80;95;101;97;40;46;48;47
720.0;116;130;81;93;102;97;40;44;48;49
726.0;115;131;82;92;101;96;39;46;48;50
732.0;117;133;82;96;99;98;39;45;45;46
738.0;118;129;85;98;98;96;39;45;47;45
744.0;119;127;85;99;98;93;40;46;47;46
750.0;119;126;88;100;96;92;40;46;46;47
756.0;117;124;83;101;101;92;40;46;48;48
762.0;119;124;81;103;102;89;39;46;47;50
768.0;121;121;79;101;102;89;40;49;47;51
774.0;119;120;78;102;104;90;42;49;46;50
780.0;119;122;78;100;105;91;43;48;44;50
786.0;119;123;77;100;104;92;45;46;43;51
792.0;119;123;78;101;102;95;42;45;44;51
798.0;115;124;78;102;100;94;44;46;45;52
804.0;115;124;78;102;103;94;43;44;44;53
810.0;113;123;79;100;107;94;40;46;44;54
816.0;114;125;80;99;107;91;41;47;44;52
822.0;117;126;81;99;105;94;39;45;43;51
828.0;117;127;81;99;106;94;40;45;42;49
834.0;116;128;82;101;105;97;40;44;41;46
840.0;117;126;81;101;107;99;38;43;39;49
846.0;117;126;78;100;109;102;37;43;41;47
852.0;116;123;80;99;109;102;38;44;42;47
858.0;114;124;78;100;110;104;38;45;40;47
864.0;113;124;77;99;109;104;39;48;41;46
870.0;113;125;81;95;108;103;39;47;43;46
876.0;113;125;82;95;110;103;38;47;44;43
882.0;115;127;81;95;107;103;39;48;42;43
888.0;115;127;82;94;107;98;41;48;43;45
894.0;114;130;81;92;106;98;41;51;42;45
900.0;115;127;81;92;105;99;42;52;42;45
906.0;116;127;82;91;106;102;40;52;41;43
912.0;115;130;81;92;104;101;36;54;41;46
918.0;115;129;82;93;101;101;36;57;42;44
924.0;115;128;83;92;104;102;35;57;40;44
930.0;117;130;82;91;103;104;35;55;39;44
936.0;117;132;85;87;104;101;36;56;38;44
942.0;116;134;85;89;104;99;35;54;37;47
948.0;116;132;83;90;106;99;35;53;40;46
954.0;116;132;86;88;105;98;35;52;41;47
960.0;114;131;85;89;106;97;37;53;42;46
966.0;113;132;85;87;106;99;37;53;42;46
972.0;111;131;83;84;108;99;39;56;40;49
978.0;111;131;82;84;112;97;38;55;40;50
984.0;108;133;86;85;112;97;39;52;39;49
990.0;110;127;85;85;115;98;38;54;40;48
996.0;110;126;86;84;114;98;38;54;41;49
1002.0;110;125;85;84;114;99;39;52;43;49
1008.0;110;127;84;85;116;98;37;52;43;48
1014.0;109;127;84;86;117;99;36;52;44;46
1020.0;108;130;81;86;116;100;36;53;43;47
1026.0;107;131;80;88;116;98;36;52;46;46
1032.0;108;133;80;89;116;97;34;50;46;47
1038.0;110;135;79;92;116;93;32;51;46;46
1044.0;113;134;81;91;114;94;32;52;46;43
1050.0;111;135;81;90;113;96;35;50;47;42
1056.0;112;135;81;91;111;94;36;52;46;42
1062.0;108;134;84;91;112;92;38;50;47;44
1068.0;107;134;84;91;113;91;41;50;43;46
1074.0;109;134;84;88;110;92;42;51;45;45
1080.0;106;135;83;91;111;93;43;51;47;40
1086.0;108;135;82;92;111;95;42;52;43;40
1092.0;109;134;82;95;108;94;43;51;43;41
1098.0;112;135;81;95;110;92;40;50;41;44
1104.0;111;133;82;96;111;91;41;50;41;44
1110.0;112;132;82;98;111;89;42;50;42;42
1116.0;113;132;81;99;111;87;40;51;44;42
1122.0;115;130;83;99;111;88;39;48;43;44
1128.0;116;131;85;97;111;88;37;50;45;40
1134.0;114;132;86;98;108;87;36;50;46;43
1140.0;117;130;85;98;105;88;37;49;47;44
1146.0;118;131;88;98;99;88;37;48;49;44
1152.0;117;131;87;96;99;86;38;48;52;46
1158.0;117;130;87;96;99;86;37;50;52;46
1164.0;117;129;88;97;99;89;35;51;48;47
1170.0;116;127;86;97;98;90;36;54;47;49
1176.0;115;126;90;95;98;90;36;56;47;47
1182.0;114;126;89;97;97;90;36;60;46;45
1188.0;114;126;89;97;95;92;38;58;46;45
1194.0;114;126;86;98;95;90;39;58;52;42
1200.0;113;125;83;101;95;89;39;58;53;44
1206.0;111;125;84;100;97;91;40;56;53;43
1212.0;110;123;84;101;100;88;41;55;55;43
1218.0;109;125;84;104;99;87;40;54;54;44
1224.0;109;123;84;104;99;87;40;56;53;45
1230.0;111;126;84;105;99;88;42;54;52;39
1236.0;111;125;85;105;99;88;42;53;53;39
1242.0;108;124;86;106;97;85;44;57;52;41
1248.0;107;123;87;107;96;86;43;59;53;39
1254.0;107;124;86;107;94;86;43;57;53;43
1260.0;109;126;85;105;93;86;44;57;49;46
1266.0;110;124;84;104;93;87;42;53;53;50
1272.0;111;124;82;106;91;87;44;52;52;51
1278.0;112;125;83;106;89;86;46;52;50;51
1284.0;112;124;81;108;90;84;46;53;50;52
1290.0;112;122;80;109;88;85;45;54;51;54
1296.0;113;123;80;109;89;84;46;54;51;51
1302.0;112;124;82;107;88;85;45;58;50;49
1308.0;113;125;82;106;87;85;44;59;50;49
1314.0;112;124;82;105;86;86;46;61;48;50
1320.0;112;124;82;104;87;87;45;61;47;51
1326.0;109;123;80;106;86;89;46;61;47;53
1332.0;109;123;81;106;87;90;48;57;47;52
1338.0;106;124;86;106;87;89;48;56;48;50
1344.0;107;124;86;104;88;86;48;56;51;50
1350.0;105;125;89;103;88;88;47;58;46;51
1356.0;109;125;88;103;88;86;48;56;47;50
1362.0;109;125;86;101;88;87;52;53;45;54
1368.0;109;125;87;98;89;88;52;53;46;53
1374.0;109;124;86;97;89;89;52;54;48;52
1380.0;112;124;85;97;85;88;52;56;50;51
1386.0;112;123;88;95;84;89;53;56;51;49
1392.0;113;124;86;96;87;87;55;56;47;49
1398.0;113;123;86;97;88;88;54;55;47;49
1404.0;113;121;87;95;86;91;52;55;50;50
1410.0;116;122;84;93;87;91;51;56;50;50
1416.0;117;122;89;92;89;91;47;53;49;51
1422.0;118;121;86;91;92;89;49;51;53;50
1428.0;118;120;84;91;91;92;47;53;53;51
1434.0;116;121;85;92;93;91;46;51;50;55
1440.0;117;119;87;91;94;92;48;49;50;53
1446.0;116;120;88;91;92;92;50;49;50;52
1452.0;118;120;86;92;95;95;50;47;46;51
1458.0;117;120;87;92;95;92;47;48;47;55
1464.0;118;118;86;93;94;93;46;49;46;57
1470.0;115;117;87;88;98;93;48;50;46;58
1476.0;115;119;87;88;98;92;49;50;45;57
1482.0;116;119;87;90;97;92;48;51;47;53
1488.0;121;122;86;88;100;87;50;49;46;51
1494.0;121;125;84;86;102;86;52;48;44;52
1500.0;123;125;83;84;102;85;52;49;44;53
1506.0;124;124;84;83;103;85;50;48;45;54
1512.0;122;124;84;86;103;86;48;48;44;55
1518.0;124;121;84;88;106;86;47;48;43;53
1524.0;122;121;85;86;109;85;45;46;44;57
1530.0;123;125;82;86;110;83;45;45;45;56
1536.0;122;125;82;88;110;83;44;46;44;56
1542.0;122;125;83;87;109;83;44;47;45;55
1548.0;126;126;85;86;106;83;44;46;46;52
1554.0;126;127;84;87;106;82;45;46;47;50
1560.0;130;128;83;83;107;81;45;45;47;51
1566.0;129;129;83;82;109;83;42;45;46;52
1572.0;128;128;83;81;111;81;44;44;46;54
1578.0;127;130;81;82;110;81;46;45;43;55
1584.0;126;131;85;81;109;82;46;44;42;54
1590.0;127;130;85;81;110;80;46;45;42;54
1596.0;129;128;86;82;109;80;44;47;41;54
1602.0;127;128;84;83;108;81;46;48;41;54
1608.0;126;130;82;81;107;82;46;51;41;54
1614.0;127;133;81;79;104;84;47;49;40;56
1620.0;126;135;81;81;104;86;48;49;38;52
1626.0;125;135;80;84;102;87;46;50;38;53
1632.0;127;136;79;85;99;85;47;49;39;54
1638.0;125;136;81;86;100;83;45;50;41;53
1644.0;125;136;79;88;98;85;45;52;40;52
1650.0;125;136;77;90;97;85;44;53;42;51
1656.0;124;137;78;91;100;81;45;51;43;50
1662.0;124;135;79;94;98;82;46;51;43;48
1668.0;122;136;80;94;98;81;47;51;43;48
1674.0;122;137;81;98;97;79;46;52;43;45
1680.0;124;137;81;98;96;78;47;51;43;45
1686.0;124;138;84;98;95;76;43;53;43;46
1692.0;124;137;83;98;97;79;45;52;42;43
1698.0;125;136;84;98;94;79;44;54;42;44
1704.0;127;133;84;97;96;79;44;54;42;44
1710.0;127;135;85;100;96;78;44;50;42;43
1716.0;126;135;84;100;97;75;45;54;44;40
1722.0;127;137;83;100;97;75;48;53;40;40
1728.0;128;135;83;98;94;77;49;54;41;41
1734.0;129;136;84;99;96;76;46;54;40;40
1740.0;131;136;83;99;95;76;45;54;41;40
1746.0;130;134;84;98;97;76;44;55;42;40
1752.0;130;135;85;98;96;77;46;50;43;40
1758.0;131;135;87;101;94;75;43;50;44;40
1764.0;133;136;87;100;92;74;44;48;46;40
1770.0;132;136;89;97;90;76;44;50;46;40
1776.0;135;136;89;98;87;74;45;52;44;40
1782.0;135;135;89;96;90;73;45;54;45;38
1788.0;135;135;90;95;94;72;44;50;47;38
1794.0;136;135;90;94;94;69;43;51;48;40
