#auto generated file!
6.0;0.0;0.0;0.0
12.0;1.0125;0.0;0.0
18.0;8.0;0.0;0.0
24.0;19.0625;0.0;0.0
30.0;52.1875;0.0;0.2772222222222222
36.0;90.3875;0.0;3.0122222222222224
42.0;91.475;0.0;8.755555555555556
48.0;92.775;0.0;14.351111111111111
54.0;90.7375;0.0;19.715
60.0;93.0;0.0;25.211111111111112
66.0;94.4625;0.0;28.361666666666668
72.0;92.675;0.0;30.37
78.0;94.375;0.0;30.93722222222222
84.0;91.5;0.0;30.225
90.0;90.5125;0.0;28.891666666666666
96.0;90.5625;0.0;27.196666666666665
102.0;91.5625;0.0;26.69333333333333
108.0;89.5875;0.0;25.20388888888889
114.0;91.2375;0.0;25.31111111111111
120.0;91.2125;0.0;22.865555555555556
126.0;91.1625;0.0;22.93722222222222
132.0;88.95;0.0;22.95888888888889
138.0;91.375;0.0;24.329444444444444
144.0;92.55;0.0;27.59722222222222
150.0;90.8625;0.0;28.175
156.0;89.475;0.0;27.735
162.0;92.825;0.0;26.322777777777777
168.0;90.375;0.0;26.712222222222223
174.0;87.725;0.0;23.259444444444444
180.0;90.3;0.0;21.25777777777778
186.0;91.0375;0.0;21.555
192.0;88.6625;0.0;19.462222222222223
198.0;86.9125;0.0;18.68888888888889
204.0;90.5625;0.0;17.18
210.0;87.775;0.0;16.995
216.0;91.8125;0.0;19.711111111111112
222.0;90.8875;0.0;23.212222222222223
228.0;89.75;0.0;24.983888888888888
234.0;89.6;0.0;25.47
240.0;91.575;0.0;24.932777777777776
246.0;86.2125;0.0;22.94
252.0;88.4375;0.0;22.079444444444444
258.0;87.4375;0.0;19.93611111111111
264.0;86.775;0.0;18.35333333333333
270.0;83.35;0.0;16.341666666666665
276.0;87.675;0.0;14.862222222222222
282.0;90.9375;0.0;14.616666666666667
288.0;88.8125;0.0;16.349444444444444
294.0;91.625;0.0;20.163333333333334
300.0;90.5375;0.0;21.654444444444444
306.0;91.575;0.0;25.357222222222223
312.0;93.425;0.0;26.900555555555556
318.0;87.1625;0.0;26.023333333333333
324.0;89.25;0.0;23.791666666666668
330.0;88.0125;0.0;22.558888888888887
336.0;86.5;0.0;20.064444444444444
342.0;87.5125;0.0;18.04111111111111
348.0;88.525;0.0;17.209444444444443
354.0;86.9375;0.0;16.16
360.0;86.575;0.0;16.33111111111111
366.0;89.475;0.0;16.41611111111111
372.0;88.825;0.0;20.177222222222223
378.0;90.1875;0.0;22.24277777777778
384.0;87.325;0.0;20.659444444444443
390.0;90.9125;0.0;22.515555555555554
396.0;89.6625;0.0;24.218888888888888
402.0;87.7375;0.0;23.59722222222222
408.0;89.2375;0.0;22.25722222222222
414.0;87.65;0.0;20.69
420.0;88.1375;0.0;19.783333333333335
426.0;84.75;0.0;18.27888888888889
432.0;84.6;0.0;16.171666666666667
438.0;88.7;0.0;16.375555555555554
444.0;88.6625;0.0;16.755
450.0;90.4125;0.0;19.13222222222222
456.0;88.875;0.0;19.76388888888889
462.0;85.5875;0.0;19.335
468.0;90.875;0.0;20.295555555555556
474.0;91.6375;0.0;22.933333333333334
480.0;89.7625;0.0;25.113888888888887
486.0;90.725;0.0;23.691111111111113
492.0;90.575;0.0;22.79222222222222
498.0;89.4125;0.0;21.675
504.0;85.6;0.0;19.138333333333332
510.0;86.0;0.0;17.949444444444445
516.0;86.275;0.0;15.58388888888889
522.0;85.2375;0.0;14.720555555555556
528.0;82.7875;0.0;15.549444444444445
534.0;87.275;0.0;15.12111111111111
540.0;85.55;0.0;14.022777777777778
546.0;88.1625;0.0;18.025555555555556
552.0;88.65;0.0;17.78
558.0;87.3375;0.0;17.816111111111113
564.0;90.5875;0.0;19.627222222222223
570.0;90.275;0.0;20.248333333333335
576.0;87.7375;0.0;16.767222222222223
582.0;84.025;0.0;13.750555555555556
588.0;81.1375;0.0;12.335555555555555
594.0;82.0625;0.0;11.803333333333333
600.0;88.3125;0.0;13.171111111111111
606.0;87.5875;0.0;13.114444444444445
612.0;89.3875;0.0;16.746666666666666
618.0;88.9375;0.0;18.135
624.0;89.1;0.0;20.755555555555556
630.0;89.6;0.0;24.361666666666668
636.0;87.2625;0.0;22.691666666666666
642.0;92.6;0.0;24.61111111111111
648.0;88.4375;0.0;22.944444444444443
654.0;90.6625;0.0;23.765
660.0;86.6875;0.0;20.4
666.0;83.8375;0.0;17.16111111111111
672.0;86.0125;0.0;14.413333333333334
678.0;86.3;0.0;14.41611111111111
684.0;87.975;0.0;16.241666666666667
690.0;87.2875;0.0;16.266111111111112
696.0;87.8;0.0;17.384444444444444
702.0;90.7625;0.0;21.00777777777778
708.0;90.2125;0.0;23.83111111111111
714.0;90.6375;0.0;23.406666666666666
720.0;85.525;0.0;21.766111111111112
726.0;86.8125;0.0;18.96
732.0;86.7625;0.0;17.85611111111111
738.0;89.5;0.0;16.911666666666665
744.0;82.525;0.0;14.758333333333333
750.0;87.8;0.0;13.460555555555555
756.0;90.2625;0.0;14.769444444444444
762.0;91.8375;0.0;15.767222222222221
768.0;89.775;0.0;18.663333333333334
774.0;91.275;0.0;20.872222222222224
780.0;90.0625;0.0;22.391666666666666
786.0;89.5875;0.0;22.612222222222222
792.0;88.95;0.0;21.92222222222222
798.0;88.0;0.0;20.70388888888889
804.0;93.1125;0.0;22.203333333333333
810.0;87.5;0.0;20.62
816.0;87.0375;0.0;18.636111111111113
822.0;87.025;0.0;16.72277777777778
828.0;91.1625;0.0;17.523888888888887
834.0;87.1125;0.0;18.085
840.0;85.4125;0.0;17.33277777777778
846.0;87.7125;0.0;14.54
852.0;89.9375;0.0;16.84888888888889
858.0;89.8375;0.0;17.767777777777777
864.0;90.8;0.0;22.04388888888889
870.0;85.725;0.0;22.75722222222222
876.0;83.775;0.0;22.90222222222222
882.0;86.3375;0.0;21.325555555555557
888.0;88.55;0.0;21.788333333333334
894.0;86.025;0.0;19.752777777777776
900.0;89.325;0.0;18.598333333333333
906.0;82.1375;0.0;16.094444444444445
912.0;82.825;0.0;14.403333333333334
918.0;85.15;0.0;14.431111111111111
924.0;78.5375;0.0;13.384444444444444
930.0;81.3375;0.0;12.88888888888889
936.0;90.15;0.0;15.86
942.0;89.0625;0.0;18.53388888888889
948.0;92.975;0.0;21.842777777777776
954.0;88.975;0.0;23.19333333333333
960.0;88.7375;0.0;21.86777777777778
966.0;88.85;0.0;22.38
972.0;89.8125;0.0;20.680555555555557
978.0;87.2875;0.0;17.82777777777778
984.0;83.75;0.0;15.164444444444445
990.0;82.2875;0.0;14.105
996.0;86.2125;0.0;12.591111111111111
1002.0;84.625;0.0;11.795555555555556
1008.0;85.0375;0.0;14.832777777777778
1014.0;87.8;0.0;13.607777777777779
1020.0;88.1375;0.0;16.13388888888889
1026.0;87.0375;0.0;16.32777777777778
1032.0;89.1375;0.0;20.20722222222222
1038.0;93.025;0.0;22.17111111111111
1044.0;85.7375;0.0;20.90222222222222
1050.0;85.725;0.0;18.239444444444445
1056.0;83.625;0.0;16.164444444444445
1062.0;81.9625;0.0;15.533333333333333
1068.0;80.775;0.0;13.979444444444445
1074.0;76.8125;0.0;11.855555555555556
1080.0;79.5;0.0;9.613888888888889
1086.0;88.5125;0.0;14.606111111111112
1092.0;86.425;0.0;14.284444444444444
1098.0;87.5375;0.0;17.438333333333333
1104.0;88.55;0.0;15.632777777777777
1110.0;89.6;0.0;20.236666666666668
1116.0;89.0375;0.0;21.448333333333334
1122.0;87.95;0.0;21.33222222222222
1128.0;90.2125;0.0;21.04611111111111
1134.0;88.125;0.0;19.852777777777778
1140.0;91.4375;0.0;20.308333333333334
1146.0;86.9;0.0;18.92
1152.0;85.3625;0.0;17.572222222222223
1158.0;84.5875;0.0;17.225555555555555
1164.0;84.95;0.0;15.178888888888888
1170.0;89.625;0.0;15.096666666666666
1176.0;83.15;0.0;16.500555555555554
1182.0;89.2625;0.0;15.067222222222222
1188.0;89.575;0.0;18.161666666666665
1194.0;87.3;0.0;19.774444444444445
1200.0;86.5875;0.0;19.572777777777777
1206.0;88.375;0.0;22.586666666666666
1212.0;85.6;0.0;20.145555555555557
1218.0;83.45;0.0;18.662222222222223
1224.0;85.8375;0.0;15.341111111111111
1230.0;88.8625;0.0;16.296666666666667
1236.0;88.8125;0.0;15.495555555555555
1242.0;85.4;0.0;14.925
1248.0;83.2375;0.0;13.504444444444445
1254.0;89.2125;0.0;13.717777777777778
1260.0;89.2625;0.0;14.802222222222222
1266.0;90.6875;0.0;17.316666666666666
1272.0;91.6125;0.0;19.965555555555557
1278.0;92.3875;0.0;22.83388888888889
1284.0;91.6125;0.0;25.31388888888889
1290.0;89.1875;0.0;23.471666666666668
1296.0;88.5125;0.0;20.441666666666666
1302.0;87.8125;0.0;18.604444444444443
1308.0;86.3625;0.0;16.327222222222222
1314.0;87.05;0.0;15.692222222222222
1320.0;88.8;0.0;14.899444444444445
1326.0;90.525;0.0;14.118333333333334
1332.0;90.05;0.0;15.475
1338.0;89.875;0.0;17.509444444444444
1344.0;90.85;0.0;19.323333333333334
1350.0;91.1375;0.0;22.301111111111112
1356.0;89.1875;0.0;24.209444444444443
1362.0;88.95;0.0;24.015555555555554
1368.0;89.8;0.0;22.65388888888889
1374.0;87.5125;0.0;20.57
1380.0;87.9625;0.0;19.245555555555555
1386.0;88.3;0.0;18.671666666666667
1392.0;89.7125;0.0;16.59722222222222
1398.0;85.6625;0.0;15.922777777777778
1404.0;86.75;0.0;17.13111111111111
1410.0;89.7875;0.0;16.970555555555556
1416.0;87.65;0.0;17.91722222222222
1422.0;86.7;0.0;20.20888888888889
1428.0;90.225;0.0;23.24888888888889
1434.0;88.5125;0.0;23.88222222222222
1440.0;88.225;0.0;22.433888888888887
1446.0;85.5375;0.0;20.237222222222222
1452.0;85.9625;0.0;17.822222222222223
1458.0;86.8375;0.0;16.125
1464.0;83.4375;0.0;15.431666666666667
1470.0;86.925;0.0;13.956111111111111
1476.0;88.775;0.0;15.287777777777778
1482.0;85.0375;0.0;14.685
1488.0;79.7125;0.0;12.623888888888889
1494.0;84.0625;0.0;14.562222222222223
1500.0;80.7875;0.0;17.590555555555557
1506.0;86.775;0.0;18.843333333333334
1512.0;90.55;0.0;19.034444444444443
1518.0;89.2625;0.0;20.19611111111111
1524.0;89.4625;0.0;20.738333333333333
1530.0;87.3;0.0;20.39611111111111
1536.0;87.8125;0.0;20.447777777777777
1542.0;86.1125;0.0;19.893333333333334
1548.0;83.0875;0.0;18.036666666666665
1554.0;83.875;0.0;16.07777777777778
1560.0;80.9375;0.0;13.997777777777777
1566.0;84.775;0.0;12.897777777777778
1572.0;84.9625;0.0;12.935
1578.0;87.3;0.0;11.838888888888889
1584.0;87.125;0.0;13.921666666666667
1590.0;85.8625;0.0;15.897222222222222
1596.0;90.3375;0.0;17.83222222222222
1602.0;88.4875;0.0;19.39611111111111
1608.0;91.25;0.0;21.356666666666666
1614.0;87.075;0.0;19.782777777777778
1620.0;85.0;0.0;16.966666666666665
1626.0;84.925;0.0;15.009444444444444
1632.0;83.725;0.0;12.762222222222222
1638.0;89.3875;0.0;12.755
1644.0;86.7125;0.0;13.82611111111111
1650.0;92.1375;0.0;15.25
1656.0;87.05;0.0;17.336666666666666
1662.0;90.6375;0.0;19.071666666666665
1668.0;90.6;0.0;20.259444444444444
1674.0;92.475;0.0;24.225
1680.0;88.85;0.0;22.643333333333334
1686.0;87.6;0.0;22.88111111111111
1692.0;86.3125;0.0;20.203333333333333
1698.0;88.875;0.0;17.836111111111112
1704.0;86.7;0.0;16.255555555555556
1710.0;87.8875;0.0;15.008888888888889
1716.0;89.95;0.0;14.174444444444445
1722.0;89.3125;0.0;14.074444444444444
1728.0;89.35;0.0;16.163333333333334
1734.0;92.1625;0.0;18.926666666666666
1740.0;90.6875;0.0;21.581666666666667
1746.0;87.625;0.0;21.405
1752.0;90.9625;0.0;20.13722222222222
1758.0;88.675;0.0;21.466666666666665
1764.0;90.125;0.0;23.29222222222222
1770.0;87.675;0.0;22.683888888888887
1776.0;87.8875;0.0;20.09888888888889
1782.0;85.25;0.0;18.022777777777776
1788.0;83.9375;0.0;15.086666666666666
1794.0;84.425;0.0;13.849444444444444
