#auto generated file!
6.0;0.0;0.0;0.0
12.0;0.0;0.0;0.22777777777777777
18.0;0.7125;0.0;2.1455555555555557
24.0;1.325;0.0;5.78
30.0;4.6;0.0;9.027222222222223
36.0;8.65;0.0;13.006666666666666
42.0;15.5375;0.0;17.75722222222222
48.0;20.575;0.0;22.067777777777778
54.0;44.525;0.0;25.615555555555556
60.0;74.475;0.0;29.15
66.0;100.625;0.0;31.084444444444443
72.0;105.825;0.0;30.409444444444443
78.0;106.05;0.0;30.59111111111111
84.0;104.8875;0.0;28.942777777777778
90.0;101.475;0.0;27.751666666666665
96.0;106.075;0.0;27.041666666666668
102.0;103.975;0.0;26.07111111111111
108.0;100.05;0.0;26.80611111111111
114.0;98.275;0.0;27.346666666666668
120.0;99.0625;0.0;27.996111111111112
126.0;100.8625;0.0;28.291666666666668
132.0;108.625;0.0;28.726666666666667
138.0;104.3;0.0;29.983888888888888
144.0;103.75;0.0;30.700555555555557
150.0;111.375;0.0;31.57111111111111
156.0;111.425;0.0;30.96388888888889
162.0;108.775;0.0;30.41611111111111
168.0;105.35;0.0;29.942222222222224
174.0;103.025;0.0;29.815555555555555
180.0;101.8125;0.0;28.933888888888887
186.0;95.175;0.0;28.352222222222224
192.0;90.075;0.0;26.718888888888888
198.0;92.0125;0.0;26.641666666666666
204.0;89.725;0.0;26.01388888888889
210.0;93.575;0.0;27.153333333333332
216.0;97.0125;0.0;29.001666666666665
222.0;103.0;0.0;30.56
228.0;108.75;0.0;31.324444444444445
234.0;110.6625;0.0;33.202222222222225
240.0;108.125;0.0;32.86055555555556
246.0;101.725;0.0;31.360555555555557
252.0;99.75;0.0;29.412777777777777
258.0;95.6375;0.0;27.412777777777777
264.0;90.75;0.0;26.370555555555555
270.0;87.5;0.0;25.990555555555556
276.0;83.95;0.0;25.20722222222222
282.0;82.25;0.0;25.907222222222224
288.0;84.4;0.0;28.00777777777778
294.0;88.125;0.0;29.67
300.0;96.7875;0.0;30.65222222222222
306.0;99.0125;0.0;32.339444444444446
312.0;102.2875;0.0;32.37
318.0;103.5;0.0;31.337222222222223
324.0;96.0;0.0;30.247777777777777
330.0;98.8625;0.0;28.631666666666668
336.0;100.6;0.0;27.427777777777777
342.0;96.125;0.0;26.165555555555557
348.0;91.1;0.0;26.262777777777778
354.0;90.4;0.0;26.865555555555556
360.0;85.625;0.0;27.47222222222222
366.0;87.9625;0.0;27.836111111111112
372.0;93.725;0.0;29.121666666666666
378.0;100.9;0.0;30.43
384.0;102.225;0.0;32.153333333333336
390.0;111.55;0.0;31.952222222222222
396.0;111.975;0.0;31.758333333333333
402.0;110.5875;0.0;30.086111111111112
408.0;109.6875;0.0;27.803333333333335
414.0;104.1125;0.0;27.499444444444446
420.0;93.125;0.0;26.755555555555556
426.0;84.2;0.0;26.280555555555555
432.0;79.35;0.0;26.215555555555557
438.0;75.35;0.0;26.488888888888887
444.0;76.65;0.0;28.118333333333332
450.0;79.175;0.0;28.523888888888887
456.0;80.55;0.0;29.025
462.0;81.975;0.0;30.580555555555556
468.0;85.625;0.0;31.56111111111111
474.0;92.275;0.0;32.022777777777776
480.0;88.225;0.0;32.14277777777778
486.0;89.025;0.0;29.73
492.0;91.25;0.0;27.310555555555556
498.0;91.1;0.0;26.567777777777778
504.0;85.3625;0.0;26.592222222222222
510.0;82.8375;0.0;26.362222222222222
516.0;77.975;0.0;26.825555555555557
522.0;78.325;0.0;27.140555555555554
528.0;77.1625;0.0;27.815
534.0;75.875;0.0;29.602777777777778
540.0;80.05;0.0;31.455
546.0;88.325;0.0;31.28611111111111
552.0;92.8375;0.0;31.60388888888889
558.0;97.575;0.0;31.711666666666666
564.0;100.65;0.0;30.505
570.0;96.375;0.0;29.781666666666666
576.0;92.0375;0.0;28.04611111111111
582.0;83.6375;0.0;27.25888888888889
588.0;80.45;0.0;26.130555555555556
594.0;84.625;0.0;26.255555555555556
600.0;88.6875;0.0;26.893333333333334
606.0;91.0375;0.0;27.573888888888888
612.0;88.4125;0.0;27.61722222222222
618.0;84.9875;0.0;28.765555555555554
624.0;86.725;0.0;31.295
630.0;89.8;0.0;31.930555555555557
636.0;94.1375;0.0;32.99111111111111
642.0;93.4625;0.0;31.75888888888889
648.0;94.575;0.0;30.317222222222224
654.0;89.525;0.0;28.563333333333333
660.0;88.45;0.0;27.791666666666668
666.0;83.75;0.0;25.904444444444444
672.0;77.875;0.0;25.12611111111111
678.0;72.15;0.0;25.33277777777778
684.0;66.775;0.0;26.503333333333334
690.0;67.475;0.0;27.975
696.0;71.05;0.0;29.664444444444445
702.0;72.775;0.0;31.61277777777778
708.0;75.275;0.0;32.157222222222224
714.0;77.6625;0.0;32.92166666666667
720.0;82.0625;0.0;32.30277777777778
726.0;85.7375;0.0;30.970555555555556
732.0;87.2;0.0;27.998333333333335
738.0;84.0875;0.0;26.48611111111111
744.0;82.2125;0.0;25.72888888888889
750.0;79.425;0.0;25.608888888888888
756.0;76.775;0.0;26.413333333333334
762.0;69.95;0.0;28.138333333333332
768.0;69.675;0.0;28.66777777777778
774.0;67.575;0.0;30.735
780.0;72.3125;0.0;31.45111111111111
786.0;77.875;0.0;32.21055555555556
792.0;84.975;0.0;31.879444444444445
798.0;89.925;0.0;31.04888888888889
804.0;95.725;0.0;29.876666666666665
810.0;93.8;0.0;27.912777777777777
816.0;91.875;0.0;26.933888888888887
822.0;91.65;0.0;26.745
828.0;82.525;0.0;27.415555555555557
834.0;75.3625;0.0;28.872777777777777
840.0;68.8375;0.0;28.960555555555555
846.0;65.55;0.0;29.025555555555556
852.0;71.325;0.0;28.773333333333333
858.0;79.0125;0.0;30.002777777777776
864.0;81.75;0.0;30.983888888888888
870.0;82.575;0.0;31.215
876.0;87.225;0.0;31.86
882.0;90.625;0.0;31.02888888888889
888.0;90.075;0.0;30.220555555555556
894.0;84.175;0.0;29.295555555555556
900.0;80.35;0.0;27.42888888888889
906.0;77.525;0.0;27.57
912.0;78.3375;0.0;26.086666666666666
918.0;77.8625;0.0;25.819444444444443
924.0;75.025;0.0;26.35333333333333
930.0;74.85;0.0;27.77
936.0;76.2125;0.0;28.706666666666667
942.0;79.975;0.0;29.765555555555554
948.0;83.825;0.0;32.26722222222222
954.0;85.375;0.0;32.998333333333335
960.0;83.775;0.0;32.983333333333334
966.0;81.35;0.0;31.122222222222224
972.0;80.75;0.0;28.427777777777777
978.0;77.8375;0.0;26.559444444444445
984.0;77.025;0.0;25.900555555555556
990.0;75.7875;0.0;25.85388888888889
996.0;73.3;0.0;26.030555555555555
1002.0;74.7625;0.0;26.261111111111113
1008.0;73.275;0.0;28.065
1014.0;73.05;0.0;30.08
1020.0;74.3;0.0;31.935555555555556
1026.0;77.5;0.0;33.78888888888889
1032.0;85.675;0.0;33.75333333333333
1038.0;91.525;0.0;32.32833333333333
1044.0;93.5;0.0;31.426111111111112
1050.0;90.425;0.0;29.30611111111111
1056.0;93.05;0.0;26.502777777777776
1062.0;86.125;0.0;25.39
1068.0;85.9125;0.0;24.91
1074.0;81.125;0.0;26.05666666666667
1080.0;78.375;0.0;27.285
1086.0;74.95;0.0;28.32888888888889
1092.0;75.4;0.0;29.120555555555555
1098.0;72.7875;0.0;30.448333333333334
1104.0;74.8125;0.0;31.392777777777777
1110.0;77.2;0.0;30.807222222222222
1116.0;80.6125;0.0;31.503333333333334
1122.0;84.9;0.0;29.650555555555556
1128.0;85.65;0.0;28.57611111111111
1134.0;81.175;0.0;27.144444444444446
1140.0;80.2;0.0;27.102222222222224
1146.0;73.5;0.0;27.030555555555555
1152.0;69.125;0.0;26.45277777777778
1158.0;68.275;0.0;27.319444444444443
1164.0;75.75;0.0;27.993333333333332
1170.0;81.5;0.0;28.633333333333333
1176.0;82.4;0.0;29.169444444444444
1182.0;81.725;0.0;30.523888888888887
1188.0;81.475;0.0;31.740555555555556
1194.0;87.625;0.0;31.90388888888889
1200.0;89.525;0.0;31.926111111111112
1206.0;88.9;0.0;29.55666666666667
1212.0;87.5625;0.0;27.805
1218.0;86.7375;0.0;27.038888888888888
1224.0;83.0125;0.0;27.114444444444445
1230.0;79.05;0.0;26.963333333333335
1236.0;75.8625;0.0;26.45888888888889
1242.0;76.9375;0.0;26.906111111111112
1248.0;76.525;0.0;27.214444444444446
1254.0;77.7625;0.0;29.29111111111111
1260.0;73.075;0.0;30.915555555555557
1266.0;76.625;0.0;31.70277777777778
1272.0;77.025;0.0;32.288333333333334
1278.0;82.0625;0.0;32.592777777777776
1284.0;84.3625;0.0;31.720555555555556
1290.0;85.8625;0.0;30.01222222222222
1296.0;87.6875;0.0;29.00888888888889
1302.0;82.8125;0.0;26.875555555555554
1308.0;76.3125;0.0;26.65388888888889
1314.0;72.1;0.0;26.511666666666667
1320.0;68.3;0.0;26.409444444444443
1326.0;73.2875;0.0;26.856666666666666
1332.0;70.65;0.0;27.717777777777776
1338.0;72.4125;0.0;29.54222222222222
1344.0;73.075;0.0;31.64
1350.0;77.1;0.0;33.324444444444445
1356.0;78.1625;0.0;32.91444444444444
1362.0;80.2875;0.0;31.559444444444445
1368.0;87.1375;0.0;30.105555555555554
1374.0;85.5875;0.0;28.621666666666666
1380.0;75.95;0.0;27.758333333333333
1386.0;68.75;0.0;27.201666666666668
1392.0;68.325;0.0;25.232777777777777
1398.0;65.75;0.0;26.670555555555556
1404.0;66.625;0.0;27.32611111111111
1410.0;64.4625;0.0;29.391111111111112
1416.0;66.075;0.0;30.47277777777778
1422.0;67.875;0.0;30.927222222222223
1428.0;67.575;0.0;32.17
1434.0;73.425;0.0;33.355
1440.0;78.925;0.0;33.13166666666667
1446.0;77.85;0.0;29.99222222222222
1452.0;82.4375;0.0;27.183333333333334
1458.0;79.6375;0.0;26.04888888888889
1464.0;76.4375;0.0;25.20111111111111
1470.0;70.9;0.0;25.037222222222223
1476.0;69.8;0.0;26.426111111111112
1482.0;72.5;0.0;27.35388888888889
1488.0;69.3625;0.0;29.371666666666666
1494.0;61.4875;0.0;30.02166666666667
1500.0;67.6625;0.0;31.389444444444443
1506.0;71.3;0.0;32.21611111111111
1512.0;69.15;0.0;31.783333333333335
1518.0;73.725;0.0;30.95777777777778
1524.0;75.55;0.0;29.66888888888889
1530.0;77.15;0.0;28.552777777777777
1536.0;72.875;0.0;27.227777777777778
1542.0;72.775;0.0;27.672777777777778
1548.0;69.5875;0.0;28.81
1554.0;63.6;0.0;28.97
1560.0;67.1125;0.0;28.93611111111111
1566.0;69.975;0.0;27.951666666666668
1572.0;73.1;0.0;28.142222222222223
1578.0;72.1;0.0;29.446666666666665
1584.0;76.55;0.0;31.645
1590.0;77.75;0.0;30.955
1596.0;88.5;0.0;30.663888888888888
1602.0;94.6;0.0;31.283333333333335
1608.0;94.55;0.0;30.361666666666668
1614.0;88.775;0.0;28.72277777777778
1620.0;83.55;0.0;27.83277777777778
1626.0;78.475;0.0;27.107777777777777
1632.0;70.825;0.0;26.266666666666666
1638.0;66.7875;0.0;26.689444444444444
1644.0;62.4;0.0;26.81111111111111
1650.0;60.775;0.0;27.75
1656.0;67.15;0.0;29.024444444444445
1662.0;72.675;0.0;30.409444444444443
1668.0;76.0;0.0;32.943333333333335
1674.0;77.2625;0.0;34.13722222222222
1680.0;76.05;0.0;34.14055555555556
1686.0;73.9;0.0;31.83
1692.0;70.025;0.0;29.046666666666667
1698.0;67.875;0.0;27.198333333333334
1704.0;66.575;0.0;26.605
1710.0;62.575;0.0;26.12388888888889
1716.0;59.55;0.0;26.077222222222222
1722.0;57.7;0.0;26.485
1728.0;64.4625;0.0;28.548333333333332
1734.0;68.9;0.0;31.064444444444444
1740.0;72.1375;0.0;32.59
1746.0;82.05;0.0;33.970555555555556
1752.0;83.3;0.0;34.11666666666667
1758.0;81.975;0.0;33.17
1764.0;85.9;0.0;30.276666666666667
1770.0;85.675;0.0;28.24222222222222
1776.0;90.725;0.0;25.935555555555556
1782.0;83.275;0.0;25.96611111111111
1788.0;81.325;0.0;26.397222222222222
1794.0;75.4625;0.0;26.892777777777777
