#auto generated file!
6.0;0.0;0.0;0.0
12.0;0.15;0.0;0.15
18.0;1.2875;0.0;1.266
24.0;4.225;0.0;2.837
30.0;8.3625;0.0;4.647
36.0;12.9375;0.0;7.674
42.0;23.4625;0.0;9.587
48.0;32.425;0.0;12.567
54.0;47.35;0.0;15.128
60.0;62.3875;0.0;18.073
66.0;70.175;0.0;20.72
72.0;70.3375;0.0;21.95
78.0;75.2375;0.0;23.1
84.0;75.9875;0.0;23.47
90.0;75.225;0.0;21.62
96.0;71.375;0.0;20.304
102.0;70.2125;0.0;19.193
108.0;63.9;0.0;18.498
114.0;62.5125;0.0;19.327
120.0;63.6;0.0;18.285
126.0;60.7125;0.0;19.276
132.0;60.9125;0.0;20.348
138.0;63.4875;0.0;21.964
144.0;70.9625;0.0;23.09
150.0;75.5625;0.0;22.968
156.0;76.6625;0.0;23.574
162.0;76.9;0.0;23.422
168.0;73.65;0.0;22.561
174.0;70.4375;0.0;21.793
180.0;61.6;0.0;20.264
186.0;54.525;0.0;19.677
192.0;49.0875;0.0;18.451
198.0;48.8375;0.0;17.886
204.0;47.4;0.0;18.344
210.0;47.8625;0.0;19.479
216.0;51.3125;0.0;21.136
222.0;53.9875;0.0;22.583
228.0;60.8625;0.0;24.649
234.0;62.7;0.0;23.559
240.0;69.2375;0.0;23.575
246.0;69.975;0.0;22.617
252.0;66.175;0.0;21.263
258.0;59.975;0.0;19.671
264.0;54.1875;0.0;19.519
270.0;49.2875;0.0;18.527
276.0;46.275;0.0;17.986
282.0;40.0125;0.0;17.93
288.0;37.775;0.0;18.808
294.0;37.6625;0.0;19.876
300.0;42.7125;0.0;21.761
306.0;48.4875;0.0;22.264
312.0;48.4;0.0;23.093
318.0;53.2875;0.0;24.07
324.0;58.35;0.0;23.446
330.0;57.775;0.0;21.284
336.0;51.4;0.0;20.044
342.0;47.7875;0.0;18.878
348.0;37.7625;0.0;17.834
354.0;34.125;0.0;17.533
360.0;34.8875;0.0;18.17
366.0;34.1125;0.0;18.835
372.0;36.8375;0.0;20.173
378.0;40.9625;0.0;21.453
384.0;44.5875;0.0;22.654
390.0;47.4125;0.0;22.436
396.0;49.075;0.0;23.079
402.0;52.625;0.0;22.611
408.0;53.8;0.0;21.803
414.0;53.175;0.0;21.236
420.0;47.4875;0.0;20.795
426.0;41.9;0.0;20.404
432.0;34.85;0.0;19.318
438.0;32.7375;0.0;18.553
444.0;24.275;0.0;18.975
450.0;24.6125;0.0;18.64
456.0;26.4625;0.0;20.927
462.0;33.9;0.0;22.403
468.0;36.875;0.0;23.598
474.0;41.2875;0.0;24.413
480.0;47.85;0.0;23.78
486.0;45.075;0.0;22.818
492.0;40.95;0.0;21.282
498.0;41.2375;0.0;19.91
504.0;40.9375;0.0;18.815
510.0;38.125;0.0;18.298
516.0;39.0625;0.0;17.523
522.0;35.5375;0.0;18.401
528.0;35.9125;0.0;19.04
534.0;33.8625;0.0;20.015
540.0;34.275;0.0;21.629
546.0;36.575;0.0;22.58
552.0;43.2375;0.0;23.579
558.0;48.0;0.0;23.889
564.0;53.8625;0.0;23.621
570.0;54.4375;0.0;23.023
576.0;52.4;0.0;21.926
582.0;49.6375;0.0;20.22
588.0;46.2125;0.0;19.475
594.0;42.025;0.0;18.406
600.0;40.925;0.0;18.229
606.0;39.9625;0.0;18.495
612.0;33.7125;0.0;19.352
618.0;42.8875;0.0;20.863
624.0;44.3625;0.0;22.661
630.0;44.225;0.0;23.65
636.0;46.475;0.0;24.54
642.0;49.3875;0.0;23.638
648.0;53.0;0.0;22.629
654.0;50.2375;0.0;21.071
660.0;45.5;0.0;19.822
666.0;39.5;0.0;18.209
672.0;32.6;0.0;17.321
678.0;29.925;0.0;17.184
684.0;29.6375;0.0;17.555
690.0;29.675;0.0;19.23
696.0;33.3;0.0;20.819
702.0;37.875;0.0;22.318
708.0;37.8125;0.0;23.845
714.0;38.0375;0.0;25.421
720.0;41.7875;0.0;23.936
726.0;42.25;0.0;22.898
732.0;42.1;0.0;21.295
738.0;37.6125;0.0;19.667
744.0;37.1;0.0;18.195
750.0;37.3375;0.0;18.786
756.0;36.675;0.0;17.874
762.0;32.15;0.0;18.157
768.0;32.4875;0.0;19.002
774.0;32.05;0.0;20.483
780.0;37.2;0.0;22.312
786.0;38.625;0.0;24.211
792.0;41.45;0.0;24.309
798.0;48.1375;0.0;24.297
804.0;51.725;0.0;24.627
810.0;50.2625;0.0;23.374
816.0;50.5125;0.0;22.262
822.0;50.175;0.0;20.035
828.0;52.3625;0.0;19.251
834.0;49.8625;0.0;18.693
840.0;47.625;0.0;18.259
846.0;42.7875;0.0;18.262
852.0;41.8625;0.0;18.481
858.0;40.975;0.0;20.433
864.0;41.3125;0.0;22.158
870.0;49.0125;0.0;22.735
876.0;47.75;0.0;23.229
882.0;46.1875;0.0;22.492
888.0;47.875;0.0;22.39
894.0;45.225;0.0;22.092
900.0;39.4;0.0;20.448
906.0;32.0625;0.0;19.286
912.0;28.6625;0.0;17.948
918.0;28.15;0.0;17.881
924.0;28.3875;0.0;17.72
930.0;27.325;0.0;18.502
936.0;30.5;0.0;19.887
942.0;34.975;0.0;21.971
948.0;42.3625;0.0;23.91
954.0;44.3625;0.0;24.563
960.0;42.5875;0.0;25.185
966.0;38.3375;0.0;23.753
972.0;39.575;0.0;21.829
978.0;33.275;0.0;19.601
984.0;30.725;0.0;19.007
990.0;28.0;0.0;17.997
996.0;26.2125;0.0;18.254
1002.0;25.7875;0.0;18.737
1008.0;29.725;0.0;19.338
1014.0;40.625;0.0;20.268
1020.0;39.4125;0.0;21.593
1026.0;47.325;0.0;23.896
1032.0;49.4;0.0;24.651
1038.0;51.475;0.0;24.618
1044.0;55.8125;0.0;22.901
1050.0;49.375;0.0;21.29
1056.0;42.95;0.0;19.997
1062.0;39.8375;0.0;20.057
1068.0;40.7875;0.0;18.311
1074.0;34.775;0.0;17.465
1080.0;31.5125;0.0;17.903
1086.0;31.2875;0.0;18.308
1092.0;31.825;0.0;18.658
1098.0;34.0;0.0;20.538
1104.0;38.1875;0.0;21.542
1110.0;38.5625;0.0;22.18
1116.0;51.5;0.0;22.284
1122.0;44.0625;0.0;22.558
1128.0;44.8875;0.0;22.214
1134.0;41.725;0.0;21.564
1140.0;40.6125;0.0;19.859
1146.0;36.4875;0.0;18.528
1152.0;32.475;0.0;17.689
1158.0;27.55;0.0;18.604
1164.0;27.5375;0.0;18.801
1170.0;31.975;0.0;19.286
1176.0;36.0125;0.0;20.454
1182.0;37.6875;0.0;22.142
1188.0;41.7875;0.0;23.81
1194.0;44.4375;0.0;24.7
1200.0;45.5;0.0;23.694
1206.0;46.125;0.0;23.102
1212.0;45.0875;0.0;21.893
1218.0;43.9375;0.0;20.553
1224.0;42.175;0.0;18.986
1230.0;34.6875;0.0;18.971
1236.0;28.525;0.0;18.201
1242.0;28.5375;0.0;18.19
1248.0;25.7125;0.0;19.172
1254.0;26.5375;0.0;20.574
1260.0;28.725;0.0;21.459
1266.0;27.9375;0.0;23.333
1272.0;28.35;0.0;24.129
1278.0;34.0375;0.0;24.804
1284.0;34.45;0.0;23.944
1290.0;35.5125;0.0;22.915
1296.0;32.825;0.0;20.938
1302.0;25.475;0.0;19.542
1308.0;21.25;0.0;18.246
1314.0;21.25;0.0;18.489
1320.0;20.1125;0.0;17.76
1326.0;20.3875;0.0;18.08
1332.0;19.7875;0.0;19.046
1338.0;24.3375;0.0;20.596
1344.0;24.675;0.0;22.351
1350.0;26.55;0.0;23.473
1356.0;31.5;0.0;23.528
1362.0;33.1;0.0;22.88
1368.0;32.7625;0.0;22.312
1374.0;27.3125;0.0;20.805
1380.0;23.7625;0.0;19.275
1386.0;22.7125;0.0;16.851
1392.0;20.7375;0.0;16.816
1398.0;21.2625;0.0;17.891
1404.0;21.7375;0.0;18.146
1410.0;26.3125;0.0;19.226
1416.0;25.5125;0.0;20.204
1422.0;27.6625;0.0;21.391
1428.0;28.3625;0.0;22.897
1434.0;29.475;0.0;23.207
1440.0;28.025;0.0;22.857
1446.0;29.575;0.0;21.774
1452.0;27.8125;0.0;21.097
1458.0;27.2625;0.0;20.292
1464.0;24.1875;0.0;19.274
1470.0;27.025;0.0;18.167
1476.0;26.1;0.0;17.971
1482.0;31.65;0.0;18.43
1488.0;30.925;0.0;19.423
1494.0;30.2875;0.0;20.702
1500.0;37.55;0.0;21.973
1506.0;37.4375;0.0;23.428
1512.0;41.2375;0.0;23.578
1518.0;41.4625;0.0;23.54
1524.0;44.875;0.0;23.114
1530.0;47.175;0.0;21.703
1536.0;44.7875;0.0;20.552
1542.0;43.05;0.0;19.59
1548.0;38.0125;0.0;19.23
1554.0;32.025;0.0;18.871
1560.0;32.475;0.0;19.022
1566.0;35.3625;0.0;19.018
1572.0;39.9125;0.0;19.864
1578.0;32.95;0.0;21.249
1584.0;42.4125;0.0;22.333
1590.0;41.2125;0.0;24.147
1596.0;44.7875;0.0;24.797
1602.0;46.8375;0.0;23.879
1608.0;48.675;0.0;23.746
1614.0;41.8125;0.0;22.359
1620.0;40.85;0.0;21.063
1626.0;34.45;0.0;19.24
1632.0;30.05;0.0;18.897
1638.0;30.7;0.0;18.5
1644.0;32.975;0.0;18.586
1650.0;33.3125;0.0;19.485
1656.0;35.2875;0.0;20.345
1662.0;36.4125;0.0;22.377
1668.0;39.425;0.0;23.297
1674.0;39.425;0.0;25.057
1680.0;41.925;0.0;24.129
1686.0;44.1375;0.0;23.544
1692.0;44.35;0.0;21.274
1698.0;39.7125;0.0;19.992
1704.0;32.25;0.0;18.963
1710.0;30.1;0.0;18.634
1716.0;28.65;0.0;18.253
1722.0;32.625;0.0;17.923
1728.0;35.8125;0.0;19.067
1734.0;39.8625;0.0;20.663
1740.0;44.0375;0.0;22.042
1746.0;44.9;0.0;24.598
1752.0;45.1125;0.0;23.796
1758.0;44.3125;0.0;24.359
1764.0;46.5375;0.0;23.994
1770.0;44.6;0.0;22.158
1776.0;38.0125;0.0;21.571
1782.0;35.9;0.0;19.45
1788.0;34.7125;0.0;18.922
1794.0;33.9875;0.0;19.358
