#auto generated file!
6.0;0.0;0.0;0.0
12.0;0.0;0.0;0.1275
18.0;0.0;0.0;2.1325
24.0;0.0;0.0;5.4925
30.0;0.0;0.0;11.165
36.0;0.0;0.0;15.1325
42.0;0.0;0.0;18.9125
48.0;0.0;0.0;22.595
54.0;0.0;0.0;26.7425
60.0;0.0;0.0;31.77
66.0;0.0;0.0;34.2925
72.0;0.0;0.0;33.235
78.0;0.0;0.0;32.0125
84.0;0.0;0.0;31.27
90.0;0.0;0.0;31.265
96.0;0.0;0.0;29.8375
102.0;0.0;0.0;28.1075
108.0;0.0;0.0;29.195
114.0;0.0;0.0;30.23
120.0;0.0;0.0;30.135
126.0;0.0;0.0;29.175
132.0;0.0;0.0;31.9225
138.0;0.0;0.0;32.86
144.0;0.0;0.0;34.1
150.0;0.0;0.0;35.515
156.0;0.0;0.0;34.77
162.0;0.0;0.0;33.7525
168.0;0.0;0.0;32.6075
174.0;0.0;0.0;33.8775
180.0;0.0;0.0;31.6175
186.0;0.0;0.0;30.505
192.0;0.0;0.0;29.6075
198.0;0.0;0.0;28.415
204.0;0.0;0.0;27.13
210.0;0.0;0.0;28.7175
216.0;0.0;0.0;31.4375
222.0;0.0;0.0;33.5875
228.0;0.0;0.0;35.57
234.0;0.0;0.0;37.2925
240.0;0.0;0.0;36.9425
246.0;0.0;0.0;34.4725
252.0;0.0;0.0;31.305
258.0;0.0;0.0;30.11
264.0;0.0;0.0;27.8775
270.0;0.0;0.0;27.595
276.0;0.0;0.0;26.7975
282.0;0.0;0.0;27.8775
288.0;0.0;0.0;29.255
294.0;0.0;0.0;33.2225
300.0;0.0;0.0;34.515
306.0;0.0;0.0;36.5475
312.0;0.0;0.0;36.4475
318.0;0.0;0.0;34.515
324.0;0.0;0.0;33.405
330.0;0.0;0.0;31.36
336.0;0.0;0.0;29.205
342.0;0.0;0.0;29.675
348.0;0.0;0.0;29.8825
354.0;0.0;0.0;30.115
360.0;0.0;0.0;31.7025
366.0;0.0;0.0;31.875
372.0;0.0;0.0;33.515
378.0;0.0;0.0;33.955
384.0;0.0;0.0;34.7625
390.0;0.0;0.0;36.605
396.0;0.0;0.0;35.04
402.0;0.0;0.0;33.995
408.0;0.0;0.0;32.0075
414.0;0.0;0.0;30.8
420.0;0.0;0.0;29.6475
426.0;0.0;0.0;31.02
432.0;0.0;0.0;31.575
438.0;0.0;0.0;31.53
444.0;0.0;0.0;30.545
450.0;0.0;0.0;32.195
456.0;0.0;0.0;32.9125
462.0;0.0;0.0;33.79
468.0;0.0;0.0;34.83
474.0;0.0;0.0;35.785
480.0;0.0;0.0;34.5125
486.0;0.0;0.0;33.04
492.0;0.0;0.0;32.14
498.0;0.0;0.0;29.8125
504.0;0.0;0.0;29.1025
510.0;0.0;0.0;30.52
516.0;0.0;0.0;29.67
522.0;0.0;0.0;29.0975
528.0;0.0;0.0;29.0675
534.0;0.0;0.0;30.71
540.0;0.0;0.0;32.0825
546.0;0.0;0.0;33.815
552.0;0.0;0.0;33.915
558.0;0.0;0.0;33.3975
564.0;0.0;0.0;32.6075
570.0;0.0;0.0;30.97
576.0;0.0;0.0;30.01
582.0;0.0;0.0;29.2025
588.0;0.0;0.0;30.61
594.0;0.0;0.0;30.3125
600.0;0.0;0.0;30.4775
606.0;0.0;0.0;30.56
612.0;0.0;0.0;31.0125
618.0;0.0;0.0;32.7625
624.0;0.0;0.0;34.8175
630.0;0.0;0.0;36.3
636.0;0.0;0.0;37.305
642.0;0.0;0.0;35.905
648.0;0.0;0.0;35.49
654.0;0.0;0.0;34.06
660.0;0.0;0.0;30.845
666.0;0.0;0.0;29.36
672.0;0.0;0.0;29.2775
678.0;0.0;0.0;29.55
684.0;0.0;0.0;29.3225
690.0;0.0;0.0;30.6775
696.0;0.0;0.0;33.59
702.0;0.0;0.0;35.145
708.0;0.0;0.0;36.4225
714.0;0.0;0.0;36.5825
720.0;0.0;0.0;35.7525
726.0;0.0;0.0;32.6375
732.0;0.0;0.0;30.9375
738.0;0.0;0.0;29.91
744.0;0.0;0.0;29.4075
750.0;0.0;0.0;29.19
756.0;0.0;0.0;30.6275
762.0;0.0;0.0;29.975
768.0;0.0;0.0;33.3825
774.0;0.0;0.0;35.065
780.0;0.0;0.0;36.025
786.0;0.0;0.0;36.0175
792.0;0.0;0.0;34.6625
798.0;0.0;0.0;34.365
804.0;0.0;0.0;33.255
810.0;0.0;0.0;32.5875
816.0;0.0;0.0;30.1
822.0;0.0;0.0;29.19
828.0;0.0;0.0;29.79
834.0;0.0;0.0;31.2175
840.0;0.0;0.0;30.7525
846.0;0.0;0.0;30.98
852.0;0.0;0.0;30.3
858.0;0.0;0.0;32.085
864.0;0.0;0.0;33.2525
870.0;0.0;0.0;35.1375
876.0;0.0;0.0;37.385
882.0;0.0;0.0;36.52
888.0;0.0;0.0;35.5925
894.0;0.0;0.0;36.105
900.0;0.0;0.0;32.71
906.0;0.0;0.0;29.6475
912.0;0.0;0.0;30.48
918.0;0.0;0.0;28.77
924.0;0.0;0.0;28.51
930.0;0.0;0.0;31.1225
936.0;0.0;0.0;32.14
942.0;0.0;0.0;34.3725
948.0;0.0;0.0;34.5075
954.0;0.0;0.0;35.925
960.0;0.0;0.0;35.83
966.0;0.0;0.0;33.9675
972.0;0.0;0.0;32.325
978.0;0.0;0.0;32.6325
984.0;0.0;0.0;30.545
990.0;0.0;0.0;28.8825
996.0;0.0;0.0;30.5875
1002.0;0.0;0.0;30.0575
1008.0;0.0;0.0;30.59
1014.0;0.0;0.0;32.62
1020.0;0.0;0.0;34.255
1026.0;0.0;0.0;35.9475
1032.0;0.0;0.0;35.6275
1038.0;0.0;0.0;34.2875
1044.0;0.0;0.0;34.2875
1050.0;0.0;0.0;33.33
1056.0;0.0;0.0;30.9975
1062.0;0.0;0.0;30.13
1068.0;0.0;0.0;29.185
1074.0;0.0;0.0;28.8775
1080.0;0.0;0.0;31.4675
1086.0;0.0;0.0;31.3775
1092.0;0.0;0.0;31.745
1098.0;0.0;0.0;34.0475
1104.0;0.0;0.0;34.725
1110.0;0.0;0.0;36.255
1116.0;0.0;0.0;34.4675
1122.0;0.0;0.0;34.765
1128.0;0.0;0.0;32.3875
1134.0;0.0;0.0;30.5825
1140.0;0.0;0.0;30.7175
1146.0;0.0;0.0;31.39
1152.0;0.0;0.0;30.7125
1158.0;0.0;0.0;31.2975
1164.0;0.0;0.0;30.39
1170.0;0.0;0.0;29.615
1176.0;0.0;0.0;32.05
1182.0;0.0;0.0;33.995
1188.0;0.0;0.0;35.025
1194.0;0.0;0.0;36.03
1200.0;0.0;0.0;37.1025
1206.0;0.0;0.0;35.31
1212.0;0.0;0.0;32.2475
1218.0;0.0;0.0;30.33
1224.0;0.0;0.0;29.26
1230.0;0.0;0.0;29.5575
1236.0;0.0;0.0;28.21
1242.0;0.0;0.0;27.96
1248.0;0.0;0.0;28.5475
1254.0;0.0;0.0;29.7925
1260.0;0.0;0.0;34.7675
1266.0;0.0;0.0;33.8775
1272.0;0.0;0.0;33.4525
1278.0;0.0;0.0;33.3975
1284.0;0.0;0.0;32.6325
1290.0;0.0;0.0;30.935
1296.0;0.0;0.0;29.36
1302.0;0.0;0.0;27.8825
1308.0;0.0;0.0;27.8325
1314.0;0.0;0.0;29.3425
1320.0;0.0;0.0;30.21
1326.0;0.0;0.0;30.1375
1332.0;0.0;0.0;30.3925
1338.0;0.0;0.0;32.3675
1344.0;0.0;0.0;35.78
1350.0;0.0;0.0;35.6725
1356.0;0.0;0.0;38.7475
1362.0;0.0;0.0;35.2925
1368.0;0.0;0.0;33.9575
1374.0;0.0;0.0;31.315
1380.0;0.0;0.0;29.61
1386.0;0.0;0.0;30.0475
1392.0;0.0;0.0;30.3325
1398.0;0.0;0.0;29.405
1404.0;0.0;0.0;31.515
1410.0;0.0;0.0;31.6925
1416.0;0.0;0.0;33.655
1422.0;0.0;0.0;36.1025
1428.0;0.0;0.0;35.73
1434.0;0.0;0.0;36.675
1440.0;0.0;0.0;36.0375
1446.0;0.0;0.0;33.0525
1452.0;0.0;0.0;31.065
1458.0;0.0;0.0;29.33
1464.0;0.0;0.0;29.495
1470.0;0.0;0.0;30.28
1476.0;0.0;0.0;29.5475
1482.0;0.0;0.0;29.8925
1488.0;0.0;0.0;33.2625
1494.0;0.0;0.0;34.36
1500.0;0.0;0.0;35.49
1506.0;0.0;0.0;36.0025
1512.0;0.0;0.0;36.0975
1518.0;0.0;0.0;35.995
1524.0;0.0;0.0;33.195
1530.0;0.0;0.0;31.695
1536.0;0.0;0.0;30.535
1542.0;0.0;0.0;30.165
1548.0;0.0;0.0;31.89
1554.0;0.0;0.0;31.915
1560.0;0.0;0.0;29.73
1566.0;0.0;0.0;29.3375
1572.0;0.0;0.0;29.19
1578.0;0.0;0.0;30.99
1584.0;0.0;0.0;33.9325
1590.0;0.0;0.0;34.7275
1596.0;0.0;0.0;33.75
1602.0;0.0;0.0;34.29
1608.0;0.0;0.0;32.205
1614.0;0.0;0.0;31.5525
1620.0;0.0;0.0;31.865
1626.0;0.0;0.0;31.0075
1632.0;0.0;0.0;30.4975
1638.0;0.0;0.0;29.0875
1644.0;0.0;0.0;29.1225
1650.0;0.0;0.0;31.325
1656.0;0.0;0.0;32.3375
1662.0;0.0;0.0;33.635
1668.0;0.0;0.0;36.9325
1674.0;0.0;0.0;39.685
1680.0;0.0;0.0;38.24
1686.0;0.0;0.0;37.81
1692.0;0.0;0.0;32.9575
1698.0;0.0;0.0;30.035
1704.0;0.0;0.0;29.1725
1710.0;0.0;0.0;28.0275
1716.0;0.0;0.0;27.575
1722.0;0.0;0.0;28.4
1728.0;0.0;0.0;31.975
1734.0;0.0;0.0;34.4675
1740.0;0.0;0.0;35.7
1746.0;0.0;0.0;37.6225
1752.0;0.0;0.0;37.3425
1758.0;0.0;0.0;34.9025
1764.0;0.0;0.0;32.9325
1770.0;0.0;0.0;29.7775
1776.0;0.0;0.0;28.5175
1782.0;0.0;0.0;29.2575
1788.0;0.0;0.0;29.82
1794.0;0.0;0.0;29.8625
