#auto generated file!
12.0;36;53;38;46;42;38;30;41;37;39
18.0;37;53;39;47;43;37;30;43;35;36
24.0;38;53;41;49;44;39;27;39;33;37
30.0;39;54;39;49;46;38;28;39;33;35
36.0;39;55;38;48;46;39;28;39;33;35
42.0;40;56;40;48;46;37;27;42;32;32
48.0;40;59;41;48;44;37;28;41;32;30
54.0;41;59;41;45;46;37;28;41;31;31
60.0;43;59;41;47;45;38;28;40;29;30
66.0;43;60;40;46;45;40;28;38;29;31
72.0;45;61;40;46;43;40;28;36;30;31
78.0;45;59;41;45;40;40;29;38;31;32
84.0;47;57;39;46;39;39;30;38;34;31
90.0;50;57;37;46;40;39;27;38;34;32
96.0;49;57;37;46;41;42;27;37;32;32
102.0;51;59;40;48;40;38;29;34;30;31
108.0;51;61;41;49;39;40;29;31;29;30
114.0;51;62;41;50;43;41;29;30;26;27
120.0;48;62;41;51;42;40;28;29;31;28
126.0;50;63;43;48;43;38;27;29;31;28
132.0;50;63;45;45;44;38;26;29;32;28
138.0;50;64;46;45;44;41;26;28;30;26
144.0;50;66;45;46;45;40;25;27;31;25
150.0;50;65;45;48;47;41;27;27;27;23
156.0;48;65;46;47;49;41;29;25;27;23
162.0;49;66;47;46;47;43;28;26;26;22
168.0;51;65;47;47;46;43;27;27;26;21
174.0;51;66;47;47;46;42;26;28;24;23
180.0;50;66;46;48;48;42;24;28;23;25
186.0;53;66;47;50;47;43;22;27;24;21
192.0;53;66;47;52;47;44;21;27;22;21
198.0;53;64;48;54;47;43;22;26;23;20
204.0;55;63;49;53;48;44;22;24;23;19
210.0;56;64;48;55;46;42;21;24;24;20
216.0;56;64;48;55;48;42;23;24;22;18
222.0;57;64;49;54;49;43;22;23;21;18
228.0;57;64;50;53;49;43;22;23;21;18
234.0;59;64;50;52;47;45;24;22;20;17
240.0;58;64;50;53;47;46;24;21;19;18
246.0;58;64;50;52;47;48;24;20;20;17
252.0;56;67;48;51;49;48;24;19;20;18
258.0;56;68;48;49;51;47;22;22;20;17
264.0;55;67;48;49;53;47;22;24;19;16
270.0;55;66;48;49;54;47;19;25;22;15
276.0;56;65;48;50;55;49;17;24;20;16
282.0;56;66;46;53;52;50;17;22;19;19
288.0;57;67;47;54;53;48;16;19;19;20
294.0;57;66;46;56;53;49;14;20;20;19
300.0;56;67;45;57;54;48;14;21;21;17
306.0;57;68;46;58;52;46;15;20;21;17
312.0;57;68;46;57;50;46;15;20;23;18
318.0;55;68;46;58;48;49;16;20;24;16
324.0;56;69;45;57;50;48;16;20;21;18
330.0;57;70;45;57;49;46;19;21;20;16
336.0;57;73;44;55;50;45;18;18;23;17
342.0;58;72;44;55;50;46;17;17;24;17
348.0;59;72;43;56;50;45;16;18;22;19
354.0;58;71;44;55;50;45;16;18;23;20
360.0;58;71;44;57;50;45;15;18;22;20
366.0;58;71;44;59;52;43;15;18;20;20
372.0;58;72;45;58;51;43;14;19;21;19
378.0;57;74;44;60;49;43;13;17;23;20
384.0;55;75;48;59;48;41;13;19;22;20
390.0;53;76;48;61;48;42;12;18;22;20
396.0;53;76;48;60;48;41;11;20;21;22
402.0;52;77;51;60;45;40;11;21;21;22
408.0;53;76;51;60;45;40;11;21;22;21
414.0;52;75;50;61;44;39;12;25;21;21
420.0;54;74;48;62;44;39;13;25;19;22
426.0;56;73;49;59;47;36;12;26;21;21
432.0;55;73;49;60;47;37;12;25;22;20
438.0;56;76;47;60;47;36;12;25;21;20
444.0;57;77;48;60;45;36;12;24;21;20
450.0;57;77;48;60;45;36;12;22;20;23
456.0;55;76;51;57;45;37;14;21;20;24
462.0;53;77;53;54;48;36;16;21;21;21
468.0;53;76;54;53;48;37;16;19;23;21
474.0;52;74;52;56;46;39;18;19;23;21
480.0;53;75;53;57;46;38;17;19;19;23
486.0;54;76;54;56;47;37;16;16;20;24
492.0;56;77;54;55;46;37;17;14;21;23
498.0;54;78;54;54;47;40;18;12;19;24
504.0;55;76;56;51;45;39;20;13;21;24
510.0;55;75;56;52;45;40;18;13;22;24
516.0;55;76;57;52;45;39;18;13;22;23
522.0;55;75;56;52;45;39;19;12;23;24
528.0;53;76;56;51;46;42;19;10;22;25
534.0;54;75;56;54;46;43;18;10;21;23
540.0;54;74;54;52;45;45;18;11;22;25
546.0;56;73;56;52;45;43;19;11;21;24
552.0;56;73;57;51;45;43;19;11;22;23
558.0;56;73;58;50;46;42;19;11;23;22
564.0;57;73;58;52;47;41;18;12;22;20
570.0;57;72;58;53;46;40;18;13;22;21
576.0;57;74;57;52;46;39;18;15;22;20
582.0;57;75;59;54;42;37;18;18;22;18
588.0;56;75;60;55;43;36;18;16;22;19
594.0;57;75;59;56;42;34;19;16;22;20
600.0;56;76;61;55;43;34;18;18;21;18
606.0;57;74;58;56;42;36;18;17;22;20
612.0;57;76;55;57;41;39;19;18;20;18
618.0;58;76;55;57;41;38;18;19;20;18
624.0;58;75;54;57;42;38;18;18;21;19
630.0;59;75;53;56;42;38;18;17;23;19
636.0;59;76;54;56;43;37;18;19;20;18
642.0;60;78;54;55;42;35;18;21;20;17
648.0;62;73;54;56;42;37;19;18;19;20
654.0;61;72;54;55;42;36;21;20;19;20
660.0;63;72;53;52;42;36;23;19;19;21
666.0;63;71;53;53;40;39;22;18;19;22
672.0;63;71;53;54;40;39;23;17;20;20
678.0;63;74;52;54;41;38;23;17;19;19
684.0;61;74;55;52;42;39;24;15;17;21
690.0;61;75;56;50;43;39;23;15;17;21
696.0;59;75;55;50;43;40;21;18;18;21
702.0;57;76;55;49;43;40;20;22;17;21
708.0;56;77;54;48;44;40;21;21;17;22
714.0;56;76;54;50;45;39;18;22;18;22
720.0;57;78;55;50;45;39;18;19;18;21
726.0;55;77;55;50;46;37;18;21;18;23
732.0;54;77;56;50;45;40;19;20;16;23
738.0;54;76;55;51;45;38;20;21;17;23
744.0;54;76;54;50;46;39;20;21;16;24
750.0;54;78;56;50;44;40;19;21;14;24
756.0;54;78;53;51;47;44;19;19;13;22
762.0;54;80;51;54;46;43;19;18;14;21
768.0;54;80;48;56;46;43;21;19;16;17
774.0;55;80;48;52;46;44;22;19;17;17
780.0;52;82;47;53;46;44;23;21;16;16
786.0;52;80;46;53;46;44;24;19;16;20
792.0;50;80;43;55;48;45;24;20;16;19
798.0;49;77;42;54;50;45;26;20;16;21
804.0;47;77;43;53;50;45;26;21;16;22
810.0;51;77;43;53;50;46;27;18;15;20
816.0;51;78;44;51;49;46;30;16;16;19
822.0;51;76;43;52;50;46;31;15;18;18
828.0;53;75;44;48;50;47;32;16;20;15
834.0;53;76;39;50;50;45;30;19;23;15
840.0;53;76;39;50;49;45;30;19;23;16
846.0;53;75;38;50;49;45;31;19;23;17
852.0;54;77;38;49;49;45;29;18;23;18
858.0;55;78;38;49;48;44;29;18;22;19
864.0;55;76;35;47;49;47;29;20;21;21
870.0;54;75;35;47;47;47;31;21;22;21
876.0;53;75;33;46;46;47;32;23;24;21
882.0;52;75;36;47;46;46;31;21;25;21
888.0;53;76;35;47;47;44;28;23;25;22
894.0;56;74;35;46;46;44;28;24;24;23
900.0;56;74;35;47;43;43;26;27;25;24
906.0;56;73;35;47;44;45;27;26;24;23
912.0;56;74;35;46;45;43;26;26;27;22
918.0;58;71;35;47;43;44;25;28;27;22
924.0;59;70;34;46;45;44;24;26;28;24
930.0;61;70;35;47;45;43;23;24;28;24
936.0;61;71;35;48;45;43;21;23;28;25
942.0;62;71;36;49;42;42;22;25;26;25
948.0;63;72;35;50;41;43;24;23;25;24
954.0;63;71;35;50;40;42;24;23;27;25
960.0;64;71;35;50;40;40;24;22;28;26
966.0;64;70;36;53;40;40;23;19;28;27
972.0;66;70;37;54;39;40;22;18;28;26
978.0;66;72;36;53;41;43;20;17;29;23
984.0;66;72;37;50;40;43;21;18;30;23
990.0;68;72;37;48;38;43;23;19;27;25
996.0;68;73;39;47;37;42;20;20;27;27
1002.0;67;70;39;47;38;41;22;22;26;28
1008.0;69;73;40;48;38;38;23;20;25;26
1014.0;68;71;40;49;39;39;23;20;26;25
1020.0;68;70;42;46;41;39;24;20;25;25
1026.0;72;74;42;44;41;38;23;19;23;24
1032.0;72;75;42;44;40;38;22;21;22;24
1038.0;72;76;40;45;41;38;22;19;24;23
1044.0;72;77;38;46;42;38;23;20;21;23
1050.0;72;77;38;46;42;37;23;21;20;24
1056.0;72;76;37;46;45;37;22;21;20;24
1062.0;73;76;36;46;44;36;23;22;19;25
1068.0;72;75;36;46;46;38;23;23;17;24
1074.0;73;78;36;44;46;38;22;23;17;23
1080.0;75;78;37;44;45;36;22;23;16;24
1086.0;75;79;36;46;45;37;24;22;14;22
1092.0;76;78;34;44;48;37;24;22;15;22
1098.0;74;78;36;45;46;39;23;21;16;22
1104.0;73;78;36;45;47;39;25;20;16;21
1110.0;75;79;35;44;48;39;23;20;17;20
1116.0;73;80;36;45;47;39;23;18;19;20
1122.0;72;78;38;44;46;42;22;17;22;19
1128.0;71;79;38;45;45;41;23;19;22;17
1134.0;71;76;38;45;45;43;23;19;23;17
1140.0;70;78;36;45;46;43;23;19;23;17
1146.0;71;78;35;44;46;41;23;21;24;17
1152.0;71;78;33;44;45;40;23;22;27;17
1158.0;71;78;32;46;44;38;23;22;27;19
1164.0;71;76;33;46;44;37;21;24;29;19
1170.0;71;76;34;45;45;37;20;25;26;21
1176.0;70;77;35;44;44;38;19;25;26;22
1182.0;67;78;34;44;45;37;20;25;28;22
1188.0;70;78;34;43;45;36;19;23;28;24
1194.0;70;80;34;43;45;37;18;22;27;24
1200.0;70;78;35;40;41;39;18;25;30;24
1206.0;70;78;40;39;41;38;16;23;31;24
1212.0;70;79;40;37;41;39;17;21;32;24
1218.0;70;82;39;40;42;37;18;21;30;21
1224.0;71;81;39;40;44;38;16;21;30;20
1230.0;70;79;40;40;42;40;17;21;31;20
1236.0;71;79;40;40;40;41;17;22;31;19
1242.0;72;78;40;42;38;41;18;22;29;20
1248.0;73;79;40;39;37;41;19;23;30;19
1254.0;72;82;40;39;36;41;21;20;26;23
1260.0;71;83;38;39;38;41;19;22;26;23
1266.0;69;84;38;40;37;42;17;24;26;23
1272.0;69;85;36;39;37;42;18;24;28;22
1278.0;68;88;37;40;36;43;17;24;27;20
1284.0;67;86;37;41;38;41;18;23;26;23
1290.0;68;86;36;40;38;43;16;23;25;25
1296.0;69;86;38;40;39;42;15;20;24;27
1302.0;68;86;38;43;37;42;14;19;24;29
1308.0;68;86;39;42;37;42;16;18;25;27
1314.0;69;84;40;41;37;44;17;19;22;27
1320.0;69;84;40;41;37;44;17;19;20;29
1326.0;71;83;38;41;36;43;19;18;20;31
1332.0;70;82;39;41;39;43;18;19;21;28
1338.0;71;82;39;41;41;43;16;16;21;30
1344.0;68;83;40;40;41;43;18;16;20;31
1350.0;71;80;39;40;41;41;19;16;21;32
1356.0;69;82;39;39;41;44;19;16;21;30
1362.0;70;80;40;41;41;42;17;17;21;31
1368.0;71;79;39;40;41;43;16;18;22;31
1374.0;71;79;38;38;41;44;16;18;22;33
1380.0;72;79;38;37;39;43;15;18;25;34
1386.0;72;79;37;37;39;44;14;19;24;35
1392.0;72;79;37;37;38;46;13;19;24;35
1398.0;74;77;38;38;39;46;15;19;22;32
1404.0;74;76;37;37;38;46;15;20;22;35
1410.0;75;78;35;37;39;47;14;18;22;35
1416.0;77;77;35;37;40;46;16;20;19;33
1422.0;77;77;37;38;41;46;14;19;19;32
1428.0;77;77;38;41;41;45;13;21;20;27
1434.0;78;77;39;40;41;46;13;20;20;26
1440.0;78;77;39;41;40;46;13;21;18;27
1446.0;79;78;40;38;40;45;16;20;17;27
1452.0;80;76;40;38;41;44;14;21;18;28
1458.0;83;75;38;40;39;45;15;22;19;24
1464.0;83;74;38;40;39;45;16;24;18;23
1470.0;85;72;41;40;40;45;16;21;17;23
1476.0;85;74;41;39;38;46;16;23;16;22
1482.0;85;75;40;38;37;47;18;22;17;21
1488.0;83;74;40;40;39;48;18;20;16;22
1494.0;83;75;38;40;37;48;18;20;18;23
1500.0;82;74;39;39;39;47;17;20;19;24
1506.0;83;73;39;41;39;47;16;19;19;24
1512.0;79;73;39;42;40;47;15;18;19;28
1518.0;79;73;40;42;39;46;16;19;19;27
1524.0;78;74;41;42;37;47;16;18;19;28
1530.0;76;75;40;41;38;48;18;16;22;26
1536.0;75;74;41;40;41;48;16;12;25;28
1542.0;76;75;41;37;39;48;18;13;26;27
1548.0;75;76;39;38;40;49;18;15;24;26
1554.0;75;76;38;37;41;50;20;13;25;25
1560.0;75;77;39;36;43;50;19;13;25;23
1566.0;73;80;37;36;43;48;21;13;26;23
1572.0;74;81;35;36;43;50;21;14;24;22
1578.0;73;81;35;36;43;49;25;12;23;23
1584.0;73;82;36;37;42;49;23;13;22;23
1590.0;75;84;37;34;43;48;22;12;23;22
1596.0;75;85;39;31;43;47;21;13;24;22
1602.0;76;86;38;32;45;46;23;12;23;19
1608.0;75;89;37;34;46;47;22;12;20;18
1614.0;76;88;39;34;46;45;21;13;19;19
1620.0;74;87;45;35;42;46;19;12;20;20
1626.0;74;88;45;35;42;45;18;15;19;19
1632.0;74;86;46;36;41;45;17;16;20;19
1638.0;72;86;47;37;40;44;17;16;22;19
1644.0;70;87;49;35;41;44;18;16;20;20
1650.0;67;86;48;34;42;43;21;18;21;20
1656.0;67;87;47;32;41;41;24;20;21;20
1662.0;70;86;48;34;40;40;24;16;22;20
1668.0;73;87;46;33;41;39;25;16;21;19
1674.0;73;88;45;34;40;41;22;18;20;19
1680.0;74;86;46;34;38;42;23;17;21;19
1686.0;75;82;46;32;39;41;24;18;23;20
1692.0;76;83;47;32;38;40;26;17;24;17
1698.0;74;81;43;33;37;43;26;19;26;18
1704.0;73;82;43;33;36;44;24;18;29;18
1710.0;75;83;43;34;36;44;22;16;27;20
1716.0;74;82;42;32;35;45;22;19;28;21
1722.0;74;83;39;32;36;46;22;18;30;20
1728.0;77;84;39;32;35;47;20;17;29;20
1734.0;76;84;39;34;35;48;20;17;26;21
1740.0;75;83;39;34;36;48;20;20;26;19
1746.0;74;83;40;33;36;50;20;20;25;19
1752.0;73;80;41;33;40;48;19;22;25;19
1758.0;76;81;43;36;40;47;17;20;23;17
1764.0;76;83;43;35;41;45;16;21;23;17
1770.0;74;86;40;35;43;45;15;22;22;18
1776.0;75;85;40;37;45;44;14;19;20;21
1782.0;77;86;40;37;45;44;15;18;18;20
1788.0;78;86;40;38;46;44;14;18;17;19
1794.0;77;85;39;36;46;44;17;19;18;19
