#auto generated file!
6.0;0.0;0.0;0.0
12.0;0.0;0.0;0.16666666666666666
18.0;0.0;0.0;2.1083333333333334
24.0;0.0;0.0;4.705
30.0;0.0;0.0;9.285
36.0;0.0;0.0;13.325
42.0;0.0;0.0;19.011666666666667
48.0;0.0;0.0;23.1
54.0;0.0;0.0;29.286666666666665
60.0;0.0;0.0;32.63333333333333
66.0;0.0;0.0;35.846666666666664
72.0;0.0;0.0;37.92333333333333
78.0;0.0;0.0;37.085
84.0;0.0;0.0;36.111666666666665
90.0;0.0;0.0;33.69833333333333
96.0;0.0;0.0;32.111666666666665
102.0;0.0;0.0;31.855
108.0;0.0;0.0;31.451666666666668
114.0;0.0;0.0;32.445
120.0;0.0;0.0;33.38166666666667
126.0;0.0;0.0;32.32333333333333
132.0;0.0;0.0;32.13333333333333
138.0;0.0;0.0;34.825
144.0;0.0;0.0;37.236666666666665
150.0;0.0;0.0;37.266666666666666
156.0;0.0;0.0;37.045
162.0;0.0;0.0;36.721666666666664
168.0;0.0;0.0;35.13333333333333
174.0;0.0;0.0;34.76
180.0;0.0;0.0;34.29
186.0;0.0;0.0;32.59166666666667
192.0;0.0;0.0;31.363333333333333
198.0;0.0;0.0;30.46
204.0;0.0;0.0;29.645
210.0;0.0;0.0;29.816666666666666
216.0;0.0;0.0;32.638333333333335
222.0;0.0;0.0;35.62
228.0;0.0;0.0;38.08166666666666
234.0;0.0;0.0;40.35333333333333
240.0;0.0;0.0;40.26166666666666
246.0;0.0;0.0;37.14333333333333
252.0;0.0;0.0;33.76166666666666
258.0;0.0;0.0;33.218333333333334
264.0;0.0;0.0;31.15
270.0;0.0;0.0;28.485
276.0;0.0;0.0;28.551666666666666
282.0;0.0;0.0;28.968333333333334
288.0;0.0;0.0;30.868333333333332
294.0;0.0;0.0;33.68833333333333
300.0;0.0;0.0;35.22666666666667
306.0;0.0;0.0;35.805
312.0;0.0;0.0;36.92666666666667
318.0;0.0;0.0;37.181666666666665
324.0;0.0;0.0;36.653333333333336
330.0;0.0;0.0;33.15833333333333
336.0;0.0;0.0;31.435
342.0;0.0;0.0;30.94333333333333
348.0;0.0;0.0;30.828333333333333
354.0;0.0;0.0;30.696666666666665
360.0;0.0;0.0;31.138333333333332
366.0;0.0;0.0;31.84
372.0;0.0;0.0;34.425
378.0;0.0;0.0;35.781666666666666
384.0;0.0;0.0;37.401666666666664
390.0;0.0;0.0;37.24666666666667
396.0;0.0;0.0;37.068333333333335
402.0;0.0;0.0;36.248333333333335
408.0;0.0;0.0;35.21333333333333
414.0;0.0;0.0;34.345
420.0;0.0;0.0;32.825
426.0;0.0;0.0;33.18
432.0;0.0;0.0;31.72
438.0;0.0;0.0;31.8
444.0;0.0;0.0;31.333333333333332
450.0;0.0;0.0;31.04
456.0;0.0;0.0;31.89666666666667
462.0;0.0;0.0;33.32
468.0;0.0;0.0;33.895
474.0;0.0;0.0;36.26166666666666
480.0;0.0;0.0;35.85166666666667
486.0;0.0;0.0;34.001666666666665
492.0;0.0;0.0;31.981666666666666
498.0;0.0;0.0;30.386666666666667
504.0;0.0;0.0;30.095
510.0;0.0;0.0;29.803333333333335
516.0;0.0;0.0;29.41
522.0;0.0;0.0;29.158333333333335
528.0;0.0;0.0;31.111666666666668
534.0;0.0;0.0;34.348333333333336
540.0;0.0;0.0;35.763333333333335
546.0;0.0;0.0;37.303333333333335
552.0;0.0;0.0;37.526666666666664
558.0;0.0;0.0;36.84166666666667
564.0;0.0;0.0;36.845
570.0;0.0;0.0;34.178333333333335
576.0;0.0;0.0;33.24333333333333
582.0;0.0;0.0;31.506666666666668
588.0;0.0;0.0;30.741666666666667
594.0;0.0;0.0;31.993333333333332
600.0;0.0;0.0;30.526666666666667
606.0;0.0;0.0;30.858333333333334
612.0;0.0;0.0;31.52
618.0;0.0;0.0;33.73833333333334
624.0;0.0;0.0;35.223333333333336
630.0;0.0;0.0;38.37833333333333
636.0;0.0;0.0;37.593333333333334
642.0;0.0;0.0;36.905
648.0;0.0;0.0;36.53666666666667
654.0;0.0;0.0;35.14
660.0;0.0;0.0;32.095
666.0;0.0;0.0;30.6
672.0;0.0;0.0;29.726666666666667
678.0;0.0;0.0;29.613333333333333
684.0;0.0;0.0;29.555
690.0;0.0;0.0;29.43166666666667
696.0;0.0;0.0;33.06666666666667
702.0;0.0;0.0;35.75
708.0;0.0;0.0;37.37166666666667
714.0;0.0;0.0;38.38
720.0;0.0;0.0;38.138333333333335
726.0;0.0;0.0;36.295
732.0;0.0;0.0;34.045
738.0;0.0;0.0;31.726666666666667
744.0;0.0;0.0;31.591666666666665
750.0;0.0;0.0;30.263333333333332
756.0;0.0;0.0;30.016666666666666
762.0;0.0;0.0;29.87
768.0;0.0;0.0;31.23
774.0;0.0;0.0;33.84166666666667
780.0;0.0;0.0;33.695
786.0;0.0;0.0;36.925
792.0;0.0;0.0;37.08
798.0;0.0;0.0;36.635
804.0;0.0;0.0;35.751666666666665
810.0;0.0;0.0;33.31166666666667
816.0;0.0;0.0;30.921666666666667
822.0;0.0;0.0;30.885
828.0;0.0;0.0;30.205
834.0;0.0;0.0;31.223333333333333
840.0;0.0;0.0;30.835
846.0;0.0;0.0;30.52
852.0;0.0;0.0;30.638333333333332
858.0;0.0;0.0;32.64666666666667
864.0;0.0;0.0;35.95
870.0;0.0;0.0;36.611666666666665
876.0;0.0;0.0;35.375
882.0;0.0;0.0;34.68
888.0;0.0;0.0;35.288333333333334
894.0;0.0;0.0;34.641666666666666
900.0;0.0;0.0;33.135
906.0;0.0;0.0;31.60333333333333
912.0;0.0;0.0;30.643333333333334
918.0;0.0;0.0;29.39
924.0;0.0;0.0;29.456666666666667
930.0;0.0;0.0;30.651666666666667
936.0;0.0;0.0;32.193333333333335
942.0;0.0;0.0;34.765
948.0;0.0;0.0;37.18833333333333
954.0;0.0;0.0;37.87166666666667
960.0;0.0;0.0;38.748333333333335
966.0;0.0;0.0;37.08833333333333
972.0;0.0;0.0;34.295
978.0;0.0;0.0;32.275
984.0;0.0;0.0;30.925
990.0;0.0;0.0;29.138333333333332
996.0;0.0;0.0;29.42
1002.0;0.0;0.0;30.33
1008.0;0.0;0.0;32.48833333333334
1014.0;0.0;0.0;34.931666666666665
1020.0;0.0;0.0;37.305
1026.0;0.0;0.0;39.598333333333336
1032.0;0.0;0.0;39.475
1038.0;0.0;0.0;38.98166666666667
1044.0;0.0;0.0;36.69833333333333
1050.0;0.0;0.0;35.00333333333333
1056.0;0.0;0.0;32.69166666666667
1062.0;0.0;0.0;31.758333333333333
1068.0;0.0;0.0;32.39666666666667
1074.0;0.0;0.0;33.001666666666665
1080.0;0.0;0.0;32.25666666666667
1086.0;0.0;0.0;32.815
1092.0;0.0;0.0;33.80833333333333
1098.0;0.0;0.0;34.88
1104.0;0.0;0.0;36.526666666666664
1110.0;0.0;0.0;37.22
1116.0;0.0;0.0;36.278333333333336
1122.0;0.0;0.0;35.79333333333334
1128.0;0.0;0.0;34.80833333333333
1134.0;0.0;0.0;34.64333333333333
1140.0;0.0;0.0;32.693333333333335
1146.0;0.0;0.0;33.495
1152.0;0.0;0.0;32.69833333333333
1158.0;0.0;0.0;31.403333333333332
1164.0;0.0;0.0;31.755
1170.0;0.0;0.0;32.20666666666666
1176.0;0.0;0.0;32.028333333333336
1182.0;0.0;0.0;35.405
1188.0;0.0;0.0;36.93833333333333
1194.0;0.0;0.0;37.483333333333334
1200.0;0.0;0.0;37.806666666666665
1206.0;0.0;0.0;35.42
1212.0;0.0;0.0;32.54666666666667
1218.0;0.0;0.0;31.926666666666666
1224.0;0.0;0.0;31.043333333333333
1230.0;0.0;0.0;30.551666666666666
1236.0;0.0;0.0;29.483333333333334
1242.0;0.0;0.0;30.918333333333333
1248.0;0.0;0.0;31.776666666666667
1254.0;0.0;0.0;33.208333333333336
1260.0;0.0;0.0;35.098333333333336
1266.0;0.0;0.0;37.928333333333335
1272.0;0.0;0.0;38.42
1278.0;0.0;0.0;38.42666666666667
1284.0;0.0;0.0;35.656666666666666
1290.0;0.0;0.0;36.485
1296.0;0.0;0.0;35.46
1302.0;0.0;0.0;33.946666666666665
1308.0;0.0;0.0;33.48833333333334
1314.0;0.0;0.0;31.59
1320.0;0.0;0.0;31.413333333333334
1326.0;0.0;0.0;31.461666666666666
1332.0;0.0;0.0;31.708333333333332
1338.0;0.0;0.0;33.8
1344.0;0.0;0.0;35.8
1350.0;0.0;0.0;38.068333333333335
1356.0;0.0;0.0;38.09166666666667
1362.0;0.0;0.0;35.78
1368.0;0.0;0.0;35.123333333333335
1374.0;0.0;0.0;33.946666666666665
1380.0;0.0;0.0;32.95333333333333
1386.0;0.0;0.0;31.516666666666666
1392.0;0.0;0.0;29.955
1398.0;0.0;0.0;28.41
1404.0;0.0;0.0;29.885
1410.0;0.0;0.0;31.248333333333335
1416.0;0.0;0.0;34.03
1422.0;0.0;0.0;35.513333333333335
1428.0;0.0;0.0;37.71
1434.0;0.0;0.0;39.175
1440.0;0.0;0.0;37.31
1446.0;0.0;0.0;35.815
1452.0;0.0;0.0;32.94
1458.0;0.0;0.0;31.185
1464.0;0.0;0.0;28.953333333333333
1470.0;0.0;0.0;29.488333333333333
1476.0;0.0;0.0;31.453333333333333
1482.0;0.0;0.0;32.295
1488.0;0.0;0.0;32.91166666666667
1494.0;0.0;0.0;33.96666666666667
1500.0;0.0;0.0;35.11
1506.0;0.0;0.0;36.37
1512.0;0.0;0.0;36.04
1518.0;0.0;0.0;36.115
1524.0;0.0;0.0;35.556666666666665
1530.0;0.0;0.0;34.346666666666664
1536.0;0.0;0.0;32.95166666666667
1542.0;0.0;0.0;32.30833333333333
1548.0;0.0;0.0;32.653333333333336
1554.0;0.0;0.0;32.025
1560.0;0.0;0.0;32.99
1566.0;0.0;0.0;31.716666666666665
1572.0;0.0;0.0;31.851666666666667
1578.0;0.0;0.0;32.37166666666667
1584.0;0.0;0.0;35.50333333333333
1590.0;0.0;0.0;36.20166666666667
1596.0;0.0;0.0;36.315
1602.0;0.0;0.0;36.24333333333333
1608.0;0.0;0.0;36.098333333333336
1614.0;0.0;0.0;34.70333333333333
1620.0;0.0;0.0;33.60166666666667
1626.0;0.0;0.0;33.145
1632.0;0.0;0.0;32.465
1638.0;0.0;0.0;30.488333333333333
1644.0;0.0;0.0;30.351666666666667
1650.0;0.0;0.0;30.941666666666666
1656.0;0.0;0.0;32.678333333333335
1662.0;0.0;0.0;35.038333333333334
1668.0;0.0;0.0;38.291666666666664
1674.0;0.0;0.0;38.928333333333335
1680.0;0.0;0.0;38.79666666666667
1686.0;0.0;0.0;38.07833333333333
1692.0;0.0;0.0;34.275
1698.0;0.0;0.0;33.26
1704.0;0.0;0.0;31.211666666666666
1710.0;0.0;0.0;29.14
1716.0;0.0;0.0;29.06
1722.0;0.0;0.0;29.335
1728.0;0.0;0.0;32.19166666666667
1734.0;0.0;0.0;35.425
1740.0;0.0;0.0;36.86833333333333
1746.0;0.0;0.0;39.031666666666666
1752.0;0.0;0.0;38.67166666666667
1758.0;0.0;0.0;37.87166666666667
1764.0;0.0;0.0;36.24166666666667
1770.0;0.0;0.0;33.81
1776.0;0.0;0.0;32.413333333333334
1782.0;0.0;0.0;30.55666666666667
1788.0;0.0;0.0;30.963333333333335
1794.0;0.0;0.0;31.76
