#auto generated file!
6.0;0.0;0.0;0.0
12.0;0.0;0.0;0.13125
18.0;0.0;0.0;2.208125
24.0;0.0;0.0;5.336875
30.0;0.0;0.0;9.589375
36.0;0.0;0.0;13.400625
42.0;0.0;0.0;18.225625
48.0;0.0;0.0;23.245625
54.0;0.0;0.0;27.69375
60.0;0.0;0.0;33.135625
66.0;0.0;0.0;35.59
72.0;0.0;0.0;35.68875
78.0;0.0;0.0;36.396875
84.0;0.0;0.0;35.71375
90.0;0.0;0.0;34.163125
96.0;0.0;0.0;32.07
102.0;0.0;0.0;31.714375
108.0;0.0;0.0;31.45375
114.0;0.0;0.0;31.440625
120.0;0.0;0.0;32.484375
126.0;0.0;0.0;32.58875
132.0;0.0;0.0;32.96125
138.0;0.0;0.0;34.995625
144.0;0.0;0.0;35.841875
150.0;0.0;0.0;36.560625
156.0;0.0;0.0;37.29625
162.0;0.0;0.0;36.83
168.0;0.0;0.0;36.373125
174.0;0.0;0.0;35.88875
180.0;0.0;0.0;34.873125
186.0;0.0;0.0;33.3775
192.0;0.0;0.0;31.80375
198.0;0.0;0.0;31.134375
204.0;0.0;0.0;30.856875
210.0;0.0;0.0;31.96875
216.0;0.0;0.0;33.513125
222.0;0.0;0.0;35.271875
228.0;0.0;0.0;37.580625
234.0;0.0;0.0;38.8725
240.0;0.0;0.0;38.98
246.0;0.0;0.0;37.221875
252.0;0.0;0.0;34.809375
258.0;0.0;0.0;32.395625
264.0;0.0;0.0;31.043125
270.0;0.0;0.0;30.141875
276.0;0.0;0.0;30.531875
282.0;0.0;0.0;31.615
288.0;0.0;0.0;32.92375
294.0;0.0;0.0;35.4375
300.0;0.0;0.0;36.235625
306.0;0.0;0.0;37.985
312.0;0.0;0.0;38.80625
318.0;0.0;0.0;38.25375
324.0;0.0;0.0;36.526875
330.0;0.0;0.0;35.39375
336.0;0.0;0.0;32.840625
342.0;0.0;0.0;31.010625
348.0;0.0;0.0;30.74875
354.0;0.0;0.0;31.368125
360.0;0.0;0.0;32.959375
366.0;0.0;0.0;32.76125
372.0;0.0;0.0;33.88625
378.0;0.0;0.0;36.049375
384.0;0.0;0.0;37.3675
390.0;0.0;0.0;38.04125
396.0;0.0;0.0;39.096875
402.0;0.0;0.0;37.46625
408.0;0.0;0.0;35.2775
414.0;0.0;0.0;34.319375
420.0;0.0;0.0;32.83125
426.0;0.0;0.0;31.531875
432.0;0.0;0.0;31.518125
438.0;0.0;0.0;32.66625
444.0;0.0;0.0;32.17625
450.0;0.0;0.0;32.888125
456.0;0.0;0.0;34.126875
462.0;0.0;0.0;36.390625
468.0;0.0;0.0;36.8625
474.0;0.0;0.0;37.506875
480.0;0.0;0.0;37.7
486.0;0.0;0.0;36.066875
492.0;0.0;0.0;33.305
498.0;0.0;0.0;32.01125
504.0;0.0;0.0;31.409375
510.0;0.0;0.0;31.470625
516.0;0.0;0.0;31.451875
522.0;0.0;0.0;31.385
528.0;0.0;0.0;32.79125
534.0;0.0;0.0;34.68875
540.0;0.0;0.0;36.70875
546.0;0.0;0.0;37.633125
552.0;0.0;0.0;38.053125
558.0;0.0;0.0;37.831875
564.0;0.0;0.0;36.569375
570.0;0.0;0.0;35.901875
576.0;0.0;0.0;34.253125
582.0;0.0;0.0;32.92875
588.0;0.0;0.0;32.228125
594.0;0.0;0.0;32.125
600.0;0.0;0.0;32.499375
606.0;0.0;0.0;32.7775
612.0;0.0;0.0;32.95625
618.0;0.0;0.0;34.59625
624.0;0.0;0.0;36.446875
630.0;0.0;0.0;37.9625
636.0;0.0;0.0;38.71125
642.0;0.0;0.0;38.295
648.0;0.0;0.0;36.06875
654.0;0.0;0.0;34.825
660.0;0.0;0.0;32.873125
666.0;0.0;0.0;31.236875
672.0;0.0;0.0;30.456875
678.0;0.0;0.0;30.7775
684.0;0.0;0.0;31.184375
690.0;0.0;0.0;33.516875
696.0;0.0;0.0;35.633125
702.0;0.0;0.0;37.169375
708.0;0.0;0.0;39.625625
714.0;0.0;0.0;40.061875
720.0;0.0;0.0;38.601875
726.0;0.0;0.0;36.738125
732.0;0.0;0.0;33.57
738.0;0.0;0.0;32.040625
744.0;0.0;0.0;31.340625
750.0;0.0;0.0;30.430625
756.0;0.0;0.0;30.85
762.0;0.0;0.0;31.433125
768.0;0.0;0.0;33.9275
774.0;0.0;0.0;35.609375
780.0;0.0;0.0;37.425
786.0;0.0;0.0;38.34125
792.0;0.0;0.0;37.843125
798.0;0.0;0.0;38.16375
804.0;0.0;0.0;36.97125
810.0;0.0;0.0;34.231875
816.0;0.0;0.0;32.469375
822.0;0.0;0.0;32.324375
828.0;0.0;0.0;32.375625
834.0;0.0;0.0;33.048125
840.0;0.0;0.0;33.694375
846.0;0.0;0.0;32.86125
852.0;0.0;0.0;32.5125
858.0;0.0;0.0;33.85125
864.0;0.0;0.0;35.460625
870.0;0.0;0.0;36.174375
876.0;0.0;0.0;37.14625
882.0;0.0;0.0;36.835625
888.0;0.0;0.0;36.2375
894.0;0.0;0.0;35.195
900.0;0.0;0.0;34.336875
906.0;0.0;0.0;33.36
912.0;0.0;0.0;31.261875
918.0;0.0;0.0;31.05
924.0;0.0;0.0;31.133125
930.0;0.0;0.0;31.79625
936.0;0.0;0.0;32.74875
942.0;0.0;0.0;35.63125
948.0;0.0;0.0;37.515625
954.0;0.0;0.0;38.4775
960.0;0.0;0.0;39.615
966.0;0.0;0.0;36.71625
972.0;0.0;0.0;33.84375
978.0;0.0;0.0;31.825
984.0;0.0;0.0;31.606875
990.0;0.0;0.0;30.734375
996.0;0.0;0.0;30.4925
1002.0;0.0;0.0;30.9325
1008.0;0.0;0.0;32.761875
1014.0;0.0;0.0;35.04125
1020.0;0.0;0.0;36.87
1026.0;0.0;0.0;39.139375
1032.0;0.0;0.0;38.82625
1038.0;0.0;0.0;38.364375
1044.0;0.0;0.0;36.578125
1050.0;0.0;0.0;34.496875
1056.0;0.0;0.0;31.695
1062.0;0.0;0.0;31.568125
1068.0;0.0;0.0;30.700625
1074.0;0.0;0.0;31.695
1080.0;0.0;0.0;32.420625
1086.0;0.0;0.0;33.254375
1092.0;0.0;0.0;33.258125
1098.0;0.0;0.0;35.74125
1104.0;0.0;0.0;37.0225
1110.0;0.0;0.0;38.380625
1116.0;0.0;0.0;37.899375
1122.0;0.0;0.0;37.120625
1128.0;0.0;0.0;34.516875
1134.0;0.0;0.0;33.423125
1140.0;0.0;0.0;32.88875
1146.0;0.0;0.0;32.491875
1152.0;0.0;0.0;31.995625
1158.0;0.0;0.0;31.46375
1164.0;0.0;0.0;31.840625
1170.0;0.0;0.0;32.994375
1176.0;0.0;0.0;34.381875
1182.0;0.0;0.0;35.3675
1188.0;0.0;0.0;36.434375
1194.0;0.0;0.0;37.8225
1200.0;0.0;0.0;37.309375
1206.0;0.0;0.0;36.031875
1212.0;0.0;0.0;33.7075
1218.0;0.0;0.0;31.49875
1224.0;0.0;0.0;31.216875
1230.0;0.0;0.0;31.259375
1236.0;0.0;0.0;31.3625
1242.0;0.0;0.0;31.46625
1248.0;0.0;0.0;31.3225
1254.0;0.0;0.0;33.771875
1260.0;0.0;0.0;36.224375
1266.0;0.0;0.0;36.6825
1272.0;0.0;0.0;37.911875
1278.0;0.0;0.0;38.675625
1284.0;0.0;0.0;37.775
1290.0;0.0;0.0;36.59375
1296.0;0.0;0.0;34.055625
1302.0;0.0;0.0;32.63375
1308.0;0.0;0.0;31.23125
1314.0;0.0;0.0;31.245625
1320.0;0.0;0.0;31.1
1326.0;0.0;0.0;31.74
1332.0;0.0;0.0;32.605625
1338.0;0.0;0.0;34.568125
1344.0;0.0;0.0;36.836875
1350.0;0.0;0.0;37.91875
1356.0;0.0;0.0;38.585
1362.0;0.0;0.0;37.4625
1368.0;0.0;0.0;36.145625
1374.0;0.0;0.0;34.55
1380.0;0.0;0.0;32.669375
1386.0;0.0;0.0;31.661875
1392.0;0.0;0.0;31.16875
1398.0;0.0;0.0;30.6925
1404.0;0.0;0.0;31.148125
1410.0;0.0;0.0;32.56375
1416.0;0.0;0.0;34.805
1422.0;0.0;0.0;36.68875
1428.0;0.0;0.0;38.325
1434.0;0.0;0.0;40.323125
1440.0;0.0;0.0;39.10625
1446.0;0.0;0.0;36.514375
1452.0;0.0;0.0;33.746875
1458.0;0.0;0.0;33.14625
1464.0;0.0;0.0;31.865
1470.0;0.0;0.0;30.9975
1476.0;0.0;0.0;31.959375
1482.0;0.0;0.0;32.566875
1488.0;0.0;0.0;34.34875
1494.0;0.0;0.0;35.8275
1500.0;0.0;0.0;37.560625
1506.0;0.0;0.0;37.705625
1512.0;0.0;0.0;37.785625
1518.0;0.0;0.0;37.465625
1524.0;0.0;0.0;36.236875
1530.0;0.0;0.0;34.079375
1536.0;0.0;0.0;32.535
1542.0;0.0;0.0;31.728125
1548.0;0.0;0.0;31.928125
1554.0;0.0;0.0;32.26625
1560.0;0.0;0.0;32.098125
1566.0;0.0;0.0;32.286875
1572.0;0.0;0.0;33.15875
1578.0;0.0;0.0;34.489375
1584.0;0.0;0.0;35.630625
1590.0;0.0;0.0;37.194375
1596.0;0.0;0.0;37.268125
1602.0;0.0;0.0;36.791875
1608.0;0.0;0.0;36.003125
1614.0;0.0;0.0;35.489375
1620.0;0.0;0.0;33.895625
1626.0;0.0;0.0;32.606875
1632.0;0.0;0.0;31.10125
1638.0;0.0;0.0;30.691875
1644.0;0.0;0.0;31.1525
1650.0;0.0;0.0;31.770625
1656.0;0.0;0.0;33.78
1662.0;0.0;0.0;35.285625
1668.0;0.0;0.0;37.6775
1674.0;0.0;0.0;39.533125
1680.0;0.0;0.0;39.409375
1686.0;0.0;0.0;37.22
1692.0;0.0;0.0;34.21
1698.0;0.0;0.0;32.25375
1704.0;0.0;0.0;30.605
1710.0;0.0;0.0;30.430625
1716.0;0.0;0.0;29.6375
1722.0;0.0;0.0;30.145625
1728.0;0.0;0.0;33.071875
1734.0;0.0;0.0;35.695
1740.0;0.0;0.0;37.17875
1746.0;0.0;0.0;38.208125
1752.0;0.0;0.0;38.50625
1758.0;0.0;0.0;37.473125
1764.0;0.0;0.0;35.96
1770.0;0.0;0.0;33.97625
1776.0;0.0;0.0;32.0125
1782.0;0.0;0.0;30.860625
1788.0;0.0;0.0;31.409375
1794.0;0.0;0.0;31.7525
