#auto generated file!
6.0;0.0;0.0;0.0
12.0;0.0;0.0;0.0625
18.0;0.0;0.0;1.8033333333333332
24.0;0.0;0.0;5.121666666666667
30.0;0.0;0.0;9.256666666666666
36.0;0.0;0.0;13.81
42.0;0.0;0.0;18.01
48.0;0.0;0.0;23.460833333333333
54.0;0.0;0.0;27.55666666666667
60.0;0.0;0.0;31.16
66.0;0.0;0.0;33.23416666666667
72.0;0.0;0.0;34.68666666666667
78.0;0.0;0.0;34.63333333333333
84.0;0.0;0.0;33.38666666666666
90.0;0.0;0.0;31.829166666666666
96.0;0.0;0.0;31.055
102.0;0.0;0.0;31.31
108.0;0.0;0.0;31.485833333333332
114.0;0.0;0.0;33.335
120.0;0.0;0.0;32.94166666666667
126.0;0.0;0.0;33.165
132.0;0.0;0.0;33.29416666666667
138.0;0.0;0.0;34.446666666666665
144.0;0.0;0.0;35.54833333333333
150.0;0.0;0.0;36.531666666666666
156.0;0.0;0.0;35.70166666666667
162.0;0.0;0.0;34.89833333333333
168.0;0.0;0.0;34.29333333333334
174.0;0.0;0.0;34.1225
180.0;0.0;0.0;33.446666666666665
186.0;0.0;0.0;32.531666666666666
192.0;0.0;0.0;30.486666666666668
198.0;0.0;0.0;30.5075
204.0;0.0;0.0;30.871666666666666
210.0;0.0;0.0;31.375833333333333
216.0;0.0;0.0;32.7025
222.0;0.0;0.0;34.8
228.0;0.0;0.0;36.85
234.0;0.0;0.0;38.098333333333336
240.0;0.0;0.0;38.39666666666667
246.0;0.0;0.0;36.3525
252.0;0.0;0.0;33.73083333333334
258.0;0.0;0.0;31.916666666666668
264.0;0.0;0.0;31.809166666666666
270.0;0.0;0.0;30.581666666666667
276.0;0.0;0.0;29.3625
282.0;0.0;0.0;30.015
288.0;0.0;0.0;30.36
294.0;0.0;0.0;33.46
300.0;0.0;0.0;36.8175
306.0;0.0;0.0;37.450833333333335
312.0;0.0;0.0;38.26833333333333
318.0;0.0;0.0;37.37916666666667
324.0;0.0;0.0;35.413333333333334
330.0;0.0;0.0;33.60166666666667
336.0;0.0;0.0;31.5275
342.0;0.0;0.0;30.754166666666666
348.0;0.0;0.0;31.241666666666667
354.0;0.0;0.0;31.405833333333334
360.0;0.0;0.0;31.335833333333333
366.0;0.0;0.0;32.4275
372.0;0.0;0.0;32.681666666666665
378.0;0.0;0.0;34.87166666666667
384.0;0.0;0.0;37.27916666666667
390.0;0.0;0.0;37.305
396.0;0.0;0.0;36.589166666666664
402.0;0.0;0.0;35.255
408.0;0.0;0.0;33.28666666666667
414.0;0.0;0.0;31.863333333333333
420.0;0.0;0.0;31.2575
426.0;0.0;0.0;30.606666666666666
432.0;0.0;0.0;29.725833333333334
438.0;0.0;0.0;30.655833333333334
444.0;0.0;0.0;29.948333333333334
450.0;0.0;0.0;31.6375
456.0;0.0;0.0;32.7075
462.0;0.0;0.0;34.08416666666667
468.0;0.0;0.0;35.88
474.0;0.0;0.0;36.62166666666667
480.0;0.0;0.0;35.74333333333333
486.0;0.0;0.0;35.39333333333333
492.0;0.0;0.0;33.76416666666667
498.0;0.0;0.0;32.965
504.0;0.0;0.0;33.075
510.0;0.0;0.0;32.13
516.0;0.0;0.0;31.664166666666667
522.0;0.0;0.0;31.695833333333333
528.0;0.0;0.0;31.653333333333332
534.0;0.0;0.0;33.83083333333333
540.0;0.0;0.0;35.446666666666665
546.0;0.0;0.0;36.384166666666665
552.0;0.0;0.0;37.46
558.0;0.0;0.0;36.9775
564.0;0.0;0.0;36.07416666666666
570.0;0.0;0.0;35.175
576.0;0.0;0.0;33.04833333333333
582.0;0.0;0.0;31.961666666666666
588.0;0.0;0.0;31.811666666666667
594.0;0.0;0.0;31.725833333333334
600.0;0.0;0.0;32.18833333333333
606.0;0.0;0.0;30.294166666666666
612.0;0.0;0.0;31.211666666666666
618.0;0.0;0.0;33.25666666666667
624.0;0.0;0.0;36.69583333333333
630.0;0.0;0.0;37.74333333333333
636.0;0.0;0.0;37.780833333333334
642.0;0.0;0.0;36.848333333333336
648.0;0.0;0.0;36.4375
654.0;0.0;0.0;34.895
660.0;0.0;0.0;31.794166666666666
666.0;0.0;0.0;31.544166666666666
672.0;0.0;0.0;30.68
678.0;0.0;0.0;30.546666666666667
684.0;0.0;0.0;31.233333333333334
690.0;0.0;0.0;31.8825
696.0;0.0;0.0;33.969166666666666
702.0;0.0;0.0;37.1925
708.0;0.0;0.0;38.54833333333333
714.0;0.0;0.0;39.4
720.0;0.0;0.0;38.3525
726.0;0.0;0.0;35.615833333333335
732.0;0.0;0.0;33.25416666666667
738.0;0.0;0.0;31.460833333333333
744.0;0.0;0.0;30.7375
750.0;0.0;0.0;30.905833333333334
756.0;0.0;0.0;31.303333333333335
762.0;0.0;0.0;30.8225
768.0;0.0;0.0;32.135
774.0;0.0;0.0;34.729166666666664
780.0;0.0;0.0;36.69916666666666
786.0;0.0;0.0;37.975833333333334
792.0;0.0;0.0;37.35916666666667
798.0;0.0;0.0;36.615833333333335
804.0;0.0;0.0;34.8025
810.0;0.0;0.0;32.7275
816.0;0.0;0.0;31.050833333333333
822.0;0.0;0.0;31.461666666666666
828.0;0.0;0.0;31.639166666666668
834.0;0.0;0.0;31.895833333333332
840.0;0.0;0.0;31.821666666666665
846.0;0.0;0.0;31.140833333333333
852.0;0.0;0.0;31.414166666666667
858.0;0.0;0.0;33.64666666666667
864.0;0.0;0.0;35.79833333333333
870.0;0.0;0.0;35.68666666666667
876.0;0.0;0.0;35.94083333333333
882.0;0.0;0.0;35.524166666666666
888.0;0.0;0.0;35.233333333333334
894.0;0.0;0.0;35.659166666666664
900.0;0.0;0.0;32.28333333333333
906.0;0.0;0.0;31.92
912.0;0.0;0.0;31.4625
918.0;0.0;0.0;30.9125
924.0;0.0;0.0;30.5375
930.0;0.0;0.0;31.4375
936.0;0.0;0.0;32.27916666666667
942.0;0.0;0.0;35.19833333333333
948.0;0.0;0.0;38.244166666666665
954.0;0.0;0.0;39.665
960.0;0.0;0.0;38.29
966.0;0.0;0.0;36.81166666666667
972.0;0.0;0.0;33.80166666666667
978.0;0.0;0.0;32.215833333333336
984.0;0.0;0.0;30.945833333333333
990.0;0.0;0.0;30.156666666666666
996.0;0.0;0.0;28.914166666666667
1002.0;0.0;0.0;30.525833333333335
1008.0;0.0;0.0;31.83416666666667
1014.0;0.0;0.0;33.6275
1020.0;0.0;0.0;36.149166666666666
1026.0;0.0;0.0;38.79333333333334
1032.0;0.0;0.0;38.35583333333334
1038.0;0.0;0.0;38.2175
1044.0;0.0;0.0;36.12083333333333
1050.0;0.0;0.0;33.2425
1056.0;0.0;0.0;31.7525
1062.0;0.0;0.0;30.47833333333333
1068.0;0.0;0.0;30.835833333333333
1074.0;0.0;0.0;31.61
1080.0;0.0;0.0;32.25416666666667
1086.0;0.0;0.0;31.795
1092.0;0.0;0.0;33.05166666666667
1098.0;0.0;0.0;34.2075
1104.0;0.0;0.0;36.0825
1110.0;0.0;0.0;37.355
1116.0;0.0;0.0;36.82833333333333
1122.0;0.0;0.0;35.693333333333335
1128.0;0.0;0.0;34.983333333333334
1134.0;0.0;0.0;33.75083333333333
1140.0;0.0;0.0;33.11833333333333
1146.0;0.0;0.0;32.700833333333335
1152.0;0.0;0.0;31.439166666666665
1158.0;0.0;0.0;30.781666666666666
1164.0;0.0;0.0;31.286666666666665
1170.0;0.0;0.0;32.560833333333335
1176.0;0.0;0.0;33.36083333333333
1182.0;0.0;0.0;34.5125
1188.0;0.0;0.0;36.36833333333333
1194.0;0.0;0.0;37.7075
1200.0;0.0;0.0;37.46333333333333
1206.0;0.0;0.0;35.49333333333333
1212.0;0.0;0.0;33.21083333333333
1218.0;0.0;0.0;32.22666666666667
1224.0;0.0;0.0;32.50833333333333
1230.0;0.0;0.0;30.88083333333333
1236.0;0.0;0.0;29.289166666666667
1242.0;0.0;0.0;29.703333333333333
1248.0;0.0;0.0;29.89
1254.0;0.0;0.0;31.788333333333334
1260.0;0.0;0.0;34.685833333333335
1266.0;0.0;0.0;36.6825
1272.0;0.0;0.0;36.94416666666667
1278.0;0.0;0.0;36.79416666666667
1284.0;0.0;0.0;36.37
1290.0;0.0;0.0;35.07333333333333
1296.0;0.0;0.0;32.1675
1302.0;0.0;0.0;31.11916666666667
1308.0;0.0;0.0;30.1975
1314.0;0.0;0.0;30.054166666666667
1320.0;0.0;0.0;30.313333333333333
1326.0;0.0;0.0;29.490833333333335
1332.0;0.0;0.0;31.245833333333334
1338.0;0.0;0.0;33.37416666666667
1344.0;0.0;0.0;37.0375
1350.0;0.0;0.0;38.5325
1356.0;0.0;0.0;38.651666666666664
1362.0;0.0;0.0;37.08166666666666
1368.0;0.0;0.0;35.6325
1374.0;0.0;0.0;32.70666666666666
1380.0;0.0;0.0;32.954166666666666
1386.0;0.0;0.0;31.183333333333334
1392.0;0.0;0.0;30.143333333333334
1398.0;0.0;0.0;29.9625
1404.0;0.0;0.0;30.73
1410.0;0.0;0.0;32.42916666666667
1416.0;0.0;0.0;33.865
1422.0;0.0;0.0;35.248333333333335
1428.0;0.0;0.0;36.80416666666667
1434.0;0.0;0.0;37.87
1440.0;0.0;0.0;38.350833333333334
1446.0;0.0;0.0;35.98916666666667
1452.0;0.0;0.0;32.711666666666666
1458.0;0.0;0.0;30.970833333333335
1464.0;0.0;0.0;31.490833333333335
1470.0;0.0;0.0;31.25583333333333
1476.0;0.0;0.0;31.511666666666667
1482.0;0.0;0.0;31.8925
1488.0;0.0;0.0;32.62583333333333
1494.0;0.0;0.0;34.16833333333334
1500.0;0.0;0.0;36.17333333333333
1506.0;0.0;0.0;37.23166666666667
1512.0;0.0;0.0;36.44083333333333
1518.0;0.0;0.0;36.01916666666666
1524.0;0.0;0.0;34.9325
1530.0;0.0;0.0;33.513333333333335
1536.0;0.0;0.0;32.36083333333333
1542.0;0.0;0.0;31.050833333333333
1548.0;0.0;0.0;31.650833333333335
1554.0;0.0;0.0;31.901666666666667
1560.0;0.0;0.0;31.204166666666666
1566.0;0.0;0.0;31.22
1572.0;0.0;0.0;30.97
1578.0;0.0;0.0;31.955833333333334
1584.0;0.0;0.0;35.251666666666665
1590.0;0.0;0.0;36.5475
1596.0;0.0;0.0;36.52166666666667
1602.0;0.0;0.0;36.405833333333334
1608.0;0.0;0.0;35.486666666666665
1614.0;0.0;0.0;35.89
1620.0;0.0;0.0;33.818333333333335
1626.0;0.0;0.0;32.715
1632.0;0.0;0.0;31.651666666666667
1638.0;0.0;0.0;30.703333333333333
1644.0;0.0;0.0;30.2075
1650.0;0.0;0.0;31.10333333333333
1656.0;0.0;0.0;32.385
1662.0;0.0;0.0;34.81916666666667
1668.0;0.0;0.0;38.130833333333335
1674.0;0.0;0.0;39.223333333333336
1680.0;0.0;0.0;39.745
1686.0;0.0;0.0;37.48583333333333
1692.0;0.0;0.0;33.3725
1698.0;0.0;0.0;31.1775
1704.0;0.0;0.0;29.653333333333332
1710.0;0.0;0.0;29.024166666666666
1716.0;0.0;0.0;28.788333333333334
1722.0;0.0;0.0;29.55
1728.0;0.0;0.0;30.444166666666668
1734.0;0.0;0.0;33.76
1740.0;0.0;0.0;35.95
1746.0;0.0;0.0;36.80583333333333
1752.0;0.0;0.0;37.380833333333335
1758.0;0.0;0.0;38.225
1764.0;0.0;0.0;35.4325
1770.0;0.0;0.0;34.1275
1776.0;0.0;0.0;32.19583333333333
1782.0;0.0;0.0;31.773333333333333
1788.0;0.0;0.0;30.686666666666667
1794.0;0.0;0.0;31.544166666666666
