#auto generated file!
6.0;0.0;0.0;0.0
12.0;0.0;0.0;0.23
18.0;0.0;0.0;2.5105555555555554
24.0;0.0;0.0;6.248333333333333
30.0;0.0;0.0;9.85
36.0;0.0;0.0;14.609444444444444
42.0;0.0;0.0;18.94333333333333
48.0;0.0;0.0;23.825555555555557
54.0;0.0;0.0;28.85333333333333
60.0;0.0;0.0;32.74166666666667
66.0;0.0;0.0;33.925
72.0;0.0;0.0;35.24944444444444
78.0;0.0;0.0;35.395
84.0;0.0;0.0;34.757777777777775
90.0;0.0;0.0;33.047222222222224
96.0;0.0;0.0;30.426666666666666
102.0;0.0;0.0;31.293333333333333
108.0;0.0;0.0;30.868333333333332
114.0;0.0;0.0;31.778333333333332
120.0;0.0;0.0;32.876666666666665
126.0;0.0;0.0;32.778333333333336
132.0;0.0;0.0;34.19
138.0;0.0;0.0;34.605
144.0;0.0;0.0;36.39333333333333
150.0;0.0;0.0;37.22277777777778
156.0;0.0;0.0;36.94111111111111
162.0;0.0;0.0;35.629444444444445
168.0;0.0;0.0;35.08
174.0;0.0;0.0;33.19555555555556
180.0;0.0;0.0;32.833333333333336
186.0;0.0;0.0;32.089444444444446
192.0;0.0;0.0;31.41888888888889
198.0;0.0;0.0;31.473333333333333
204.0;0.0;0.0;31.607777777777777
210.0;0.0;0.0;32.59888888888889
216.0;0.0;0.0;34.08111111111111
222.0;0.0;0.0;35.97555555555556
228.0;0.0;0.0;37.94444444444444
234.0;0.0;0.0;39.47666666666667
240.0;0.0;0.0;39.05166666666667
246.0;0.0;0.0;36.67888888888889
252.0;0.0;0.0;33.498333333333335
258.0;0.0;0.0;32.291666666666664
264.0;0.0;0.0;31.24
270.0;0.0;0.0;30.88277777777778
276.0;0.0;0.0;31.026666666666667
282.0;0.0;0.0;31.031111111111112
288.0;0.0;0.0;32.73111111111111
294.0;0.0;0.0;35.32277777777778
300.0;0.0;0.0;38.123333333333335
306.0;0.0;0.0;40.095
312.0;0.0;0.0;39.79
318.0;0.0;0.0;38.06722222222222
324.0;0.0;0.0;36.45666666666666
330.0;0.0;0.0;34.12611111111111
336.0;0.0;0.0;31.281666666666666
342.0;0.0;0.0;29.857222222222223
348.0;0.0;0.0;30.199444444444445
354.0;0.0;0.0;30.175555555555555
360.0;0.0;0.0;31.586666666666666
366.0;0.0;0.0;32.48888888888889
372.0;0.0;0.0;33.42777777777778
378.0;0.0;0.0;36.61611111111111
384.0;0.0;0.0;38.74666666666667
390.0;0.0;0.0;38.827777777777776
396.0;0.0;0.0;38.395
402.0;0.0;0.0;36.46944444444444
408.0;0.0;0.0;34.92611111111111
414.0;0.0;0.0;33.03722222222222
420.0;0.0;0.0;31.50722222222222
426.0;0.0;0.0;31.3
432.0;0.0;0.0;30.95111111111111
438.0;0.0;0.0;31.665
444.0;0.0;0.0;32.522222222222226
450.0;0.0;0.0;33.00611111111111
456.0;0.0;0.0;34.48111111111111
462.0;0.0;0.0;36.135555555555555
468.0;0.0;0.0;36.910555555555554
474.0;0.0;0.0;37.638333333333335
480.0;0.0;0.0;37.43555555555555
486.0;0.0;0.0;35.72222222222222
492.0;0.0;0.0;33.35055555555556
498.0;0.0;0.0;31.76388888888889
504.0;0.0;0.0;32.37388888888889
510.0;0.0;0.0;30.951666666666668
516.0;0.0;0.0;30.700555555555557
522.0;0.0;0.0;31.540555555555557
528.0;0.0;0.0;33.083888888888886
534.0;0.0;0.0;34.77
540.0;0.0;0.0;36.45722222222222
546.0;0.0;0.0;37.404444444444444
552.0;0.0;0.0;37.74444444444445
558.0;0.0;0.0;37.971111111111114
564.0;0.0;0.0;36.49055555555555
570.0;0.0;0.0;34.24944444444444
576.0;0.0;0.0;32.196666666666665
582.0;0.0;0.0;31.29722222222222
588.0;0.0;0.0;30.898888888888887
594.0;0.0;0.0;31.994444444444444
600.0;0.0;0.0;32.12833333333333
606.0;0.0;0.0;33.20944444444444
612.0;0.0;0.0;33.089444444444446
618.0;0.0;0.0;35.791111111111114
624.0;0.0;0.0;37.815
630.0;0.0;0.0;38.635
636.0;0.0;0.0;39.14055555555556
642.0;0.0;0.0;37.400555555555556
648.0;0.0;0.0;35.48777777777778
654.0;0.0;0.0;33.53333333333333
660.0;0.0;0.0;31.59611111111111
666.0;0.0;0.0;30.362222222222222
672.0;0.0;0.0;30.157777777777778
678.0;0.0;0.0;30.649444444444445
684.0;0.0;0.0;31.955555555555556
690.0;0.0;0.0;33.35388888888889
696.0;0.0;0.0;35.31111111111111
702.0;0.0;0.0;37.58166666666666
708.0;0.0;0.0;39.99777777777778
714.0;0.0;0.0;39.388888888888886
720.0;0.0;0.0;37.79666666666667
726.0;0.0;0.0;35.486111111111114
732.0;0.0;0.0;32.51166666666666
738.0;0.0;0.0;31.52777777777778
744.0;0.0;0.0;30.813333333333333
750.0;0.0;0.0;30.477222222222224
756.0;0.0;0.0;30.675555555555555
762.0;0.0;0.0;31.615555555555556
768.0;0.0;0.0;33.96611111111111
774.0;0.0;0.0;35.48555555555556
780.0;0.0;0.0;37.532222222222224
786.0;0.0;0.0;38.931111111111115
792.0;0.0;0.0;38.485
798.0;0.0;0.0;37.61888888888889
804.0;0.0;0.0;34.63777777777778
810.0;0.0;0.0;32.87555555555556
816.0;0.0;0.0;31.775
822.0;0.0;0.0;30.36722222222222
828.0;0.0;0.0;31.798333333333332
834.0;0.0;0.0;33.13666666666666
840.0;0.0;0.0;33.60777777777778
846.0;0.0;0.0;33.94611111111111
852.0;0.0;0.0;34.218333333333334
858.0;0.0;0.0;35.42111111111111
864.0;0.0;0.0;36.86888888888889
870.0;0.0;0.0;36.949444444444445
876.0;0.0;0.0;36.83
882.0;0.0;0.0;36.16111111111111
888.0;0.0;0.0;34.782222222222224
894.0;0.0;0.0;33.57888888888889
900.0;0.0;0.0;32.812222222222225
906.0;0.0;0.0;31.342222222222222
912.0;0.0;0.0;30.462777777777777
918.0;0.0;0.0;30.20388888888889
924.0;0.0;0.0;30.926666666666666
930.0;0.0;0.0;32.20111111111111
936.0;0.0;0.0;34.047777777777775
942.0;0.0;0.0;35.95777777777778
948.0;0.0;0.0;38.03111111111111
954.0;0.0;0.0;38.99722222222222
960.0;0.0;0.0;38.65777777777778
966.0;0.0;0.0;36.797222222222224
972.0;0.0;0.0;33.638333333333335
978.0;0.0;0.0;31.831666666666667
984.0;0.0;0.0;30.514444444444443
990.0;0.0;0.0;29.872222222222224
996.0;0.0;0.0;30.41111111111111
1002.0;0.0;0.0;30.911666666666665
1008.0;0.0;0.0;32.11611111111111
1014.0;0.0;0.0;35.297222222222224
1020.0;0.0;0.0;37.27444444444444
1026.0;0.0;0.0;38.54055555555556
1032.0;0.0;0.0;39.61388888888889
1038.0;0.0;0.0;38.090555555555554
1044.0;0.0;0.0;36.25666666666667
1050.0;0.0;0.0;33.67722222222222
1056.0;0.0;0.0;31.976111111111113
1062.0;0.0;0.0;30.110555555555557
1068.0;0.0;0.0;30.316111111111113
1074.0;0.0;0.0;31.014444444444443
1080.0;0.0;0.0;32.443333333333335
1086.0;0.0;0.0;32.59722222222222
1092.0;0.0;0.0;34.37888888888889
1098.0;0.0;0.0;36.05111111111111
1104.0;0.0;0.0;37.657222222222224
1110.0;0.0;0.0;37.73277777777778
1116.0;0.0;0.0;36.733333333333334
1122.0;0.0;0.0;35.36944444444445
1128.0;0.0;0.0;34.245
1134.0;0.0;0.0;32.74611111111111
1140.0;0.0;0.0;32.224444444444444
1146.0;0.0;0.0;31.75611111111111
1152.0;0.0;0.0;31.886111111111113
1158.0;0.0;0.0;32.45333333333333
1164.0;0.0;0.0;33.05222222222222
1170.0;0.0;0.0;33.29555555555555
1176.0;0.0;0.0;34.11666666666667
1182.0;0.0;0.0;36.202222222222225
1188.0;0.0;0.0;38.00333333333333
1194.0;0.0;0.0;38.720555555555556
1200.0;0.0;0.0;37.38722222222222
1206.0;0.0;0.0;36.62833333333333
1212.0;0.0;0.0;34.205555555555556
1218.0;0.0;0.0;33.79666666666667
1224.0;0.0;0.0;33.00222222222222
1230.0;0.0;0.0;31.91
1236.0;0.0;0.0;31.686666666666667
1242.0;0.0;0.0;31.846666666666668
1248.0;0.0;0.0;32.922777777777775
1254.0;0.0;0.0;34.745555555555555
1260.0;0.0;0.0;36.943333333333335
1266.0;0.0;0.0;38.74888888888889
1272.0;0.0;0.0;38.297777777777775
1278.0;0.0;0.0;37.41722222222222
1284.0;0.0;0.0;36.685
1290.0;0.0;0.0;34.51833333333333
1296.0;0.0;0.0;32.64111111111111
1302.0;0.0;0.0;31.076666666666668
1308.0;0.0;0.0;30.162222222222223
1314.0;0.0;0.0;30.20388888888889
1320.0;0.0;0.0;31.017222222222223
1326.0;0.0;0.0;32.44277777777778
1332.0;0.0;0.0;33.40833333333333
1338.0;0.0;0.0;36.08833333333333
1344.0;0.0;0.0;38.025555555555556
1350.0;0.0;0.0;39.51166666666666
1356.0;0.0;0.0;39.379444444444445
1362.0;0.0;0.0;37.53388888888889
1368.0;0.0;0.0;35.318333333333335
1374.0;0.0;0.0;32.81444444444445
1380.0;0.0;0.0;32.20166666666667
1386.0;0.0;0.0;31.41611111111111
1392.0;0.0;0.0;31.16722222222222
1398.0;0.0;0.0;31.06
1404.0;0.0;0.0;31.545555555555556
1410.0;0.0;0.0;33.18055555555556
1416.0;0.0;0.0;35.285555555555554
1422.0;0.0;0.0;37.108333333333334
1428.0;0.0;0.0;38.528888888888886
1434.0;0.0;0.0;38.577222222222225
1440.0;0.0;0.0;37.56111111111111
1446.0;0.0;0.0;34.48
1452.0;0.0;0.0;31.58888888888889
1458.0;0.0;0.0;30.911666666666665
1464.0;0.0;0.0;30.275555555555556
1470.0;0.0;0.0;30.889444444444443
1476.0;0.0;0.0;31.63722222222222
1482.0;0.0;0.0;32.87222222222222
1488.0;0.0;0.0;34.702777777777776
1494.0;0.0;0.0;36.303333333333335
1500.0;0.0;0.0;37.098333333333336
1506.0;0.0;0.0;37.23833333333334
1512.0;0.0;0.0;37.425555555555555
1518.0;0.0;0.0;37.098333333333336
1524.0;0.0;0.0;35.595555555555556
1530.0;0.0;0.0;33.42166666666667
1536.0;0.0;0.0;32.681666666666665
1542.0;0.0;0.0;32.62166666666667
1548.0;0.0;0.0;32.93666666666667
1554.0;0.0;0.0;32.91555555555556
1560.0;0.0;0.0;32.28611111111111
1566.0;0.0;0.0;32.25555555555555
1572.0;0.0;0.0;32.91444444444444
1578.0;0.0;0.0;34.45055555555555
1584.0;0.0;0.0;36.53388888888889
1590.0;0.0;0.0;37.80277777777778
1596.0;0.0;0.0;37.58888888888889
1602.0;0.0;0.0;36.13666666666666
1608.0;0.0;0.0;35.733333333333334
1614.0;0.0;0.0;33.83166666666666
1620.0;0.0;0.0;32.90611111111111
1626.0;0.0;0.0;32.27166666666667
1632.0;0.0;0.0;31.22833333333333
1638.0;0.0;0.0;30.185
1644.0;0.0;0.0;31.403333333333332
1650.0;0.0;0.0;32.49722222222222
1656.0;0.0;0.0;34.38611111111111
1662.0;0.0;0.0;36.016666666666666
1668.0;0.0;0.0;37.54
1674.0;0.0;0.0;39.05222222222222
1680.0;0.0;0.0;38.19444444444444
1686.0;0.0;0.0;35.532222222222224
1692.0;0.0;0.0;33.022777777777776
1698.0;0.0;0.0;31.331666666666667
1704.0;0.0;0.0;29.903333333333332
1710.0;0.0;0.0;29.22111111111111
1716.0;0.0;0.0;30.00611111111111
1722.0;0.0;0.0;30.880555555555556
1728.0;0.0;0.0;33.395
1734.0;0.0;0.0;35.22888888888889
1740.0;0.0;0.0;37.848333333333336
1746.0;0.0;0.0;39.51555555555556
1752.0;0.0;0.0;39.64833333333333
1758.0;0.0;0.0;38.14555555555555
1764.0;0.0;0.0;35.46666666666667
1770.0;0.0;0.0;32.98555555555556
1776.0;0.0;0.0;30.932222222222222
1782.0;0.0;0.0;29.88
1788.0;0.0;0.0;30.28
1794.0;0.0;0.0;32.07277777777778
