#auto generated file!
12.0;131;137;122;151;134;155;168;125;143;134
18.0;135;138;126;153;135;151;163;123;143;133
24.0;138;139;128;157;137;150;162;121;139;129
30.0;142;137;136;158;138;153;162;117;136;121
36.0;147;137;135;158;135;153;158;116;135;126
42.0;149;138;133;157;137;154;160;118;128;126
48.0;153;141;142;159;137;155;155;114;121;123
54.0;156;149;144;157;135;159;150;114;121;115
60.0;161;159;144;160;133;157;147;109;117;113
66.0;163;162;145;164;134;163;144;102;112;111
72.0;158;162;144;165;138;167;143;102;111;110
78.0;159;162;148;165;140;170;138;107;110;101
84.0;163;159;147;168;142;172;135;108;111;95
90.0;167;163;146;169;142;176;129;105;108;95
96.0;170;166;149;174;145;175;122;103;104;92
102.0;172;166;153;177;144;176;116;102;105;89
108.0;176;170;153;182;143;174;115;100;101;86
114.0;176;172;159;184;145;169;114;97;101;83
120.0;179;169;157;184;146;174;114;99;101;77
126.0;182;165;158;182;146;178;117;95;101;76
132.0;182;167;161;181;147;176;116;94;100;76
138.0;181;171;158;180;149;178;118;87;103;75
144.0;187;174;159;183;147;179;120;84;99;68
150.0;191;173;156;183;152;182;118;85;94;66
156.0;195;176;156;186;152;182;111;87;93;62
162.0;198;178;159;188;153;182;103;83;94;62
168.0;200;183;166;184;151;178;102;81;91;64
174.0;201;187;165;179;152;179;102;79;91;65
180.0;203;189;161;178;151;178;103;81;88;68
186.0;205;192;161;176;152;180;101;74;91;68
192.0;203;190;161;175;149;182;101;81;89;69
198.0;206;194;163;169;150;180;103;80;89;66
204.0;204;198;168;165;145;182;103;77;89;69
210.0;204;199;170;165;146;183;104;79;83;67
216.0;203;200;168;164;151;186;101;78;82;67
222.0;203;201;171;163;151;188;101;73;82;67
228.0;205;201;173;166;150;184;100;74;78;69
234.0;207;201;174;163;149;185;101;75;74;71
240.0;211;203;170;162;152;186;100;70;75;71
246.0;212;207;170;162;153;183;100;68;75;70
252.0;215;207;172;159;152;187;103;69;70;66
258.0;217;210;174;157;151;186;101;68;69;67
264.0;217;208;177;158;148;186;100;70;66;70
270.0;215;207;178;164;149;187;99;68;63;70
276.0;214;208;179;164;148;187;98;70;64;68
282.0;212;208;181;161;146;185;100;68;69;70
288.0;212;207;181;167;147;183;107;65;66;65
294.0;213;205;180;167;147;183;107;67;70;61
300.0;212;201;182;169;147;185;104;65;72;63
306.0;213;203;184;172;150;182;100;66;66;64
312.0;213;205;190;170;151;184;95;66;63;63
318.0;217;207;192;169;151;188;90;63;63;60
324.0;216;209;189;172;153;187;88;66;60;60
330.0;217;209;189;175;151;186;88;64;61;60
336.0;218;209;189;173;151;188;85;68;59;60
342.0;223;209;180;178;149;191;83;68;58;61
348.0;228;205;178;180;149;192;82;63;61;62
354.0;227;205;176;178;152;194;77;62;64;65
360.0;226;204;177;179;148;195;76;65;65;65
366.0;228;205;176;180;153;193;71;66;65;63
372.0;229;206;174;181;153;192;72;66;65;62
378.0;228;206;174;182;151;193;73;67;63;63
384.0;227;210;173;182;156;190;70;68;62;62
390.0;230;209;175;182;158;194;68;63;59;62
396.0;233;212;177;182;159;190;60;63;58;66
402.0;235;219;176;184;161;184;57;62;57;65
408.0;237;216;177;180;161;179;57;65;58;70
414.0;237;220;178;179;159;179;58;64;57;69
420.0;236;224;178;176;159;182;55;61;59;70
426.0;237;224;180;176;159;176;59;61;58;70
432.0;234;226;178;177;158;177;65;59;60;66
438.0;233;230;178;180;159;170;67;60;60;63
444.0;235;229;174;179;162;167;71;58;61;64
450.0;232;230;176;173;160;165;75;60;63;66
456.0;235;232;175;176;159;163;70;60;65;65
462.0;235;231;178;177;159;158;69;61;66;66
468.0;238;233;186;179;153;160;64;57;66;64
474.0;234;230;187;177;156;158;65;62;64;67
480.0;233;231;188;175;150;168;63;60;63;69
486.0;231;232;190;174;148;172;61;59;64;69
492.0;232;233;188;175;146;172;63;60;63;68
498.0;236;230;187;174;145;168;68;62;65;65
504.0;235;232;186;173;147;166;72;60;63;66
510.0;239;227;185;171;146;167;75;60;64;66
516.0;237;229;186;170;144;170;77;59;62;66
522.0;238;225;182;176;143;169;75;58;67;67
528.0;241;227;186;176;137;169;75;57;66;66
534.0;241;226;185;172;137;169;78;56;68;68
540.0;241;227;183;169;139;167;79;59;67;69
546.0;242;228;184;170;145;168;75;57;66;65
552.0;244;231;180;169;142;167;77;60;66;64
558.0;242;233;179;168;142;168;78;67;62;61
564.0;242;230;181;168;143;169;77;66;61;63
570.0;241;229;187;166;143;171;81;63;58;61
576.0;242;227;187;170;143;167;80;65;58;61
582.0;242;226;186;170;146;166;79;69;59;57
588.0;241;227;188;172;146;168;80;68;57;53
594.0;243;228;189;171;146;167;75;69;58;54
600.0;249;229;191;169;145;167;70;70;59;51
606.0;250;226;188;167;146;169;76;68;59;51
612.0;253;233;186;166;147;166;75;65;59;50
618.0;250;231;182;167;152;165;79;60;61;53
624.0;249;232;185;163;153;164;76;61;64;53
630.0;251;232;186;163;154;161;73;59;66;55
636.0;249;237;183;163;157;160;72;59;64;56
642.0;249;236;186;164;159;165;67;57;62;55
648.0;248;237;183;162;158;162;68;60;68;54
654.0;243;242;178;167;159;161;69;62;69;50
660.0;246;243;179;165;159;162;66;62;63;55
666.0;250;241;179;166;162;162;62;60;64;54
672.0;250;240;180;166;163;160;66;59;61;55
678.0;249;241;183;160;163;159;66;58;61;60
684.0;250;240;183;160;167;160;61;54;64;61
690.0;249;238;177;162;164;163;63;58;61;65
696.0;252;236;169;160;165;162;66;63;62;65
702.0;252;241;167;160;164;161;63;65;63;64
708.0;253;244;167;159;164;163;64;65;61;60
714.0;252;247;169;159;160;169;64;59;61;60
720.0;253;244;164;160;158;167;64;63;63;64
726.0;257;247;161;159;154;171;66;65;58;62
732.0;253;242;162;160;160;169;63;66;59;66
738.0;251;243;162;157;164;168;59;68;60;68
744.0;259;244;166;156;160;167;59;64;57;68
750.0;261;243;166;161;156;173;61;63;54;62
756.0;262;243;164;164;155;173;61;63;56;59
762.0;261;244;163;165;155;173;64;61;53;61
768.0;261;245;159;165;155;175;63;60;55;62
774.0;264;246;160;166;153;177;59;59;57;59
780.0;263;248;158;165;151;181;59;57;60;58
786.0;260;248;159;163;152;186;58;55;61;58
792.0;258;246;159;161;154;189;58;57;61;57
798.0;257;248;156;158;156;190;59;57;62;57
804.0;256;245;157;159;149;194;64;59;60;57
810.0;254;243;159;165;149;190;63;62;58;57
816.0;253;245;160;168;151;190;62;60;57;54
822.0;253;247;160;175;148;185;58;60;59;55
828.0;251;250;162;169;146;182;61;64;62;53
834.0;250;248;162;169;144;182;63;59;65;58
840.0;252;246;160;164;148;185;59;58;66;62
846.0;254;245;156;163;151;186;59;58;67;61
852.0;253;246;155;165;156;184;59;58;65;59
858.0;254;248;156;166;151;181;60;61;66;57
864.0;255;248;156;164;152;182;62;59;65;57
870.0;257;250;154;162;151;182;65;56;65;58
876.0;256;252;155;160;150;185;68;51;61;62
882.0;254;253;156;158;151;183;68;54;62;61
888.0;252;254;163;156;151;179;64;54;63;64
894.0;252;254;166;154;152;177;65;54;63;63
900.0;254;255;161;153;153;176;66;54;64;64
906.0;255;259;160;153;144;182;67;54;63;63
912.0;255;257;158;149;144;182;75;50;65;65
918.0;256;262;158;147;139;179;77;49;65;68
924.0;252;260;161;149;138;180;77;50;66;67
930.0;251;260;158;150;140;180;75;54;65;67
936.0;254;259;157;153;142;179;77;53;60;66
942.0;252;258;158;156;144;177;76;51;61;67
948.0;250;259;155;159;143;175;78;50;61;70
954.0;250;264;156;161;140;179;74;49;56;71
960.0;251;266;153;163;138;177;73;49;58;72
966.0;248;266;152;159;136;180;79;50;60;70
972.0;246;267;156;155;137;183;75;51;63;67
978.0;245;265;154;155;141;183;75;49;67;66
984.0;247;265;152;154;142;182;71;51;68;68
990.0;249;263;153;157;143;182;70;50;67;66
996.0;247;264;149;153;141;181;70;56;70;69
1002.0;251;265;145;152;141;180;73;56;70;67
1008.0;253;269;141;149;145;179;70;56;71;67
1014.0;253;268;137;148;146;183;73;59;68;65
1020.0;259;263;141;146;141;182;75;60;64;69
1026.0;261;265;140;145;140;184;69;58;67;71
1032.0;261;267;146;146;136;187;66;55;67;69
1038.0;259;266;145;148;136;188;67;55;69;67
1044.0;259;269;143;146;135;192;67;57;66;66
1050.0;262;266;140;143;136;190;72;58;67;66
1056.0;259;272;137;150;135;183;70;60;65;69
1062.0;259;277;137;147;136;179;68;63;66;68
1068.0;257;278;138;149;134;175;68;63;70;68
1074.0;259;276;139;152;136;173;63;66;68;68
1080.0;258;276;135;151;145;172;64;68;63;68
1086.0;254;275;137;151;145;174;62;75;59;68
1092.0;258;271;139;154;141;172;62;73;65;65
1098.0;255;271;139;155;141;171;61;71;68;68
1104.0;252;270;142;156;140;169;63;72;71;65
1110.0;250;270;142;156;145;169;65;72;68;63
1116.0;251;270;145;156;148;168;62;68;69;63
1122.0;253;272;144;155;148;165;62;71;69;61
1128.0;252;270;144;156;152;166;62;69;71;58
1134.0;253;267;144;159;154;169;62;63;67;62
1140.0;250;263;145;155;153;173;61;63;71;66
1146.0;246;264;147;157;154;173;62;57;73;67
1152.0;249;262;145;158;154;174;63;54;71;70
1158.0;244;260;148;164;154;172;63;55;67;73
1164.0;245;261;144;164;156;168;63;58;70;71
1170.0;246;260;141;166;158;168;64;55;71;71
1176.0;248;257;143;163;166;168;64;54;67;70
1182.0;253;259;139;164;164;168;66;51;68;68
1188.0;252;260;138;165;165;169;66;51;70;64
1194.0;253;259;140;168;163;166;62;53;69;67
1200.0;253;261;142;166;166;165;62;52;69;64
1206.0;253;262;143;166;168;164;63;51;67;63
1212.0;252;261;143;167;168;161;59;51;71;67
1218.0;246;262;149;162;169;158;58;53;75;68
1224.0;243;258;149;165;170;159;57;54;77;68
1230.0;241;258;147;165;167;160;59;53;83;67
1236.0;244;257;143;158;169;163;64;52;83;67
1242.0;239;258;142;162;170;164;65;52;83;65
1248.0;240;258;144;157;170;164;66;59;79;63
1254.0;240;257;148;157;167;166;66;59;76;64
1260.0;240;257;148;165;165;163;67;59;74;62
1266.0;236;261;150;163;163;166;69;58;73;61
1272.0;241;260;147;162;159;169;70;62;71;59
1278.0;240;256;150;163;160;167;70;64;72;58
1284.0;239;253;151;160;156;167;73;67;73;61
1290.0;241;254;155;160;158;169;65;65;71;62
1296.0;237;257;156;160;159;173;60;61;72;65
1302.0;240;258;155;160;161;171;63;64;71;57
1308.0;237;254;156;162;160;171;65;68;72;55
1314.0;237;259;159;160;161;172;64;65;68;55
1320.0;240;258;158;164;162;168;63;65;69;53
1326.0;242;257;156;164;165;167;59;66;70;54
1332.0;247;253;154;167;166;167;55;64;73;54
1338.0;248;255;152;169;166;163;52;67;73;55
1344.0;250;257;153;165;164;164;53;63;72;59
1350.0;250;255;155;166;170;163;54;53;72;62
1356.0;249;255;151;166;171;158;57;55;76;62
1362.0;249;254;151;165;168;159;62;54;77;61
1368.0;252;255;143;163;172;164;63;51;75;62
1374.0;249;254;141;163;176;166;63;49;76;63
1380.0;248;253;142;162;180;163;66;50;72;64
1386.0;246;250;146;162;182;161;63;52;73;65
1392.0;245;253;144;159;182;163;65;55;73;61
1398.0;247;250;146;156;181;167;64;56;69;64
1404.0;249;247;144;157;187;168;61;54;71;62
1410.0;247;248;141;157;191;170;58;55;70;63
1416.0;247;245;141;162;194;173;59;55;63;61
1422.0;249;248;141;160;195;172;56;55;62;62
1428.0;245;250;144;165;188;171;59;55;61;62
1434.0;249;246;146;166;187;172;57;55;58;64
1440.0;245;242;150;164;188;173;62;57;55;64
1446.0;247;240;150;165;184;173;61;59;57;64
1452.0;244;239;151;168;180;177;59;60;56;66
1458.0;246;238;149;167;177;177;61;61;59;65
1464.0;245;240;150;161;177;178;63;62;58;66
1470.0;245;239;150;161;180;174;60;62;61;68
1476.0;247;236;152;157;182;173;59;62;65;67
1482.0;243;240;155;155;179;176;60;60;65;67
1488.0;241;241;153;158;176;176;59;64;64;68
1494.0;241;240;152;157;178;175;64;63;59;71
1500.0;247;239;152;161;173;175;60;67;59;67
1506.0;244;240;153;162;172;174;58;69;62;66
1512.0;244;245;156;161;168;177;60;67;55;67
1518.0;242;248;160;160;166;177;58;68;54;67
1524.0;244;243;162;160;164;178;59;69;57;64
1530.0;245;246;162;159;164;177;57;71;59;60
1536.0;245;246;160;161;162;176;56;71;60;63
1542.0;244;245;158;158;165;176;55;72;60;67
1548.0;243;243;159;156;164;179;51;73;63;69
1554.0;241;242;159;158;167;179;55;72;60;67
1560.0;237;244;156;161;168;178;54;75;62;65
1566.0;238;247;158;158;165;175;55;72;67;65
1572.0;239;246;159;156;164;175;51;78;66;66
1578.0;243;247;158;159;160;175;51;76;67;64
1584.0;247;245;161;155;163;172;49;81;65;62
1590.0;247;247;163;154;163;172;47;80;65;62
1596.0;248;247;160;151;162;172;47;85;61;67
1602.0;248;247;162;149;162;167;52;84;62;67
1608.0;247;253;162;148;161;168;51;79;63;68
1614.0;249;251;165;149;162;167;51;78;59;69
1620.0;251;250;163;151;160;168;49;77;61;70
1626.0;254;253;164;150;158;167;50;76;58;70
1632.0;252;258;166;149;158;166;53;74;56;68
1638.0;249;259;168;150;160;167;51;73;55;68
1644.0;249;256;168;149;164;167;51;73;51;72
1650.0;252;258;173;150;162;161;50;67;54;73
1656.0;251;262;174;151;165;159;52;65;49;72
1662.0;251;266;176;150;167;155;54;65;45;71
1668.0;252;263;176;151;165;155;58;67;40;73
1674.0;258;261;175;149;162;157;58;63;40;77
1680.0;259;260;176;150;165;158;60;64;35;73
1686.0;259;260;172;164;165;152;64;62;33;69
1692.0;257;260;175;163;165;155;64;63;34;64
1698.0;258;258;171;164;169;155;64;63;35;63
1704.0;255;262;172;164;169;155;62;62;38;61
1710.0;256;262;176;162;171;154;66;59;37;57
1716.0;257;263;174;160;170;153;68;57;40;58
1722.0;256;265;175;158;172;149;68;57;45;55
1728.0;254;264;177;159;170;146;70;58;48;54
1734.0;257;271;179;157;164;145;68;56;50;53
1740.0;261;274;180;159;161;143;65;56;53;48
1746.0;260;277;178;158;160;143;65;57;53;49
1752.0;263;277;179;156;159;142;69;55;53;47
1758.0;266;274;177;154;160;141;71;56;53;48
1764.0;266;275;178;152;157;145;70;56;54;47
1770.0;264;275;174;154;159;143;68;57;57;49
1776.0;268;276;171;150;160;144;65;59;56;51
1782.0;268;271;174;145;160;147;64;64;57;50
1788.0;270;269;171;146;160;148;58;67;57;54
1794.0;272;267;166;146;162;146;60;66;59;56
