#auto generated file!
6.0;0.0;0.0;0.0
12.0;0.275;0.0;0.0
18.0;1.65;0.0;0.0
24.0;3.45;0.0;0.0
30.0;5.7125;0.0;0.0
36.0;9.85;0.0;0.0
42.0;9.125;0.0;0.0
48.0;13.1;0.0;0.0
54.0;17.8375;0.0;0.0
60.0;22.8625;0.0;0.0
66.0;28.775;0.0;0.0
72.0;43.5;0.0;0.0
78.0;52.3875;0.0;0.0
84.0;51.6125;0.0;0.0
90.0;46.375;0.0;0.0
96.0;44.3375;0.0;0.0
102.0;37.2125;0.0;0.0
108.0;30.7;0.0;0.0
114.0;26.65;0.0;0.0
120.0;21.0375;0.0;0.0
126.0;14.85;0.0;0.0
132.0;18.9875;0.0;0.0
138.0;15.425;0.0;0.0
144.0;17.8125;0.0;0.0
150.0;20.75;0.0;0.0
156.0;23.9;0.0;0.0
162.0;18.7;0.0;0.0
168.0;14.1;0.0;0.0
174.0;11.125;0.0;0.0
180.0;12.25;0.0;0.0
186.0;10.9875;0.0;0.0
192.0;7.275;0.0;0.0
198.0;14.1875;0.0;0.0
204.0;17.025;0.0;0.0
210.0;17.6125;0.0;0.0
216.0;15.6875;0.0;0.0
222.0;13.525;0.0;0.0
228.0;17.7625;0.0;0.0
234.0;18.475;0.0;0.0
240.0;15.4125;0.0;0.0
246.0;13.4625;0.0;0.0
252.0;11.55;0.0;0.0
258.0;10.15;0.0;0.0
264.0;7.0875;0.0;0.0
270.0;10.8;0.0;0.0
276.0;9.55;0.0;0.0
282.0;14.3875;0.0;0.0
288.0;15.525;0.0;0.0
294.0;16.175;0.0;0.0
300.0;13.7875;0.0;0.0
306.0;15.6;0.0;0.0
312.0;16.275;0.0;0.0
318.0;18.6625;0.0;0.0
324.0;15.65;0.0;0.0
330.0;13.0375;0.0;0.0
336.0;10.8125;0.0;0.0
342.0;11.2875;0.0;0.0
348.0;11.4625;0.0;0.0
354.0;13.025;0.0;0.0
360.0;10.75;0.0;0.0
366.0;10.0625;0.0;0.0
372.0;11.575;0.0;0.0
378.0;15.2375;0.0;0.0
384.0;11.7875;0.0;0.0
390.0;14.6;0.0;0.0
396.0;14.05;0.0;0.0
402.0;10.9375;0.0;0.0
408.0;9.3875;0.0;0.0
414.0;11.875;0.0;0.0
420.0;10.7375;0.0;0.0
426.0;12.4375;0.0;0.0
432.0;13.325;0.0;0.0
438.0;11.5;0.0;0.0
444.0;11.0375;0.0;0.0
450.0;12.0375;0.0;0.0
456.0;13.675;0.0;0.0
462.0;14.6125;0.0;0.0
468.0;16.6;0.0;0.0
474.0;18.125;0.0;0.0
480.0;18.675;0.0;0.0
486.0;15.125;0.0;0.0
492.0;13.3125;0.0;0.0
498.0;11.675;0.0;0.0
504.0;7.825;0.0;0.0
510.0;10.15;0.0;0.0
516.0;8.6125;0.0;0.0
522.0;8.5875;0.0;0.0
528.0;11.6375;0.0;0.0
534.0;12.05;0.0;0.0
540.0;11.2875;0.0;0.0
546.0;17.0125;0.0;0.0
552.0;16.625;0.0;0.0
558.0;15.8875;0.0;0.0
564.0;13.3125;0.0;0.0
570.0;11.6;0.0;0.0
576.0;9.7625;0.0;0.0
582.0;9.8875;0.0;0.0
588.0;8.5375;0.0;0.0
594.0;7.675;0.0;0.0
600.0;10.15;0.0;0.0
606.0;9.85;0.0;0.0
612.0;12.125;0.0;0.0
618.0;13.25;0.0;0.0
624.0;13.725;0.0;0.0
630.0;14.75;0.0;0.0
636.0;13.7375;0.0;0.0
642.0;11.675;0.0;0.0
648.0;13.5;0.0;0.0
654.0;11.175;0.0;0.0
660.0;10.5625;0.0;0.0
666.0;8.5125;0.0;0.0
672.0;10.65;0.0;0.0
678.0;9.0625;0.0;0.0
684.0;9.1375;0.0;0.0
690.0;11.5625;0.0;0.0
696.0;12.475;0.0;0.0
702.0;12.975;0.0;0.0
708.0;14.8875;0.0;0.0
714.0;21.0125;0.0;0.0
720.0;18.875;0.0;0.0
726.0;15.1;0.0;0.0
732.0;10.6875;0.0;0.0
738.0;11.9375;0.0;0.0
744.0;9.775;0.0;0.0
750.0;10.7625;0.0;0.0
756.0;10.7125;0.0;0.0
762.0;7.7;0.0;0.0
768.0;8.0;0.0;0.0
774.0;10.875;0.0;0.0
780.0;13.725;0.0;0.0
786.0;14.5875;0.0;0.0
792.0;13.775;0.0;0.0
798.0;16.95;0.0;0.0
804.0;18.075;0.0;0.0
810.0;17.575;0.0;0.0
816.0;10.125;0.0;0.0
822.0;11.3125;0.0;0.0
828.0;9.925;0.0;0.0
834.0;14.175;0.0;0.0
840.0;11.6;0.0;0.0
846.0;12.2125;0.0;0.0
852.0;8.65;0.0;0.0
858.0;12.4875;0.0;0.0
864.0;14.525;0.0;0.0
870.0;18.7;0.0;0.0
876.0;15.5875;0.0;0.0
882.0;15.5125;0.0;0.0
888.0;18.675;0.0;0.0
894.0;18.4875;0.0;0.0
900.0;13.75;0.0;0.0
906.0;10.5625;0.0;0.0
912.0;11.85;0.0;0.0
918.0;12.3375;0.0;0.0
924.0;11.125;0.0;0.0
930.0;11.7125;0.0;0.0
936.0;13.3;0.0;0.0
942.0;17.4875;0.0;0.0
948.0;18.5875;0.0;0.0
954.0;16.55;0.0;0.0
960.0;17.8875;0.0;0.0
966.0;15.6375;0.0;0.0
972.0;14.1;0.0;0.0
978.0;11.0625;0.0;0.0
984.0;13.3875;0.0;0.0
990.0;11.6875;0.0;0.0
996.0;12.4;0.0;0.0
1002.0;11.1625;0.0;0.0
1008.0;11.0;0.0;0.0
1014.0;11.75;0.0;0.0
1020.0;16.075;0.0;0.0
1026.0;17.4625;0.0;0.0
1032.0;15.8875;0.0;0.0
1038.0;20.3;0.0;0.0
1044.0;18.325;0.0;0.0
1050.0;15.4625;0.0;0.0
1056.0;10.875;0.0;0.0
1062.0;9.75;0.0;0.0
1068.0;9.425;0.0;0.0
1074.0;11.65;0.0;0.0
1080.0;9.7875;0.0;0.0
1086.0;9.9875;0.0;0.0
1092.0;9.2875;0.0;0.0
1098.0;12.125;0.0;0.0
1104.0;9.7625;0.0;0.0
1110.0;12.275;0.0;0.0
1116.0;10.3375;0.0;0.0
1122.0;11.7375;0.0;0.0
1128.0;12.5;0.0;0.0
1134.0;10.95;0.0;0.0
1140.0;9.1875;0.0;0.0
1146.0;7.0875;0.0;0.0
1152.0;10.7125;0.0;0.0
1158.0;12.4625;0.0;0.0
1164.0;10.6625;0.0;0.0
1170.0;13.55;0.0;0.0
1176.0;16.575;0.0;0.0
1182.0;16.65;0.0;0.0
1188.0;20.275;0.0;0.0
1194.0;19.7;0.0;0.0
1200.0;15.6375;0.0;0.0
1206.0;11.325;0.0;0.0
1212.0;12.2125;0.0;0.0
1218.0;12.9625;0.0;0.0
1224.0;10.3625;0.0;0.0
1230.0;10.6875;0.0;0.0
1236.0;9.075;0.0;0.0
1242.0;13.725;0.0;0.0
1248.0;12.9;0.0;0.0
1254.0;14.7875;0.0;0.0
1260.0;14.7875;0.0;0.0
1266.0;16.1625;0.0;0.0
1272.0;14.7125;0.0;0.0
1278.0;16.9125;0.0;0.0
1284.0;15.4;0.0;0.0
1290.0;13.675;0.0;0.0
1296.0;11.75;0.0;0.0
1302.0;8.2625;0.0;0.0
1308.0;9.0625;0.0;0.0
1314.0;8.35;0.0;0.0
1320.0;9.375;0.0;0.0
1326.0;9.0125;0.0;0.0
1332.0;11.325;0.0;0.0
1338.0;13.7;0.0;0.0
1344.0;16.1625;0.0;0.0
1350.0;18.3;0.0;0.0
1356.0;20.0875;0.0;0.0
1362.0;21.0875;0.0;0.0
1368.0;17.4125;0.0;0.0
1374.0;14.4625;0.0;0.0
1380.0;11.9625;0.0;0.0
1386.0;10.1375;0.0;0.0
1392.0;10.275;0.0;0.0
1398.0;10.65;0.0;0.0
1404.0;10.35;0.0;0.0
1410.0;13.8125;0.0;0.0
1416.0;14.05;0.0;0.0
1422.0;14.7875;0.0;0.0
1428.0;17.475;0.0;0.0
1434.0;15.1;0.0;0.0
1440.0;12.4;0.0;0.0
1446.0;12.075;0.0;0.0
1452.0;11.175;0.0;0.0
1458.0;9.675;0.0;0.0
1464.0;10.2625;0.0;0.0
1470.0;11.425;0.0;0.0
1476.0;12.65;0.0;0.0
1482.0;14.2625;0.0;0.0
1488.0;14.5625;0.0;0.0
1494.0;15.2875;0.0;0.0
1500.0;13.75;0.0;0.0
1506.0;12.5125;0.0;0.0
1512.0;13.2875;0.0;0.0
1518.0;14.6375;0.0;0.0
1524.0;13.4875;0.0;0.0
1530.0;11.5875;0.0;0.0
1536.0;11.25;0.0;0.0
1542.0;10.15;0.0;0.0
1548.0;11.2875;0.0;0.0
1554.0;9.6;0.0;0.0
1560.0;10.35;0.0;0.0
1566.0;8.5;0.0;0.0
1572.0;13.0;0.0;0.0
1578.0;14.5375;0.0;0.0
1584.0;22.3625;0.0;0.0
1590.0;22.875;0.0;0.0
1596.0;22.2375;0.0;0.0
1602.0;15.8875;0.0;0.0
1608.0;12.925;0.0;0.0
1614.0;11.9875;0.0;0.0
1620.0;9.9;0.0;0.0
1626.0;8.4875;0.0;0.0
1632.0;9.2;0.0;0.0
1638.0;10.2;0.0;0.0
1644.0;9.2375;0.0;0.0
1650.0;11.875;0.0;0.0
1656.0;14.55;0.0;0.0
1662.0;16.2125;0.0;0.0
1668.0;13.35;0.0;0.0
1674.0;20.0875;0.0;0.0
1680.0;21.925;0.0;0.0
1686.0;19.3;0.0;0.0
1692.0;16.075;0.0;0.0
1698.0;14.075;0.0;0.0
1704.0;12.1875;0.0;0.0
1710.0;9.7;0.0;0.0
1716.0;12.25;0.0;0.0
1722.0;11.225;0.0;0.0
1728.0;15.125;0.0;0.0
1734.0;16.3375;0.0;0.0
1740.0;17.1625;0.0;0.0
1746.0;18.125;0.0;0.0
1752.0;17.75;0.0;0.0
1758.0;15.35;0.0;0.0
1764.0;16.2;0.0;0.0
1770.0;15.575;0.0;0.0
1776.0;7.925;0.0;0.0
1782.0;8.475;0.0;0.0
1788.0;8.9625;0.0;0.0
1794.0;9.8;0.0;0.0
