#auto generated file!
12.0;21;21;24;16;20;28;16;18;21;15
18.0;21;22;24;17;20;29;14;18;18;17
24.0;21;21;24;17;20;29;14;17;20;17
30.0;21;23;24;16;20;29;14;16;21;16
36.0;21;22;24;16;20;28;13;17;22;17
42.0;22;23;24;16;20;25;13;19;20;18
48.0;21;24;24;19;19;25;12;20;20;16
54.0;20;24;25;19;20;23;11;20;21;17
60.0;20;25;25;19;20;24;11;18;21;17
66.0;19;26;25;20;19;24;12;17;21;17
72.0;20;27;26;20;19;22;11;21;18;16
78.0;22;28;27;21;19;23;11;16;18;15
84.0;22;28;27;22;19;22;9;16;19;16
90.0;22;28;28;22;20;21;10;16;17;16
96.0;22;29;30;21;19;20;11;16;18;14
102.0;22;29;29;20;20;21;11;16;18;14
108.0;22;27;28;21;21;22;12;16;17;14
114.0;22;27;29;20;21;22;13;16;16;14
120.0;23;28;31;21;21;20;14;15;15;12
126.0;22;28;33;18;23;21;12;16;16;11
132.0;21;30;34;18;23;21;12;14;16;11
138.0;22;29;34;18;23;20;12;15;16;11
144.0;21;30;34;19;24;19;10;16;17;10
150.0;21;30;34;19;23;20;12;15;17;9
156.0;21;30;34;19;23;21;11;15;17;9
162.0;22;30;34;19;24;22;12;12;16;9
168.0;22;29;34;20;24;22;12;11;16;10
174.0;23;30;34;19;23;22;13;12;15;9
180.0;22;31;34;19;23;22;14;11;15;9
186.0;22;31;36;18;23;22;14;11;15;8
192.0;22;31;36;18;24;23;14;10;14;8
198.0;22;30;36;18;24;24;15;9;13;9
204.0;22;32;38;18;24;23;14;9;12;8
210.0;23;31;39;18;24;23;14;9;11;8
216.0;23;31;40;17;25;23;14;9;11;7
222.0;25;31;39;17;24;24;13;9;12;6
228.0;24;31;36;19;23;26;14;9;12;6
234.0;27;31;35;19;24;26;12;8;12;6
240.0;27;31;35;20;23;26;11;8;14;5
246.0;27;31;36;20;24;26;12;6;12;6
252.0;27;31;37;19;24;25;12;7;10;8
258.0;28;31;35;19;24;25;12;7;10;9
264.0;28;31;35;19;24;26;11;7;10;9
270.0;26;33;35;19;24;25;11;8;11;8
276.0;26;33;34;19;23;26;11;8;12;8
282.0;27;33;34;19;23;26;10;8;12;8
288.0;26;33;34;20;22;25;10;7;14;9
294.0;26;34;34;20;23;25;9;8;14;7
300.0;26;34;35;20;22;25;10;8;13;7
306.0;25;34;35;20;24;24;11;7;13;7
312.0;25;33;35;20;24;25;11;7;13;7
318.0;25;32;36;20;24;24;11;7;13;8
324.0;25;32;36;21;23;24;11;7;15;6
330.0;25;32;36;22;24;24;11;6;14;6
336.0;25;32;36;22;24;23;12;7;14;5
342.0;25;32;35;22;25;24;10;9;13;5
348.0;27;34;34;22;24;23;9;9;13;5
354.0;28;34;32;23;24;23;9;8;11;8
360.0;28;34;32;23;23;23;9;8;12;8
366.0;28;34;30;24;21;24;9;8;13;9
372.0;28;34;31;24;21;24;10;7;13;8
378.0;29;34;31;24;23;24;9;7;12;7
384.0;30;34;32;23;23;23;9;8;11;7
390.0;29;34;32;23;23;23;10;7;12;7
396.0;29;35;31;23;22;23;10;8;12;7
402.0;29;36;32;22;22;22;11;8;13;5
408.0;29;36;32;24;22;21;10;9;12;5
414.0;29;36;32;24;22;21;9;10;12;5
420.0;31;36;31;23;22;20;10;10;12;5
426.0;31;35;29;23;22;21;12;10;12;5
432.0;32;36;29;23;22;21;12;9;11;5
438.0;33;36;27;23;21;21;12;9;12;6
444.0;32;36;27;22;20;23;12;10;13;5
450.0;33;37;27;22;19;22;13;9;12;6
456.0;34;37;26;22;18;22;14;8;12;7
462.0;35;35;27;21;18;21;14;8;14;7
468.0;35;35;26;20;19;21;15;8;14;7
474.0;35;35;27;20;18;21;15;8;13;8
480.0;35;34;28;20;19;22;14;7;13;8
486.0;35;34;26;18;19;22;14;9;14;9
492.0;35;35;26;19;19;22;12;8;15;9
498.0;36;35;26;20;19;22;11;7;16;8
504.0;37;35;25;20;20;23;10;7;14;9
510.0;38;36;25;20;20;23;9;7;14;8
516.0;36;37;25;22;20;23;8;8;14;7
522.0;38;37;25;23;20;21;9;9;13;5
528.0;39;36;25;22;19;22;9;9;13;6
534.0;39;36;25;22;20;22;9;8;13;6
540.0;40;35;25;22;20;22;9;8;14;5
546.0;41;35;24;24;20;22;9;7;14;4
552.0;41;34;25;23;22;21;9;7;13;5
558.0;40;33;25;22;22;21;10;8;14;5
564.0;41;32;25;22;22;22;10;6;13;7
570.0;42;34;24;23;20;22;9;5;14;7
576.0;42;34;26;23;19;21;10;4;13;8
582.0;42;36;27;23;19;21;8;5;10;9
588.0;42;35;27;23;19;21;8;5;11;9
594.0;42;34;31;23;19;20;7;5;10;9
600.0;41;35;32;23;21;19;7;4;10;8
606.0;42;37;28;22;21;21;6;4;10;9
612.0;43;37;28;21;23;21;5;4;8;10
618.0;43;37;29;22;22;21;6;4;8;8
624.0;43;37;29;24;23;21;6;3;7;7
630.0;43;37;29;24;23;21;7;3;6;7
636.0;44;37;29;24;24;19;7;3;6;7
642.0;46;38;28;24;22;19;5;4;6;8
648.0;46;37;28;24;22;18;7;5;5;8
654.0;46;39;25;22;22;18;8;6;5;9
660.0;45;39;25;24;21;18;8;7;5;8
666.0;45;38;24;25;20;19;9;7;6;7
672.0;43;37;24;25;20;20;9;8;7;7
678.0;44;37;25;25;18;21;9;8;6;7
684.0;45;37;26;25;17;21;8;9;6;6
690.0;44;37;26;26;17;22;6;9;6;7
696.0;43;37;26;27;17;23;7;6;6;8
702.0;42;38;27;28;18;22;6;6;5;8
708.0;44;38;25;27;18;21;8;6;4;9
714.0;43;38;25;27;18;20;8;7;4;10
720.0;42;39;25;26;18;20;7;7;6;10
726.0;42;39;26;26;18;20;7;6;6;10
732.0;42;40;26;25;19;20;7;6;6;9
738.0;44;38;26;25;19;21;7;6;6;8
744.0;43;35;25;25;21;21;7;7;7;9
750.0;45;35;25;24;21;21;6;7;7;9
756.0;46;35;26;23;21;21;7;6;8;7
762.0;46;35;24;23;23;22;7;6;7;7
768.0;46;37;24;22;23;22;7;6;7;6
774.0;46;37;24;22;24;22;6;5;8;6
780.0;47;36;24;20;24;23;6;5;8;7
786.0;46;37;26;22;23;22;6;4;7;7
792.0;44;35;27;23;25;21;6;4;7;8
798.0;43;35;28;24;25;21;6;3;7;8
804.0;43;35;29;23;24;21;7;3;7;8
810.0;41;34;30;23;25;21;7;3;8;8
816.0;42;34;29;22;25;23;7;3;7;8
822.0;44;34;28;22;25;22;6;4;7;8
828.0;42;35;29;23;24;22;5;4;7;9
834.0;43;35;26;23;24;21;5;5;8;10
840.0;43;35;26;22;25;21;5;5;8;10
846.0;44;36;23;23;26;21;6;4;7;10
852.0;44;36;23;23;25;21;7;4;8;9
858.0;42;36;23;24;25;22;8;4;8;8
864.0;43;37;23;23;23;22;9;3;9;8
870.0;44;36;23;23;23;21;11;3;9;7
876.0;43;38;23;22;23;20;12;3;8;8
882.0;43;38;21;22;24;20;11;5;8;8
888.0;43;38;21;21;26;20;11;5;7;8
894.0;42;35;21;24;25;20;11;5;8;9
900.0;42;37;20;24;25;19;11;8;6;8
906.0;42;37;21;24;25;18;10;9;7;7
912.0;43;36;22;24;27;16;10;9;7;6
918.0;42;35;23;22;28;16;10;10;8;6
924.0;41;35;25;22;29;16;9;8;8;7
930.0;42;35;24;21;30;16;10;8;7;7
936.0;43;36;24;24;29;15;10;9;5;5
942.0;42;35;24;26;28;15;11;9;5;5
948.0;41;34;24;26;27;15;11;9;7;6
954.0;41;36;24;26;27;14;11;9;6;6
960.0;41;36;24;26;27;13;13;9;7;4
966.0;41;36;24;25;28;14;12;8;8;4
972.0;40;37;22;23;27;15;13;9;10;4
978.0;38;40;21;20;27;17;13;9;11;4
984.0;38;39;21;22;28;17;14;8;8;5
990.0;39;38;20;23;26;18;13;8;9;6
996.0;39;38;20;22;24;18;17;9;9;4
1002.0;40;38;20;22;25;18;16;9;8;4
1008.0;37;39;19;24;23;18;16;11;9;4
1014.0;39;39;20;24;21;19;16;11;8;3
1020.0;37;39;20;24;21;19;16;11;9;4
1026.0;36;40;20;25;22;19;16;11;8;3
1032.0;36;41;22;25;21;17;14;12;9;3
1038.0;36;41;22;24;22;18;15;11;7;4
1044.0;35;42;23;23;22;18;14;11;8;4
1050.0;34;40;23;23;23;18;14;11;8;6
1056.0;34;40;23;23;23;17;14;12;8;6
1062.0;34;40;24;24;24;15;13;12;8;6
1068.0;34;40;24;24;24;15;13;12;8;6
1074.0;35;39;24;25;24;15;14;10;8;6
1080.0;35;38;24;25;23;15;15;10;8;7
1086.0;35;39;22;25;23;16;14;10;10;6
1092.0;35;39;21;25;23;17;15;9;10;6
1098.0;34;39;21;24;23;18;15;9;11;6
1104.0;34;41;21;24;23;17;15;9;10;6
1110.0;36;42;22;24;22;16;15;8;10;5
1116.0;35;42;22;24;22;16;17;8;9;5
1122.0;35;41;22;24;22;18;17;6;9;6
1128.0;35;42;22;24;20;17;17;6;11;6
1134.0;35;42;22;25;20;16;16;6;12;6
1140.0;34;41;22;25;19;18;15;7;13;6
1146.0;34;42;23;25;18;17;15;6;14;6
1152.0;35;42;22;26;18;17;14;5;15;6
1158.0;36;43;22;25;19;17;12;6;13;7
1164.0;36;43;23;24;19;17;12;5;13;8
1170.0;36;43;24;25;18;17;12;5;12;8
1176.0;35;42;24;25;18;17;12;6;13;8
1182.0;35;43;24;25;18;17;11;7;13;7
1188.0;35;43;23;25;18;17;10;7;13;9
1194.0;35;43;22;24;18;17;10;8;13;10
1200.0;35;43;22;24;19;18;10;8;11;10
1206.0;36;42;21;25;22;18;8;7;11;10
1212.0;36;43;21;25;22;18;7;7;12;9
1218.0;36;45;23;23;22;18;7;6;12;8
1224.0;36;45;23;23;21;18;7;7;12;8
1230.0;37;45;23;23;21;17;7;7;12;8
1236.0;38;44;22;23;21;17;7;7;12;9
1242.0;38;44;21;22;21;19;7;7;11;10
1248.0;36;44;21;22;21;19;7;7;13;10
1254.0;36;43;21;22;20;20;9;7;12;10
1260.0;37;42;21;20;21;21;9;7;12;10
1266.0;37;42;21;20;21;20;9;7;14;9
1272.0;36;42;21;20;21;21;10;7;14;8
1278.0;35;40;21;20;22;21;9;6;16;10
1284.0;35;40;20;20;22;20;9;7;17;10
1290.0;35;39;21;20;22;20;9;7;18;9
1296.0;36;40;21;19;22;19;10;7;17;9
1302.0;33;40;20;20;23;18;9;7;19;11
1308.0;32;41;20;20;23;17;8;10;19;10
1314.0;32;41;19;19;24;17;8;11;19;10
1320.0;34;41;19;22;23;17;7;12;16;9
1326.0;34;42;19;23;25;14;6;12;16;9
1332.0;35;41;20;23;25;14;7;11;15;9
1338.0;35;41;20;22;25;14;8;11;15;9
1344.0;35;40;20;22;24;15;8;11;15;10
1350.0;35;40;20;22;24;15;8;12;16;8
1356.0;35;41;20;21;24;15;9;12;15;8
1362.0;36;40;21;21;23;15;11;12;13;8
1368.0;35;40;20;22;23;17;10;12;12;9
1374.0;34;40;24;22;23;16;10;10;12;9
1380.0;34;41;25;21;23;16;9;10;12;9
1386.0;34;41;25;21;23;16;10;8;13;9
1392.0;33;40;25;21;22;18;10;8;14;9
1398.0;32;41;24;22;21;20;9;8;14;9
1404.0;31;41;25;22;22;21;8;7;14;9
1410.0;31;41;25;22;21;22;8;7;13;10
1416.0;31;41;25;23;20;22;8;7;13;10
1422.0;31;40;25;23;20;22;8;8;13;10
1428.0;30;39;26;23;19;22;8;8;14;11
1434.0;30;39;28;23;19;22;7;7;15;10
1440.0;30;40;28;22;20;22;7;7;14;10
1446.0;31;39;28;22;19;22;9;8;13;9
1452.0;31;39;28;22;18;21;8;10;13;10
1458.0;30;39;28;21;19;22;9;9;13;10
1464.0;31;39;29;21;19;22;9;8;14;8
1470.0;31;39;29;21;20;22;9;7;15;7
1476.0;32;38;27;21;20;22;10;6;18;6
1482.0;33;39;27;20;20;21;10;5;19;6
1488.0;33;38;27;20;20;22;10;5;19;6
1494.0;33;37;29;20;20;20;10;6;19;6
1500.0;33;38;30;19;20;19;10;6;18;7
1506.0;33;38;29;19;21;19;11;6;17;7
1512.0;33;37;31;20;21;19;11;6;17;5
1518.0;33;36;31;21;22;18;11;6;17;5
1524.0;32;35;33;21;21;20;11;6;16;5
1530.0;31;38;32;21;21;20;10;5;18;4
1536.0;30;37;32;21;19;20;11;7;18;5
1542.0;30;36;32;19;19;19;11;8;21;5
1548.0;31;36;32;16;19;19;11;8;22;6
1554.0;31;37;32;16;19;19;11;7;22;6
1560.0;31;36;32;16;20;18;10;10;19;8
1566.0;32;36;31;17;21;16;10;9;20;8
1572.0;34;34;31;16;22;16;10;8;20;9
1578.0;34;34;31;16;23;16;9;9;21;7
1584.0;34;34;31;17;23;17;9;8;21;6
1590.0;33;33;31;17;22;18;9;9;22;6
1596.0;33;32;32;17;24;18;9;7;23;5
1602.0;32;30;34;18;24;19;7;7;24;5
1608.0;32;30;35;18;24;19;6;6;25;5
1614.0;31;30;34;18;23;19;8;7;24;6
1620.0;31;30;33;18;22;19;8;7;26;6
1626.0;31;31;33;19;22;19;8;7;24;6
1632.0;31;30;34;20;21;18;8;7;24;7
1638.0;29;31;35;20;23;18;8;6;24;6
1644.0;30;32;34;19;23;18;8;5;25;6
1650.0;31;32;34;20;21;18;7;6;25;6
1656.0;31;33;33;20;21;20;6;5;25;6
1662.0;30;33;34;19;20;22;6;5;25;6
1668.0;30;33;34;19;19;23;7;5;23;7
1674.0;29;33;34;21;20;22;7;5;23;6
1680.0;29;33;33;20;21;23;7;6;22;6
1686.0;28;33;32;21;19;23;9;8;21;6
1692.0;28;34;31;20;20;24;9;8;19;7
1698.0;28;34;32;21;20;22;10;7;19;7
1704.0;28;34;33;21;20;21;11;7;18;7
1710.0;28;34;35;21;19;21;12;7;18;5
1716.0;28;35;35;21;18;21;12;6;18;6
1722.0;27;35;36;21;18;22;10;6;19;6
1728.0;25;37;37;21;17;22;10;6;17;8
1734.0;25;38;38;21;19;22;9;6;15;7
1740.0;25;37;36;22;19;25;9;7;15;5
1746.0;25;36;36;21;19;24;9;7;17;6
1752.0;26;35;35;21;19;24;10;7;16;7
1758.0;26;35;35;21;19;24;11;7;16;6
1764.0;27;34;35;21;20;24;11;7;15;6
1770.0;26;34;35;21;20;23;11;8;15;7
1776.0;27;36;35;20;21;21;12;8;13;7
1782.0;26;35;35;20;21;22;12;10;13;6
1788.0;27;35;35;19;22;22;11;10;11;8
1794.0;27;34;33;20;24;22;11;10;11;8
