#auto generated file!
6.0;0.0;0.0;0.0
12.0;1.1125;0.0;0.0
18.0;11.025;0.0;0.0
24.0;30.9875;0.0;0.0
30.0;69.2375;0.0;0.0
36.0;121.6;0.0;0.0
42.0;141.175;0.0;0.0
48.0;134.2375;0.0;0.0
54.0;139.425;0.0;0.0
60.0;148.05;0.0;0.0
66.0;147.375;0.0;0.0
72.0;136.4;0.0;0.0
78.0;140.0;0.0;0.0
84.0;153.0;0.0;0.0
90.0;151.7625;0.0;0.0
96.0;143.025;0.0;0.0
102.0;136.0375;0.0;0.0
108.0;134.0375;0.0;0.0
114.0;133.8125;0.0;0.0
120.0;138.3375;0.0;0.0
126.0;134.6625;0.0;0.0
132.0;125.925;0.0;0.0
138.0;131.9125;0.0;0.0
144.0;139.8875;0.0;0.0
150.0;124.3;0.0;0.0
156.0;140.6125;0.0;0.0
162.0;139.2;0.0;0.0
168.0;145.95;0.0;0.0
174.0;146.1625;0.0;0.0
180.0;150.0375;0.0;0.0
186.0;139.6375;0.0;0.0
192.0;126.55;0.0;0.0
198.0;134.2;0.0;0.0
204.0;135.05;0.0;0.0
210.0;135.225;0.0;0.0
216.0;149.9375;0.0;0.0
222.0;154.125;0.0;0.0
228.0;143.275;0.0;0.0
234.0;140.7125;0.0;0.0
240.0;141.2875;0.0;0.0
246.0;140.375;0.0;0.0
252.0;132.8375;0.0;0.0
258.0;129.8;0.0;0.0
264.0;129.975;0.0;0.0
270.0;135.8375;0.0;0.0
276.0;132.2875;0.0;0.0
282.0;128.0625;0.0;0.0
288.0;132.7875;0.0;0.0
294.0;132.975;0.0;0.0
300.0;138.95;0.0;0.0
306.0;140.4875;0.0;0.0
312.0;135.2875;0.0;0.0
318.0;141.9625;0.0;0.0
324.0;151.7375;0.0;0.0
330.0;148.5;0.0;0.0
336.0;143.2125;0.0;0.0
342.0;133.7;0.0;0.0
348.0;129.65;0.0;0.0
354.0;127.7125;0.0;0.0
360.0;131.3125;0.0;0.0
366.0;136.75;0.0;0.0
372.0;129.1;0.0;0.0
378.0;130.6625;0.0;0.0
384.0;142.075;0.0;0.0
390.0;135.9;0.0;0.0
396.0;135.575;0.0;0.0
402.0;131.3;0.0;0.0
408.0;124.9875;0.0;0.0
414.0;123.9875;0.0;0.0
420.0;130.025;0.0;0.0
426.0;132.325;0.0;0.0
432.0;130.7625;0.0;0.0
438.0;135.2;0.0;0.0
444.0;131.0125;0.0;0.0
450.0;134.275;0.0;0.0
456.0;149.3375;0.0;0.0
462.0;150.875;0.0;0.0
468.0;147.2;0.0;0.0
474.0;141.5875;0.0;0.0
480.0;139.3125;0.0;0.0
486.0;136.8;0.0;0.0
492.0;130.3625;0.0;0.0
498.0;122.625;0.0;0.0
504.0;124.3625;0.0;0.0
510.0;127.6;0.0;0.0
516.0;130.1375;0.0;0.0
522.0;136.5;0.0;0.0
528.0;137.0875;0.0;0.0
534.0;129.7125;0.0;0.0
540.0;132.275;0.0;0.0
546.0;128.2;0.0;0.0
552.0;133.6;0.0;0.0
558.0;142.7125;0.0;0.0
564.0;141.05;0.0;0.0
570.0;137.1;0.0;0.0
576.0;133.35;0.0;0.0
582.0;135.3875;0.0;0.0
588.0;135.5375;0.0;0.0
594.0;136.7375;0.0;0.0
600.0;135.0875;0.0;0.0
606.0;131.225;0.0;0.0
612.0;133.175;0.0;0.0
618.0;140.7625;0.0;0.0
624.0;140.5875;0.0;0.0
630.0;142.3875;0.0;0.0
636.0;143.275;0.0;0.0
642.0;141.2875;0.0;0.0
648.0;141.2375;0.0;0.0
654.0;130.2625;0.0;0.0
660.0;131.4875;0.0;0.0
666.0;129.55;0.0;0.0
672.0;129.675;0.0;0.0
678.0;128.7625;0.0;0.0
684.0;129.6;0.0;0.0
690.0;143.7875;0.0;0.0
696.0;143.875;0.0;0.0
702.0;141.1625;0.0;0.0
708.0;138.3875;0.0;0.0
714.0;133.8625;0.0;0.0
720.0;141.4625;0.0;0.0
726.0;136.6375;0.0;0.0
732.0;136.2125;0.0;0.0
738.0;130.8;0.0;0.0
744.0;119.95;0.0;0.0
750.0;127.3;0.0;0.0
756.0;122.4375;0.0;0.0
762.0;134.5625;0.0;0.0
768.0;127.825;0.0;0.0
774.0;129.7125;0.0;0.0
780.0;143.1375;0.0;0.0
786.0;135.15;0.0;0.0
792.0;131.5375;0.0;0.0
798.0;130.45;0.0;0.0
804.0;125.2375;0.0;0.0
810.0;122.425;0.0;0.0
816.0;128.2;0.0;0.0
822.0;127.9625;0.0;0.0
828.0;129.9625;0.0;0.0
834.0;130.1625;0.0;0.0
840.0;131.8375;0.0;0.0
846.0;123.35;0.0;0.0
852.0;123.4;0.0;0.0
858.0;125.2375;0.0;0.0
864.0;129.975;0.0;0.0
870.0;129.1375;0.0;0.0
876.0;131.8875;0.0;0.0
882.0;129.6875;0.0;0.0
888.0;130.5625;0.0;0.0
894.0;120.65;0.0;0.0
900.0;125.0375;0.0;0.0
906.0;123.425;0.0;0.0
912.0;127.225;0.0;0.0
918.0;125.75;0.0;0.0
924.0;124.2625;0.0;0.0
930.0;131.3125;0.0;0.0
936.0;129.2875;0.0;0.0
942.0;134.925;0.0;0.0
948.0;128.2625;0.0;0.0
954.0;128.8125;0.0;0.0
960.0;127.5125;0.0;0.0
966.0;124.45;0.0;0.0
972.0;127.5875;0.0;0.0
978.0;126.275;0.0;0.0
984.0;121.6375;0.0;0.0
990.0;123.725;0.0;0.0
996.0;128.025;0.0;0.0
1002.0;128.3875;0.0;0.0
1008.0;132.925;0.0;0.0
1014.0;132.55;0.0;0.0
1020.0;134.5375;0.0;0.0
1026.0;126.7875;0.0;0.0
1032.0;127.9125;0.0;0.0
1038.0;126.375;0.0;0.0
1044.0;121.75;0.0;0.0
1050.0;115.45;0.0;0.0
1056.0;126.2;0.0;0.0
1062.0;124.9375;0.0;0.0
1068.0;128.1375;0.0;0.0
1074.0;120.5375;0.0;0.0
1080.0;120.5;0.0;0.0
1086.0;126.875;0.0;0.0
1092.0;126.6625;0.0;0.0
1098.0;126.8375;0.0;0.0
1104.0;135.1125;0.0;0.0
1110.0;133.475;0.0;0.0
1116.0;131.95;0.0;0.0
1122.0;130.0875;0.0;0.0
1128.0;125.625;0.0;0.0
1134.0;118.55;0.0;0.0
1140.0;113.7125;0.0;0.0
1146.0;116.4375;0.0;0.0
1152.0;125.3625;0.0;0.0
1158.0;123.9375;0.0;0.0
1164.0;122.7;0.0;0.0
1170.0;119.875;0.0;0.0
1176.0;132.2875;0.0;0.0
1182.0;129.4125;0.0;0.0
1188.0;130.95;0.0;0.0
1194.0;132.425;0.0;0.0
1200.0;126.6375;0.0;0.0
1206.0;125.375;0.0;0.0
1212.0;121.9625;0.0;0.0
1218.0;123.375;0.0;0.0
1224.0;122.8875;0.0;0.0
1230.0;132.4875;0.0;0.0
1236.0;133.5625;0.0;0.0
1242.0;125.2125;0.0;0.0
1248.0;122.0625;0.0;0.0
1254.0;127.575;0.0;0.0
1260.0;122.8875;0.0;0.0
1266.0;122.65;0.0;0.0
1272.0;137.575;0.0;0.0
1278.0;138.6375;0.0;0.0
1284.0;142.8125;0.0;0.0
1290.0;144.525;0.0;0.0
1296.0;140.675;0.0;0.0
1302.0;130.05;0.0;0.0
1308.0;124.4;0.0;0.0
1314.0;122.225;0.0;0.0
1320.0;124.5875;0.0;0.0
1326.0;122.975;0.0;0.0
1332.0;125.4625;0.0;0.0
1338.0;127.7625;0.0;0.0
1344.0;128.7875;0.0;0.0
1350.0;134.3125;0.0;0.0
1356.0;141.9375;0.0;0.0
1362.0;145.95;0.0;0.0
1368.0;145.6375;0.0;0.0
1374.0;141.3;0.0;0.0
1380.0;134.1875;0.0;0.0
1386.0;133.95;0.0;0.0
1392.0;130.5375;0.0;0.0
1398.0;133.925;0.0;0.0
1404.0;143.7125;0.0;0.0
1410.0;147.2;0.0;0.0
1416.0;153.325;0.0;0.0
1422.0;157.5375;0.0;0.0
1428.0;152.025;0.0;0.0
1434.0;140.4125;0.0;0.0
1440.0;126.4125;0.0;0.0
1446.0;131.9375;0.0;0.0
1452.0;123.0875;0.0;0.0
1458.0;126.3;0.0;0.0
1464.0;132.925;0.0;0.0
1470.0;137.7625;0.0;0.0
1476.0;134.1125;0.0;0.0
1482.0;132.2875;0.0;0.0
1488.0;129.3;0.0;0.0
1494.0;132.825;0.0;0.0
1500.0;141.825;0.0;0.0
1506.0;133.975;0.0;0.0
1512.0;134.6;0.0;0.0
1518.0;131.625;0.0;0.0
1524.0;139.875;0.0;0.0
1530.0;139.4875;0.0;0.0
1536.0;137.725;0.0;0.0
1542.0;138.125;0.0;0.0
1548.0;141.825;0.0;0.0
1554.0;143.35;0.0;0.0
1560.0;143.4375;0.0;0.0
1566.0;138.725;0.0;0.0
1572.0;137.25;0.0;0.0
1578.0;136.8375;0.0;0.0
1584.0;133.2875;0.0;0.0
1590.0;135.9625;0.0;0.0
1596.0;128.7625;0.0;0.0
1602.0;127.2375;0.0;0.0
1608.0;119.925;0.0;0.0
1614.0;129.3;0.0;0.0
1620.0;127.1875;0.0;0.0
1626.0;131.575;0.0;0.0
1632.0;137.0;0.0;0.0
1638.0;138.9125;0.0;0.0
1644.0;128.1;0.0;0.0
1650.0;133.2125;0.0;0.0
1656.0;126.8375;0.0;0.0
1662.0;130.95;0.0;0.0
1668.0;140.2125;0.0;0.0
1674.0;134.8625;0.0;0.0
1680.0;139.7625;0.0;0.0
1686.0;144.725;0.0;0.0
1692.0;133.6375;0.0;0.0
1698.0;127.6375;0.0;0.0
1704.0;127.2;0.0;0.0
1710.0;121.9125;0.0;0.0
1716.0;125.5875;0.0;0.0
1722.0;133.75;0.0;0.0
1728.0;132.1375;0.0;0.0
1734.0;132.4125;0.0;0.0
1740.0;133.2375;0.0;0.0
1746.0;137.675;0.0;0.0
1752.0;142.375;0.0;0.0
1758.0;145.15;0.0;0.0
1764.0;136.3;0.0;0.0
1770.0;129.125;0.0;0.0
1776.0;125.9375;0.0;0.0
1782.0;137.4;0.0;0.0
1788.0;138.1;0.0;0.0
1794.0;122.375;0.0;0.0
