#auto generated file!
12.0;189;165;201;184;214;218;214;184;221;210
18.0;199;167;203;189;217;216;213;181;205;210
24.0;201;169;206;189;228;215;207;176;204;205
30.0;205;167;210;189;235;219;198;179;196;202
36.0;207;171;213;193;234;223;194;177;189;199
42.0;208;171;218;197;239;223;194;173;184;193
48.0;210;177;219;198;244;223;192;172;176;189
54.0;214;177;223;200;237;227;192;167;177;186
60.0;219;181;231;204;237;222;183;167;174;182
66.0;220;183;231;208;241;221;186;166;168;176
72.0;221;184;227;219;242;215;187;166;166;173
78.0;225;187;232;217;246;214;189;161;162;167
84.0;229;193;228;219;249;216;189;153;158;166
90.0;235;195;228;223;246;222;186;153;151;161
96.0;239;202;231;228;249;215;180;149;147;160
102.0;244;207;232;227;250;213;177;150;144;156
108.0;243;210;229;230;253;217;173;150;140;155
114.0;245;215;231;230;259;217;170;143;136;154
120.0;250;220;234;228;261;213;167;138;139;150
126.0;251;225;234;228;262;215;167;141;132;145
132.0;250;229;235;229;266;218;162;134;128;149
138.0;259;234;237;231;272;217;150;130;124;146
144.0;260;234;238;231;276;219;142;130;128;142
150.0;261;239;232;229;271;219;145;132;130;142
156.0;265;238;231;227;268;221;146;131;133;140
162.0;266;238;235;229;267;225;145;126;128;141
168.0;267;240;240;227;270;225;140;127;127;137
174.0;265;241;240;228;275;229;135;124;129;134
180.0;268;242;238;231;281;229;128;125;125;133
186.0;269;250;239;230;284;228;124;120;122;134
192.0;268;252;240;228;285;228;126;119;123;131
198.0;274;257;236;227;281;231;121;117;124;132
204.0;275;261;240;224;281;230;124;119;117;129
210.0;281;260;238;225;281;225;127;115;117;131
216.0;282;259;243;222;278;225;122;117;121;131
222.0;284;263;242;222;279;225;124;118;112;131
228.0;287;267;242;224;279;223;124;120;110;124
234.0;286;266;237;223;285;230;123;117;110;123
240.0;291;265;237;224;280;232;119;116;112;124
246.0;293;270;240;221;278;234;115;117;110;122
252.0;295;271;240;221;279;233;117;116;109;119
258.0;292;273;238;221;282;233;117;116;109;119
264.0;294;268;239;220;283;236;122;112;107;119
270.0;292;269;239;224;284;241;121;114;104;112
276.0;295;271;238;220;281;238;117;113;111;116
282.0;295;269;243;222;283;243;111;112;110;112
288.0;297;268;245;220;281;245;113;110;107;114
294.0;296;271;245;217;283;242;109;115;113;109
300.0;298;273;248;218;280;240;109;114;109;111
306.0;294;275;246;218;282;243;104;110;115;113
312.0;296;277;249;222;274;242;109;106;113;112
318.0;297;279;252;223;265;243;111;105;116;109
324.0;301;279;249;225;263;249;104;105;119;106
330.0;298;284;253;225;257;250;114;98;121;100
336.0;300;288;250;227;258;247;108;101;115;106
342.0;304;288;253;226;257;242;106;99;113;112
348.0;308;289;247;227;261;242;105;97;112;112
354.0;304;289;253;229;260;243;106;100;107;109
360.0;304;291;255;229;261;247;104;96;105;108
366.0;309;288;258;229;262;246;101;94;104;109
372.0;304;291;264;223;263;246;102;96;101;110
378.0;308;293;263;221;262;250;97;97;98;111
384.0;314;291;270;219;257;252;95;98;98;106
390.0;326;294;262;218;256;245;104;94;98;103
396.0;328;296;262;219;257;248;103;94;93;100
402.0;325;299;260;223;257;249;101;94;91;101
408.0;333;301;261;223;251;249;102;91;89;100
414.0;331;305;263;220;249;243;106;94;88;101
420.0;334;307;264;217;253;236;101;96;89;103
426.0;331;304;264;222;256;245;97;97;82;102
432.0;327;304;267;216;250;249;99;103;82;103
438.0;329;300;268;217;252;249;98;104;82;101
444.0;330;300;261;215;253;250;96;111;83;101
450.0;331;304;264;213;251;249;97;107;82;102
456.0;329;306;260;219;251;247;100;105;80;103
462.0;328;309;261;222;246;247;102;102;81;102
468.0;326;307;266;223;248;247;101;100;81;101
474.0;323;306;270;218;250;246;106;97;80;104
480.0;325;306;268;220;245;244;109;100;82;101
486.0;327;309;267;223;244;243;108;97;82;100
492.0;332;312;268;223;239;246;102;99;80;99
498.0;331;312;266;227;236;245;107;99;81;96
504.0;326;309;264;224;239;248;106;98;83;103
510.0;328;313;257;223;234;244;109;97;91;104
516.0;331;310;252;220;232;245;113;97;93;107
522.0;330;311;252;227;229;246;113;93;93;106
528.0;327;310;255;228;229;252;113;90;93;103
534.0;329;311;258;231;227;251;113;89;88;103
540.0;330;311;261;226;225;249;109;89;95;105
546.0;331;311;260;227;226;249;109;90;96;101
552.0;329;308;265;227;227;246;108;99;95;96
558.0;335;305;265;229;228;246;109;101;87;95
564.0;330;307;266;230;230;243;109;96;90;99
570.0;333;309;268;228;226;241;107;97;94;97
576.0;337;313;264;230;224;242;102;94;96;98
582.0;339;311;267;225;227;240;104;92;96;99
588.0;333;317;266;224;229;241;107;90;94;99
594.0;330;314;265;224;230;245;104;90;96;102
600.0;327;311;264;225;230;250;108;90;96;99
606.0;328;313;260;229;224;250;108;91;92;105
612.0;338;314;259;229;222;245;117;89;89;98
618.0;342;311;257;230;221;247;118;90;88;96
624.0;342;315;254;229;219;248;114;96;89;94
630.0;346;321;254;228;216;248;113;94;88;92
636.0;346;322;250;230;222;243;113;95;85;94
642.0;345;319;247;231;227;242;116;96;87;90
648.0;352;319;250;231;226;242;114;89;88;89
654.0;352;321;255;231;222;242;111;86;87;93
660.0;350;323;252;235;218;239;110;87;89;97
666.0;353;327;253;235;211;239;112;83;90;97
672.0;352;328;247;237;216;235;113;83;93;96
678.0;351;329;243;237;222;235;115;85;89;94
684.0;351;331;242;236;222;236;113;80;88;101
690.0;350;327;245;233;226;233;112;81;88;105
696.0;351;327;248;231;222;238;110;80;90;103
702.0;346;330;247;237;223;241;108;79;87;102
708.0;346;328;247;237;223;241;108;84;81;105
714.0;350;326;245;237;221;243;107;85;81;105
720.0;349;323;251;239;221;240;107;88;77;105
726.0;348;327;252;241;222;237;104;87;79;103
732.0;353;326;253;240;224;233;110;91;72;98
738.0;350;329;249;239;225;231;113;97;72;95
744.0;353;329;244;235;226;236;112;99;71;95
750.0;354;325;244;234;227;236;111;97;75;97
756.0;354;324;243;231;227;233;115;100;76;97
762.0;351;324;241;230;231;230;114;105;75;99
768.0;349;324;244;232;233;231;113;100;75;99
774.0;350;323;244;233;232;234;113;98;77;96
780.0;355;324;242;230;237;230;109;96;80;97
786.0;364;326;244;228;231;237;102;96;76;96
792.0;365;326;239;230;233;238;102;95;75;97
798.0;365;324;234;231;231;244;103;94;76;98
804.0;369;323;234;230;234;241;104;92;75;98
810.0;370;326;230;226;236;244;104;93;71;100
816.0;369;329;230;226;234;246;100;93;74;99
822.0;370;333;229;218;232;244;101;94;75;104
828.0;371;331;227;211;231;243;108;95;76;107
834.0;370;333;229;214;227;245;104;100;78;100
840.0;368;333;235;211;229;243;100;96;81;104
846.0;369;336;237;207;219;244;100;97;85;106
852.0;368;334;236;207;223;242;103;92;89;106
858.0;365;332;240;205;222;247;108;88;90;103
864.0;371;332;240;202;220;250;107;88;89;101
870.0;368;335;242;199;222;249;108;88;92;97
876.0;368;337;244;195;220;251;105;88;95;97
882.0;368;337;244;201;216;251;102;91;94;96
888.0;367;339;243;209;217;247;101;90;94;93
894.0;366;337;239;210;217;252;101;92;96;90
900.0;370;339;237;205;217;257;95;89;94;97
906.0;368;345;236;206;219;255;94;91;91;95
912.0;370;344;239;208;213;257;93;89;92;95
918.0;374;344;240;209;213;255;94;89;92;90
924.0;378;338;235;210;215;255;95;90;95;89
930.0;378;333;228;216;215;256;94;93;93;94
936.0;384;332;228;216;213;252;98;90;94;93
942.0;383;334;227;221;213;250;96;88;94;94
948.0;379;336;225;225;214;248;94;92;94;93
954.0;383;336;220;225;212;247;94;91;100;92
960.0;383;344;222;216;212;249;93;88;102;91
966.0;384;348;218;216;215;251;92;89;99;88
972.0;378;352;219;207;219;249;89;95;99;93
978.0;380;354;214;203;218;250;93;100;97;91
984.0;380;353;215;206;218;250;93;98;99;88
990.0;378;358;214;204;218;250;93;96;101;88
996.0;378;356;216;207;214;247;93;93;103;93
1002.0;374;364;217;209;215;247;89;93;102;90
1008.0;377;365;218;205;218;245;88;91;99;94
1014.0;381;360;218;204;215;242;84;93;97;106
1020.0;387;359;214;203;217;238;84;98;92;108
1026.0;391;357;217;198;217;237;91;93;90;109
1032.0;391;359;217;202;211;243;87;93;90;107
1038.0;391;355;221;202;211;245;84;94;93;104
1044.0;393;351;222;204;213;245;84;91;92;105
1050.0;391;350;227;212;204;247;83;92;91;103
1056.0;389;352;225;210;204;242;85;92;100;101
1062.0;386;351;225;210;205;243;82;92;100;106
1068.0;393;346;224;210;206;241;87;91;103;99
1074.0;396;345;224;211;206;237;91;91;103;96
1080.0;398;342;225;211;206;241;88;88;104;97
1086.0;395;348;225;214;204;244;88;89;99;94
1092.0;399;345;224;210;199;248;87;92;97;99
1098.0;398;346;224;213;203;247;83;89;97;100
1104.0;394;345;225;215;200;250;83;93;95;100
1110.0;394;345;226;209;200;250;83;92;99;102
1116.0;394;346;223;208;201;250;86;87;101;104
1122.0;392;345;225;208;201;252;85;83;101;108
1128.0;390;346;224;205;201;250;88;86;99;111
1134.0;391;347;220;202;198;253;84;90;98;117
1140.0;391;347;221;201;199;251;79;95;97;119
1146.0;389;348;220;198;201;249;82;94;100;119
1152.0;384;350;218;201;202;249;81;95;102;118
1158.0;380;353;218;202;206;244;79;100;102;116
1164.0;378;355;220;204;199;241;76;103;107;117
1170.0;375;358;216;209;203;239;75;108;104;113
1176.0;376;359;216;211;204;233;76;107;103;115
1182.0;376;355;221;214;205;235;72;103;102;117
1188.0;377;356;223;215;204;236;73;108;94;114
1194.0;376;362;222;214;200;239;76;107;85;119
1200.0;377;363;226;214;199;235;80;107;82;117
1206.0;374;361;229;215;197;237;81;108;82;116
1212.0;374;361;230;214;195;233;85;110;86;112
1218.0;373;356;241;212;198;233;83;112;86;106
1224.0;374;358;242;210;198;233;88;112;84;101
1230.0;375;355;244;210;201;232;87;107;90;99
1236.0;376;354;246;208;199;235;87;109;91;95
1242.0;380;355;248;210;194;236;82;110;93;92
1248.0;379;355;246;206;197;235;83;109;97;93
1254.0;382;354;248;206;202;231;83;104;101;89
1260.0;384;354;249;207;202;232;82;101;100;89
1266.0;384;350;246;211;205;232;85;96;100;91
1272.0;386;352;245;208;209;225;91;97;97;90
1278.0;385;353;246;213;210;225;88;97;92;91
1284.0;388;353;245;213;213;222;86;98;90;92
1290.0;387;355;253;213;216;218;81;92;94;91
1296.0;387;354;252;210;218;219;83;93;94;90
1302.0;386;355;252;215;212;219;84;96;98;83
1308.0;388;354;251;214;212;217;86;94;98;86
1314.0;384;353;250;214;216;216;85;98;96;88
1320.0;384;355;248;214;216;215;88;100;94;86
1326.0;381;356;241;219;218;217;88;100;94;86
1332.0;389;352;245;213;215;219;88;101;97;81
1338.0;390;353;248;213;211;221;85;100;98;81
1344.0;388;357;252;212;209;217;85;99;99;82
1350.0;391;352;254;213;208;220;87;99;98;78
1356.0;388;348;258;209;208;219;91;102;96;81
1362.0;389;347;257;209;203;217;95;103;94;86
1368.0;389;346;260;213;204;215;92;99;95;87
1374.0;387;348;258;209;205;214;96;100;99;84
1380.0;388;348;256;210;208;214;95;97;97;87
1386.0;379;351;257;214;207;215;97;95;97;88
1392.0;376;355;252;217;213;217;90;95;97;88
1398.0;376;357;249;215;213;219;89;98;93;91
1404.0;377;353;250;218;208;223;90;98;91;92
1410.0;380;353;251;220;205;221;91;95;93;91
1416.0;378;355;252;216;205;226;95;91;96;86
1422.0;378;351;254;212;208;229;97;89;95;87
1428.0;375;352;252;209;217;231;97;91;93;83
1434.0;375;355;253;206;216;230;96;95;92;82
1440.0;379;350;253;211;216;228;94;93;92;84
1446.0;373;348;257;214;217;226;94;98;87;86
1452.0;372;349;253;218;217;231;92;95;89;84
1458.0;372;359;250;218;211;228;100;95;84;83
1464.0;371;358;251;223;212;230;102;88;83;82
1470.0;371;357;251;227;214;229;101;88;82;80
1476.0;372;355;250;227;219;231;100;86;80;80
1482.0;370;354;253;231;219;227;106;88;76;76
1488.0;372;353;253;231;215;229;107;89;74;77
1494.0;374;354;259;231;212;224;110;86;74;76
1500.0;369;352;262;233;210;226;109;92;70;77
1506.0;368;355;259;233;208;227;106;92;71;81
1512.0;368;358;260;228;205;226;108;94;71;82
1518.0;367;358;258;229;211;223;105;93;73;83
1524.0;366;357;255;232;208;217;112;92;72;89
1530.0;369;362;254;227;206;224;109;92;69;88
1536.0;373;362;255;229;202;225;106;90;70;88
1542.0;371;365;254;229;202;228;106;87;70;88
1548.0;373;364;250;229;201;228;106;88;71;90
1554.0;372;369;247;233;196;229;105;87;72;90
1560.0;379;365;246;232;195;235;102;86;72;88
1566.0;382;369;244;229;194;238;98;83;75;88
1572.0;380;371;240;230;190;240;96;86;76;91
1578.0;382;369;241;228;192;241;90;82;79;96
1584.0;382;370;241;229;192;244;87;78;83;94
1590.0;383;367;246;227;191;250;86;77;81;92
1596.0;383;366;245;229;188;251;85;80;82;91
1602.0;382;366;248;228;187;252;84;76;86;91
1608.0;380;366;251;233;188;254;81;75;84;88
1614.0;384;366;252;234;185;250;79;76;83;91
1620.0;388;362;244;232;187;252;79;80;83;93
1626.0;385;363;241;234;184;254;83;83;82;91
1632.0;387;366;241;232;190;249;80;81;84;90
1638.0;388;365;238;234;194;249;79;80;88;85
1644.0;389;367;240;235;197;250;73;73;90;86
1650.0;391;362;233;239;201;249;78;72;88;87
1656.0;394;364;234;237;198;242;80;74;89;88
1662.0;392;365;232;238;199;242;82;77;86;87
1668.0;390;367;229;235;197;243;80;79;88;92
1674.0;390;368;232;234;199;239;79;82;84;93
1680.0;381;373;234;233;195;244;78;80;88;94
1686.0;384;376;231;235;195;243;78;82;89;87
1692.0;385;376;228;236;194;246;77;84;84;90
1698.0;387;369;234;234;194;247;74;86;84;91
1704.0;389;368;237;232;194;253;76;79;83;89
1710.0;387;371;237;233;199;253;74;80;81;85
1716.0;384;368;238;228;202;256;75;81;82;86
1722.0;382;366;240;232;202;259;72;78;83;86
1728.0;382;364;242;239;202;258;68;79;79;87
1734.0;380;369;237;233;207;259;71;82;80;82
1740.0;374;364;240;237;202;267;73;81;76;86
1746.0;376;360;240;242;202;260;76;80;77;87
1752.0;378;360;236;245;205;258;75;83;75;85
1758.0;382;363;240;246;204;258;72;82;73;80
1764.0;383;359;239;242;208;258;69;86;76;80
1770.0;382;361;235;240;210;256;73;87;76;80
1776.0;381;365;234;238;214;254;73;87;74;80
1782.0;385;363;242;235;212;254;74;90;68;77
1788.0;384;364;241;237;214;256;75;86;64;79
1794.0;386;363;242;231;222;249;79;83;66;79
